2025-09-03 19:17:42,049 INFO o.a.j.u.JMeterUtils: Setting Locale to en_EN
2025-09-03 19:17:42,091 INFO o.a.j.JMeter: Loading user properties from: C:\Program Files\apache-jmeter-5.6.3\bin\user.properties
2025-09-03 19:17:42,091 INFO o.a.j.JMeter: Loading system properties from: C:\Program Files\apache-jmeter-5.6.3\bin\system.properties
2025-09-03 19:17:42,120 INFO o.a.j.JMeter: Copyright (c) 1998-2024 The Apache Software Foundation
2025-09-03 19:17:42,121 INFO o.a.j.JMeter: Version 5.6.3
2025-09-03 19:17:42,121 INFO o.a.j.JMeter: java.version=17.0.13
2025-09-03 19:17:42,121 INFO o.a.j.JMeter: java.vm.name=Java HotSpot(TM) 64-Bit Server VM
2025-09-03 19:17:42,121 INFO o.a.j.JMeter: os.name=Windows 11
2025-09-03 19:17:42,121 INFO o.a.j.JMeter: os.arch=amd64
2025-09-03 19:17:42,121 INFO o.a.j.JMeter: os.version=10.0
2025-09-03 19:17:42,121 INFO o.a.j.JMeter: file.encoding=Cp1252
2025-09-03 19:17:42,121 INFO o.a.j.JMeter: java.awt.headless=true
2025-09-03 19:17:42,121 INFO o.a.j.JMeter: Max memory     =1073741824
2025-09-03 19:17:42,121 INFO o.a.j.JMeter: Available Processors =12
2025-09-03 19:17:42,148 INFO o.a.j.JMeter: Default Locale=English (EN)
2025-09-03 19:17:42,149 INFO o.a.j.JMeter: JMeter  Locale=English (EN)
2025-09-03 19:17:42,149 INFO o.a.j.JMeter: JMeterHome=C:\Program Files\apache-jmeter-5.6.3
2025-09-03 19:17:42,149 INFO o.a.j.JMeter: user.dir  =D:\JMETER_TESTING\BUZZ_APP_STRESS_TEST
2025-09-03 19:17:42,149 INFO o.a.j.JMeter: PWD       =D:\JMETER_TESTING\BUZZ_APP_STRESS_TEST
2025-09-03 19:17:42,151 INFO o.a.j.JMeter: IP: 192.168.29.22 Name: RAVI FullName: RAVI
2025-09-03 19:17:42,182 INFO o.a.j.JMeter: Setting property 'jmeter.reportgenerator.outputdir' to:'D:\JMETER_TESTING\BUZZ_APP_STRESS_TEST\results\call_storm_report_20250309_191740'
2025-09-03 19:17:42,185 INFO o.a.j.s.FileServer: Default base='D:\JMETER_TESTING\BUZZ_APP_STRESS_TEST'
2025-09-03 19:17:42,189 INFO o.a.j.s.FileServer: Set new base='D:\JMETER_TESTING\BUZZ_APP_STRESS_TEST'
2025-09-03 19:17:42,655 INFO o.a.j.s.SaveService: Testplan (JMX) version: 2.2. Testlog (JTL) version: 2.2
2025-09-03 19:17:42,698 INFO o.a.j.s.SaveService: Using SaveService properties version 5.0
2025-09-03 19:17:42,701 INFO o.a.j.s.SaveService: Using SaveService properties file encoding UTF-8
2025-09-03 19:17:42,704 INFO o.a.j.s.SaveService: Loading file: BUZZ_CALL_STORM_STRESS_TEST.jmx
2025-09-03 19:17:42,873 INFO o.a.j.JMeter: Creating summariser <summary>
2025-09-03 19:17:42,885 INFO o.a.j.r.d.ReportGenerator: ReportGenerator will use for Parsing the separator: ','
2025-09-03 19:17:42,885 INFO o.a.j.r.d.ReportGenerator: Will generate report at end of test from  results file: results\call_storm_20250309_191740.jtl
2025-09-03 19:17:42,885 INFO o.a.j.r.d.ReportGenerator: Reading report generator properties from: C:\Program Files\apache-jmeter-5.6.3\bin\reportgenerator.properties
2025-09-03 19:17:42,886 INFO o.a.j.r.d.ReportGenerator: Merging with JMeter properties
2025-09-03 19:17:42,891 INFO o.a.j.r.c.ReportGeneratorConfiguration: Property 'jmeter.reportgenerator.temp_dir' not found, using default value 'temp' instead.
2025-09-03 19:17:42,895 INFO o.a.j.r.c.ReportGeneratorConfiguration: Property 'jmeter.reportgenerator.apdex_per_transaction' not found, using default value 'null' instead.
2025-09-03 19:17:42,902 INFO o.a.j.r.c.ReportGeneratorConfiguration: apdex_per_transaction is empty, not APDEX per transaction customization
2025-09-03 19:17:42,902 INFO o.a.j.r.c.ReportGeneratorConfiguration: Property 'jmeter.reportgenerator.sample_filter' not found, using default value 'null' instead.
2025-09-03 19:17:42,902 INFO o.a.j.r.c.ReportGeneratorConfiguration: Property 'jmeter.reportgenerator.report_title' not found, using default value 'null' instead.
2025-09-03 19:17:42,903 INFO o.a.j.r.c.ReportGeneratorConfiguration: Property 'jmeter.reportgenerator.start_date' not found, using default value 'null' instead.
2025-09-03 19:17:42,903 INFO o.a.j.r.c.ReportGeneratorConfiguration: Property 'jmeter.reportgenerator.end_date' not found, using default value 'null' instead.
2025-09-03 19:17:42,903 INFO o.a.j.r.c.ReportGeneratorConfiguration: Property 'jmeter.reportgenerator.date_format' not found, using default value 'null' instead.
2025-09-03 19:17:42,903 INFO o.a.j.r.c.ReportGeneratorConfiguration: Will use date range start date: null, end date: null
2025-09-03 19:17:42,909 INFO o.a.j.r.c.ReportGeneratorConfiguration: Property 'jmeter.reportgenerator.graph.totalTPS.exclude_controllers' not found, using default value 'false' instead.
2025-09-03 19:17:42,909 INFO o.a.j.r.c.ReportGeneratorConfiguration: Property 'jmeter.reportgenerator.graph.activeThreadsOverTime.exclude_controllers' not found, using default value 'false' instead.
2025-09-03 19:17:42,909 INFO o.a.j.r.c.ReportGeneratorConfiguration: Property 'jmeter.reportgenerator.graph.timeVsThreads.exclude_controllers' not found, using default value 'false' instead.
2025-09-03 19:17:42,909 INFO o.a.j.r.c.ReportGeneratorConfiguration: Property 'jmeter.reportgenerator.graph.responseTimeDistribution.exclude_controllers' not found, using default value 'false' instead.
2025-09-03 19:17:42,910 INFO o.a.j.r.c.ReportGeneratorConfiguration: Property 'jmeter.reportgenerator.graph.transactionsPerSecond.exclude_controllers' not found, using default value 'false' instead.
2025-09-03 19:17:42,910 INFO o.a.j.r.c.ReportGeneratorConfiguration: Property 'jmeter.reportgenerator.graph.responseTimePercentiles.exclude_controllers' not found, using default value 'false' instead.
2025-09-03 19:17:42,910 INFO o.a.j.r.c.ReportGeneratorConfiguration: Property 'jmeter.reportgenerator.graph.responseTimePercentilesOverTime.exclude_controllers' not found, using default value 'false' instead.
2025-09-03 19:17:42,910 INFO o.a.j.r.c.ReportGeneratorConfiguration: Property 'jmeter.reportgenerator.graph.responseTimesOverTime.exclude_controllers' not found, using default value 'false' instead.
2025-09-03 19:17:42,910 INFO o.a.j.r.c.ReportGeneratorConfiguration: Property 'jmeter.reportgenerator.graph.connectTimeOverTime.exclude_controllers' not found, using default value 'false' instead.
2025-09-03 19:17:42,911 INFO o.a.j.r.c.ReportGeneratorConfiguration: Property 'jmeter.reportgenerator.graph.latenciesOverTime.exclude_controllers' not found, using default value 'false' instead.
2025-09-03 19:17:42,912 INFO o.a.j.r.c.ReportGeneratorConfiguration: Property 'jmeter.reportgenerator.exporter.json.filters_only_sample_series' not found, using default value 'true' instead.
2025-09-03 19:17:42,912 INFO o.a.j.r.c.ReportGeneratorConfiguration: Property 'jmeter.reportgenerator.exporter.json.series_filter' not found, using default value '' instead.
2025-09-03 19:17:42,912 INFO o.a.j.r.c.ReportGeneratorConfiguration: Property 'jmeter.reportgenerator.exporter.json.show_controllers_only' not found, using default value 'false' instead.
2025-09-03 19:17:42,912 INFO o.a.j.r.c.ReportGeneratorConfiguration: Property 'jmeter.reportgenerator.exporter.html.filters_only_sample_series' not found, using default value 'true' instead.
2025-09-03 19:17:42,912 INFO o.a.j.r.c.ReportGeneratorConfiguration: Property 'jmeter.reportgenerator.exporter.html.series_filter' not found, using default value '' instead.
2025-09-03 19:17:42,913 INFO o.a.j.r.c.ReportGeneratorConfiguration: Property 'jmeter.reportgenerator.exporter.html.show_controllers_only' not found, using default value 'false' instead.
2025-09-03 19:17:42,929 INFO o.a.j.e.StandardJMeterEngine: Running the test!
2025-09-03 19:17:42,929 INFO o.a.j.s.SampleEvent: List of sample_variables: []
2025-09-03 19:17:42,929 INFO o.a.j.s.SampleEvent: List of sample_variables: []
2025-09-03 19:17:42,937 INFO o.a.j.e.u.CompoundVariable: Note: Function class names must contain the string: '.functions.'
2025-09-03 19:17:42,937 INFO o.a.j.e.u.CompoundVariable: Note: Function class names must not contain the string: '.gui.'
2025-09-03 19:17:42,997 INFO o.a.j.r.ClassFinder: Will scan jar C:\Program Files\apache-jmeter-5.6.3\lib\ext\jmeter-websocket-samplers-1.3.1.jar with filter ExtendsClassFilter [parents=[interface org.apache.jmeter.functions.Function], inner=false, contains=null, notContains=null]. Consider exposing JMeter plugins via META-INF/services, and add JMeter-Skip-Class-Scanning=true manifest attribute so JMeter can skip classfile scanning
2025-09-03 19:17:43,020 INFO o.a.j.r.ClassFinder: Will scan jar C:\Program Files\apache-jmeter-5.6.3\lib\ext\json-lib-2.4-jdk15.jar with filter ExtendsClassFilter [parents=[interface org.apache.jmeter.functions.Function], inner=false, contains=null, notContains=null]. Consider exposing JMeter plugins via META-INF/services, and add JMeter-Skip-Class-Scanning=true manifest attribute so JMeter can skip classfile scanning
2025-09-03 19:17:43,043 INFO o.a.j.r.ClassFinder: Will scan jar C:\Program Files\apache-jmeter-5.6.3\lib\ext\jmeter-plugins-manager.jar with filter ExtendsClassFilter [parents=[interface org.apache.jmeter.functions.Function], inner=false, contains=null, notContains=null]. Consider exposing JMeter plugins via META-INF/services, and add JMeter-Skip-Class-Scanning=true manifest attribute so JMeter can skip classfile scanning
2025-09-03 19:17:43,435 INFO o.a.j.JMeter: Running test (1756907263435)
2025-09-03 19:17:43,463 INFO o.a.j.e.StandardJMeterEngine: Starting ThreadGroup: 1 : Heavy Callers (24 users)
2025-09-03 19:17:43,463 INFO o.a.j.e.StandardJMeterEngine: Starting 24 threads for group Heavy Callers (24 users).
2025-09-03 19:17:43,463 INFO o.a.j.e.StandardJMeterEngine: Thread will continue on error
2025-09-03 19:17:43,463 INFO o.a.j.t.ThreadGroup: Starting thread group... number=1 threads=24 ramp-up=10 delayedStart=false
2025-09-03 19:17:43,505 INFO o.a.j.t.ThreadGroup: Started thread group number 1
2025-09-03 19:17:43,505 INFO o.a.j.e.StandardJMeterEngine: Starting ThreadGroup: 2 : Regular Callers (72 users)
2025-09-03 19:17:43,505 INFO o.a.j.e.StandardJMeterEngine: Starting 72 threads for group Regular Callers (72 users).
2025-09-03 19:17:43,505 INFO o.a.j.e.StandardJMeterEngine: Thread will continue on error
2025-09-03 19:17:43,505 INFO o.a.j.t.ThreadGroup: Starting thread group... number=2 threads=72 ramp-up=15 delayedStart=false
2025-09-03 19:17:43,513 INFO o.a.j.t.JMeterThread: Thread started: Regular Callers (72 users) 2-1
2025-09-03 19:17:43,513 INFO o.a.j.t.JMeterThread: Thread started: Heavy Callers (24 users) 1-1
2025-09-03 19:17:43,531 INFO o.a.j.s.FileServer: Stored: stress_test_users_120.csv
2025-09-03 19:17:43,584 INFO o.a.j.t.ThreadGroup: Started thread group number 2
2025-09-03 19:17:43,584 INFO o.a.j.e.StandardJMeterEngine: Starting ThreadGroup: 3 : Call Receivers (24 users)
2025-09-03 19:17:43,585 INFO o.a.j.e.StandardJMeterEngine: Starting 24 threads for group Call Receivers (24 users).
2025-09-03 19:17:43,585 INFO o.a.j.e.StandardJMeterEngine: Thread will continue on error
2025-09-03 19:17:43,585 INFO o.a.j.t.ThreadGroup: Starting thread group... number=3 threads=24 ramp-up=20 delayedStart=false
2025-09-03 19:17:43,588 INFO o.a.j.t.JMeterThread: Thread started: Call Receivers (24 users) 3-1
2025-09-03 19:17:43,619 INFO o.a.j.t.ThreadGroup: Started thread group number 3
2025-09-03 19:17:43,619 INFO o.a.j.e.StandardJMeterEngine: All thread groups have been started
2025-09-03 19:17:43,718 INFO o.a.j.t.JMeterThread: Thread started: Regular Callers (72 users) 2-2
2025-09-03 19:17:43,920 INFO o.a.j.t.JMeterThread: Thread started: Heavy Callers (24 users) 1-2
2025-09-03 19:17:43,927 INFO o.a.j.t.JMeterThread: Thread started: Regular Callers (72 users) 2-3
2025-09-03 19:17:44,134 INFO o.a.j.t.JMeterThread: Thread started: Regular Callers (72 users) 2-4
2025-09-03 19:17:44,337 INFO o.a.j.t.JMeterThread: Thread started: Heavy Callers (24 users) 1-3
2025-09-03 19:17:44,343 INFO o.a.j.t.JMeterThread: Thread started: Regular Callers (72 users) 2-5
2025-09-03 19:17:44,423 INFO o.a.j.t.JMeterThread: Thread started: Call Receivers (24 users) 3-2
2025-09-03 19:17:44,549 INFO o.a.j.t.JMeterThread: Thread started: Regular Callers (72 users) 2-6
2025-09-03 19:17:44,662 INFO o.a.j.s.SampleResult: Note: Sample TimeStamps are START times
2025-09-03 19:17:44,662 INFO o.a.j.s.SampleResult: sampleresult.default.encoding is set to UTF-8
2025-09-03 19:17:44,662 INFO o.a.j.s.SampleResult: sampleresult.useNanoTime=true
2025-09-03 19:17:44,662 INFO o.a.j.s.SampleResult: sampleresult.nanoThreadSleep=5000
2025-09-03 19:17:44,751 INFO o.a.j.t.JMeterThread: Thread started: Heavy Callers (24 users) 1-4
2025-09-03 19:17:44,758 INFO o.a.j.t.JMeterThread: Thread started: Regular Callers (72 users) 2-7
2025-09-03 19:17:44,964 INFO o.a.j.t.JMeterThread: Thread started: Regular Callers (72 users) 2-8
2025-09-03 19:17:45,168 INFO o.a.j.t.JMeterThread: Thread started: Heavy Callers (24 users) 1-5
2025-09-03 19:17:45,176 INFO o.a.j.t.JMeterThread: Thread started: Regular Callers (72 users) 2-9
2025-09-03 19:17:45,255 INFO o.a.j.t.JMeterThread: Thread started: Call Receivers (24 users) 3-3
2025-09-03 19:17:45,382 INFO o.a.j.t.JMeterThread: Thread started: Regular Callers (72 users) 2-10
2025-09-03 19:17:45,585 INFO o.a.j.t.JMeterThread: Thread started: Heavy Callers (24 users) 1-6
2025-09-03 19:17:45,588 INFO o.a.j.t.JMeterThread: Thread started: Regular Callers (72 users) 2-11
2025-09-03 19:17:45,797 INFO o.a.j.t.JMeterThread: Thread started: Regular Callers (72 users) 2-12
2025-09-03 19:17:46,000 INFO o.a.j.t.JMeterThread: Thread started: Heavy Callers (24 users) 1-7
2025-09-03 19:17:46,005 INFO o.a.j.t.JMeterThread: Thread started: Regular Callers (72 users) 2-13
2025-09-03 19:17:46,088 INFO o.a.j.t.JMeterThread: Thread started: Call Receivers (24 users) 3-4
2025-09-03 19:17:46,212 INFO o.a.j.t.JMeterThread: Thread started: Regular Callers (72 users) 2-14
2025-09-03 19:17:46,417 INFO o.a.j.t.JMeterThread: Thread started: Heavy Callers (24 users) 1-8
2025-09-03 19:17:46,420 INFO o.a.j.t.JMeterThread: Thread started: Regular Callers (72 users) 2-15
2025-09-03 19:17:46,628 INFO o.a.j.t.JMeterThread: Thread started: Regular Callers (72 users) 2-16
2025-09-03 19:17:46,831 INFO o.a.j.t.JMeterThread: Thread started: Heavy Callers (24 users) 1-9
2025-09-03 19:17:46,836 INFO o.a.j.t.JMeterThread: Thread started: Regular Callers (72 users) 2-17
2025-09-03 19:17:46,929 INFO o.a.j.t.JMeterThread: Thread started: Call Receivers (24 users) 3-5
2025-09-03 19:17:47,045 INFO o.a.j.t.JMeterThread: Thread started: Regular Callers (72 users) 2-18
2025-09-03 19:17:47,249 INFO o.a.j.t.JMeterThread: Thread started: Heavy Callers (24 users) 1-10
2025-09-03 19:17:47,254 INFO o.a.j.t.JMeterThread: Thread started: Regular Callers (72 users) 2-19
2025-09-03 19:17:47,460 INFO o.a.j.t.JMeterThread: Thread started: Regular Callers (72 users) 2-20
2025-09-03 19:17:47,657 INFO o.a.j.t.JMeterThread: Thread started: Heavy Callers (24 users) 1-11
2025-09-03 19:17:47,669 INFO o.a.j.t.JMeterThread: Thread started: Regular Callers (72 users) 2-21
2025-09-03 19:17:47,761 INFO o.a.j.t.JMeterThread: Thread started: Call Receivers (24 users) 3-6
2025-09-03 19:17:47,877 INFO o.a.j.t.JMeterThread: Thread started: Regular Callers (72 users) 2-22
2025-09-03 19:17:48,072 INFO o.a.j.t.JMeterThread: Thread started: Heavy Callers (24 users) 1-12
2025-09-03 19:17:48,084 INFO o.a.j.t.JMeterThread: Thread started: Regular Callers (72 users) 2-23
2025-09-03 19:17:48,295 INFO o.a.j.t.JMeterThread: Thread started: Regular Callers (72 users) 2-24
2025-09-03 19:17:48,483 INFO o.a.j.t.JMeterThread: Thread started: Heavy Callers (24 users) 1-13
2025-09-03 19:17:48,502 INFO o.a.j.t.JMeterThread: Thread started: Regular Callers (72 users) 2-25
2025-09-03 19:17:48,595 INFO o.a.j.t.JMeterThread: Thread started: Call Receivers (24 users) 3-7
2025-09-03 19:17:48,710 INFO o.a.j.t.JMeterThread: Thread started: Regular Callers (72 users) 2-26
2025-09-03 19:17:48,903 INFO o.a.j.t.JMeterThread: Thread started: Heavy Callers (24 users) 1-14
2025-09-03 19:17:48,917 INFO o.a.j.t.JMeterThread: Thread started: Regular Callers (72 users) 2-27
2025-09-03 19:17:49,126 INFO o.a.j.t.JMeterThread: Thread started: Regular Callers (72 users) 2-28
2025-09-03 19:17:49,317 INFO o.a.j.t.JMeterThread: Thread started: Heavy Callers (24 users) 1-15
2025-09-03 19:17:49,333 INFO o.a.j.t.JMeterThread: Thread started: Regular Callers (72 users) 2-29
2025-09-03 19:17:49,418 INFO o.a.j.t.JMeterThread: Thread started: Call Receivers (24 users) 3-8
2025-09-03 19:17:49,540 INFO o.a.j.t.JMeterThread: Thread started: Regular Callers (72 users) 2-30
2025-09-03 19:17:49,731 INFO o.a.j.t.JMeterThread: Thread started: Heavy Callers (24 users) 1-16
2025-09-03 19:17:49,749 INFO o.a.j.t.JMeterThread: Thread started: Regular Callers (72 users) 2-31
2025-09-03 19:17:49,958 INFO o.a.j.t.JMeterThread: Thread started: Regular Callers (72 users) 2-32
2025-09-03 19:17:50,149 INFO o.a.j.t.JMeterThread: Thread started: Heavy Callers (24 users) 1-17
2025-09-03 19:17:50,165 INFO o.a.j.t.JMeterThread: Thread started: Regular Callers (72 users) 2-33
2025-09-03 19:17:50,251 INFO o.a.j.t.JMeterThread: Thread started: Call Receivers (24 users) 3-9
2025-09-03 19:17:50,372 INFO o.a.j.t.JMeterThread: Thread started: Regular Callers (72 users) 2-34
2025-09-03 19:17:50,562 INFO o.a.j.t.JMeterThread: Thread started: Heavy Callers (24 users) 1-18
2025-09-03 19:17:50,581 INFO o.a.j.t.JMeterThread: Thread started: Regular Callers (72 users) 2-35
2025-09-03 19:17:50,787 INFO o.a.j.t.JMeterThread: Thread started: Regular Callers (72 users) 2-36
2025-09-03 19:17:50,980 INFO o.a.j.t.JMeterThread: Thread started: Heavy Callers (24 users) 1-19
2025-09-03 19:17:50,996 INFO o.a.j.t.JMeterThread: Thread started: Regular Callers (72 users) 2-37
2025-09-03 19:17:51,084 INFO o.a.j.t.JMeterThread: Thread started: Call Receivers (24 users) 3-10
2025-09-03 19:17:51,204 INFO o.a.j.t.JMeterThread: Thread started: Regular Callers (72 users) 2-38
2025-09-03 19:17:51,395 INFO o.a.j.t.JMeterThread: Thread started: Heavy Callers (24 users) 1-20
2025-09-03 19:17:51,412 INFO o.a.j.t.JMeterThread: Thread started: Regular Callers (72 users) 2-39
2025-09-03 19:17:51,620 INFO o.a.j.t.JMeterThread: Thread started: Regular Callers (72 users) 2-40
2025-09-03 19:17:51,812 INFO o.a.j.t.JMeterThread: Thread started: Heavy Callers (24 users) 1-21
2025-09-03 19:17:51,827 INFO o.a.j.t.JMeterThread: Thread started: Regular Callers (72 users) 2-41
2025-09-03 19:17:51,917 INFO o.a.j.t.JMeterThread: Thread started: Call Receivers (24 users) 3-11
2025-09-03 19:17:52,036 INFO o.a.j.t.JMeterThread: Thread started: Regular Callers (72 users) 2-42
2025-09-03 19:17:52,226 INFO o.a.j.t.JMeterThread: Thread started: Heavy Callers (24 users) 1-22
2025-09-03 19:17:52,243 INFO o.a.j.t.JMeterThread: Thread started: Regular Callers (72 users) 2-43
2025-09-03 19:17:52,452 INFO o.a.j.t.JMeterThread: Thread started: Regular Callers (72 users) 2-44
2025-09-03 19:17:52,642 INFO o.a.j.t.JMeterThread: Thread started: Heavy Callers (24 users) 1-23
2025-09-03 19:17:52,659 INFO o.a.j.t.JMeterThread: Thread started: Regular Callers (72 users) 2-45
2025-09-03 19:17:52,751 INFO o.a.j.t.JMeterThread: Thread started: Call Receivers (24 users) 3-12
2025-09-03 19:17:52,868 INFO o.a.j.t.JMeterThread: Thread started: Regular Callers (72 users) 2-46
2025-09-03 19:17:53,059 INFO o.a.j.t.JMeterThread: Thread started: Heavy Callers (24 users) 1-24
2025-09-03 19:17:53,076 INFO o.a.j.t.JMeterThread: Thread started: Regular Callers (72 users) 2-47
2025-09-03 19:17:53,283 INFO o.a.j.t.JMeterThread: Thread started: Regular Callers (72 users) 2-48
2025-09-03 19:17:53,492 INFO o.a.j.t.JMeterThread: Thread started: Regular Callers (72 users) 2-49
2025-09-03 19:17:53,586 INFO o.a.j.t.JMeterThread: Thread started: Call Receivers (24 users) 3-13
2025-09-03 19:17:53,701 INFO o.a.j.t.JMeterThread: Thread started: Regular Callers (72 users) 2-50
2025-09-03 19:17:53,909 INFO o.a.j.t.JMeterThread: Thread started: Regular Callers (72 users) 2-51
2025-09-03 19:17:54,117 INFO o.a.j.t.JMeterThread: Thread started: Regular Callers (72 users) 2-52
2025-09-03 19:17:54,324 INFO o.a.j.t.JMeterThread: Thread started: Regular Callers (72 users) 2-53
2025-09-03 19:17:54,420 INFO o.a.j.t.JMeterThread: Thread started: Call Receivers (24 users) 3-14
2025-09-03 19:17:54,533 INFO o.a.j.t.JMeterThread: Thread started: Regular Callers (72 users) 2-54
2025-09-03 19:17:54,740 INFO o.a.j.t.JMeterThread: Thread started: Regular Callers (72 users) 2-55
2025-09-03 19:17:54,948 INFO o.a.j.t.JMeterThread: Thread started: Regular Callers (72 users) 2-56
2025-09-03 19:17:55,157 INFO o.a.j.t.JMeterThread: Thread started: Regular Callers (72 users) 2-57
2025-09-03 19:17:55,250 INFO o.a.j.t.JMeterThread: Thread started: Call Receivers (24 users) 3-15
2025-09-03 19:17:55,365 INFO o.a.j.t.JMeterThread: Thread started: Regular Callers (72 users) 2-58
2025-09-03 19:17:55,539 ERROR o.a.j.p.j.s.JSR223Sampler: Problem in JSR223 script Process Call Decision, message: javax.script.ScriptException: org.codehaus.groovy.control.MultipleCompilationErrorsException: startup failed:
Script27.groovy: 1: Unexpected input: 'def' @ line 1, column 347.
   put("callerId", "unknown"); } def random
                                 ^

1 error

javax.script.ScriptException: org.codehaus.groovy.control.MultipleCompilationErrorsException: startup failed:
Script27.groovy: 1: Unexpected input: 'def' @ line 1, column 347.
   put("callerId", "unknown"); } def random
                                 ^

1 error

	at org.codehaus.groovy.jsr223.GroovyScriptEngineImpl.eval(GroovyScriptEngineImpl.java:158) ~[groovy-jsr223-3.0.20.jar:3.0.20]
	at java.scripting/javax.script.AbstractScriptEngine.eval(AbstractScriptEngine.java:231) ~[java.scripting:?]
	at org.apache.jmeter.util.JSR223TestElement.processFileOrScript(JSR223TestElement.java:232) ~[ApacheJMeter_core.jar:5.6.3]
	at org.apache.jmeter.protocol.java.sampler.JSR223Sampler.sample(JSR223Sampler.java:72) [ApacheJMeter_java.jar:5.6.3]
	at org.apache.jmeter.threads.JMeterThread.doSampling(JMeterThread.java:651) [ApacheJMeter_core.jar:5.6.3]
	at org.apache.jmeter.threads.JMeterThread.executeSamplePackage(JMeterThread.java:570) [ApacheJMeter_core.jar:5.6.3]
	at org.apache.jmeter.threads.JMeterThread.processSampler(JMeterThread.java:501) [ApacheJMeter_core.jar:5.6.3]
	at org.apache.jmeter.threads.JMeterThread.run(JMeterThread.java:268) [ApacheJMeter_core.jar:5.6.3]
	at java.base/java.lang.Thread.run(Thread.java:842) [?:?]
Caused by: org.codehaus.groovy.control.MultipleCompilationErrorsException: startup failed:
Script27.groovy: 1: Unexpected input: 'def' @ line 1, column 347.
   put("callerId", "unknown"); } def random
                                 ^

1 error

	at org.codehaus.groovy.control.ErrorCollector.failIfErrors(ErrorCollector.java:292) ~[groovy-3.0.20.jar:3.0.20]
	at org.codehaus.groovy.control.ErrorCollector.addFatalError(ErrorCollector.java:148) ~[groovy-3.0.20.jar:3.0.20]
	at org.apache.groovy.parser.antlr4.AstBuilder.collectSyntaxError(AstBuilder.java:4301) ~[groovy-3.0.20.jar:3.0.20]
	at org.apache.groovy.parser.antlr4.AstBuilder.access$000(AstBuilder.java:176) ~[groovy-3.0.20.jar:3.0.20]
	at org.apache.groovy.parser.antlr4.AstBuilder$1.syntaxError(AstBuilder.java:4312) ~[groovy-3.0.20.jar:3.0.20]
	at groovyjarjarantlr4.v4.runtime.ProxyErrorListener.syntaxError(ProxyErrorListener.java:44) ~[groovy-3.0.20.jar:3.0.20]
	at groovyjarjarantlr4.v4.runtime.Parser.notifyErrorListeners(Parser.java:543) ~[groovy-3.0.20.jar:3.0.20]
	at groovyjarjarantlr4.v4.runtime.DefaultErrorStrategy.notifyErrorListeners(DefaultErrorStrategy.java:154) ~[groovy-3.0.20.jar:3.0.20]
	at org.apache.groovy.parser.antlr4.internal.DescriptiveErrorStrategy.reportInputMismatch(DescriptiveErrorStrategy.java:103) ~[groovy-3.0.20.jar:3.0.20]
	at org.apache.groovy.parser.antlr4.internal.DescriptiveErrorStrategy.recover(DescriptiveErrorStrategy.java:55) ~[groovy-3.0.20.jar:3.0.20]
	at org.apache.groovy.parser.antlr4.internal.DescriptiveErrorStrategy.recoverInline(DescriptiveErrorStrategy.java:68) ~[groovy-3.0.20.jar:3.0.20]
	at groovyjarjarantlr4.v4.runtime.Parser.match(Parser.java:213) ~[groovy-3.0.20.jar:3.0.20]
	at org.apache.groovy.parser.antlr4.GroovyParser.compilationUnit(GroovyParser.java:362) ~[groovy-3.0.20.jar:3.0.20]
	at org.apache.groovy.parser.antlr4.AstBuilder.buildCST(AstBuilder.java:250) ~[groovy-3.0.20.jar:3.0.20]
	at org.apache.groovy.parser.antlr4.AstBuilder.buildCST(AstBuilder.java:228) ~[groovy-3.0.20.jar:3.0.20]
	at org.apache.groovy.parser.antlr4.AstBuilder.buildAST(AstBuilder.java:269) ~[groovy-3.0.20.jar:3.0.20]
	at org.apache.groovy.parser.antlr4.Antlr4ParserPlugin.buildAST(Antlr4ParserPlugin.java:58) ~[groovy-3.0.20.jar:3.0.20]
	at org.codehaus.groovy.control.SourceUnit.buildAST(SourceUnit.java:256) ~[groovy-3.0.20.jar:3.0.20]
	at java.base/java.util.Iterator.forEachRemaining(Iterator.java:133) ~[?:?]
	at java.base/java.util.Spliterators$IteratorSpliterator.forEachRemaining(Spliterators.java:1845) ~[?:?]
	at java.base/java.util.stream.ReferencePipeline$Head.forEach(ReferencePipeline.java:762) ~[?:?]
	at org.codehaus.groovy.control.CompilationUnit.buildASTs(CompilationUnit.java:667) ~[groovy-3.0.20.jar:3.0.20]
	at org.codehaus.groovy.control.CompilationUnit.compile(CompilationUnit.java:633) ~[groovy-3.0.20.jar:3.0.20]
	at groovy.lang.GroovyClassLoader.doParseClass(GroovyClassLoader.java:389) ~[groovy-3.0.20.jar:3.0.20]
	at groovy.lang.GroovyClassLoader.lambda$parseClass$3(GroovyClassLoader.java:332) ~[groovy-3.0.20.jar:3.0.20]
	at org.codehaus.groovy.runtime.memoize.StampedCommonCache.compute(StampedCommonCache.java:163) ~[groovy-3.0.20.jar:3.0.20]
	at org.codehaus.groovy.runtime.memoize.StampedCommonCache.getAndPut(StampedCommonCache.java:154) ~[groovy-3.0.20.jar:3.0.20]
	at groovy.lang.GroovyClassLoader.parseClass(GroovyClassLoader.java:330) ~[groovy-3.0.20.jar:3.0.20]
	at groovy.lang.GroovyClassLoader.parseClass(GroovyClassLoader.java:314) ~[groovy-3.0.20.jar:3.0.20]
	at groovy.lang.GroovyClassLoader.parseClass(GroovyClassLoader.java:257) ~[groovy-3.0.20.jar:3.0.20]
	at org.codehaus.groovy.jsr223.GroovyScriptEngineImpl.getScriptClass(GroovyScriptEngineImpl.java:336) ~[groovy-jsr223-3.0.20.jar:3.0.20]
	at org.codehaus.groovy.jsr223.GroovyScriptEngineImpl.eval(GroovyScriptEngineImpl.java:153) ~[groovy-jsr223-3.0.20.jar:3.0.20]
	... 8 more
2025-09-03 19:17:55,573 INFO o.a.j.t.JMeterThread: Thread started: Regular Callers (72 users) 2-59
2025-09-03 19:17:55,783 INFO o.a.j.t.JMeterThread: Thread started: Regular Callers (72 users) 2-60
2025-09-03 19:17:55,990 INFO o.a.j.t.JMeterThread: Thread started: Regular Callers (72 users) 2-61
2025-09-03 19:17:56,083 INFO o.a.j.t.JMeterThread: Thread started: Call Receivers (24 users) 3-16
2025-09-03 19:17:56,197 INFO o.a.j.t.JMeterThread: Thread started: Regular Callers (72 users) 2-62
2025-09-03 19:17:56,404 INFO o.a.j.t.JMeterThread: Thread started: Regular Callers (72 users) 2-63
2025-09-03 19:17:56,612 INFO o.a.j.t.JMeterThread: Thread started: Regular Callers (72 users) 2-64
2025-09-03 19:17:56,820 INFO o.a.j.t.JMeterThread: Thread started: Regular Callers (72 users) 2-65
2025-09-03 19:17:56,915 INFO o.a.j.t.JMeterThread: Thread started: Call Receivers (24 users) 3-17
2025-09-03 19:17:57,028 INFO o.a.j.t.JMeterThread: Thread started: Regular Callers (72 users) 2-66
2025-09-03 19:17:57,238 INFO o.a.j.t.JMeterThread: Thread started: Regular Callers (72 users) 2-67
2025-09-03 19:17:57,446 INFO o.a.j.t.JMeterThread: Thread started: Regular Callers (72 users) 2-68
2025-09-03 19:17:57,656 INFO o.a.j.t.JMeterThread: Thread started: Regular Callers (72 users) 2-69
2025-09-03 19:17:57,749 INFO o.a.j.t.JMeterThread: Thread started: Call Receivers (24 users) 3-18
2025-09-03 19:17:57,860 INFO o.a.j.t.JMeterThread: Thread started: Regular Callers (72 users) 2-70
2025-09-03 19:17:58,067 INFO o.a.j.t.JMeterThread: Thread started: Regular Callers (72 users) 2-71
2025-09-03 19:17:58,276 INFO o.a.j.t.JMeterThread: Thread started: Regular Callers (72 users) 2-72
2025-09-03 19:17:58,582 INFO o.a.j.t.JMeterThread: Thread started: Call Receivers (24 users) 3-19
2025-09-03 19:17:59,414 INFO o.a.j.t.JMeterThread: Thread started: Call Receivers (24 users) 3-20
2025-09-03 19:18:00,024 INFO o.a.j.r.Summariser: summary +    354 in 00:00:17 =   21.3/s Avg:   232 Min:     0 Max:  6003 Err:    10 (2.82%) Active: 116 Started: 116 Finished: 0
2025-09-03 19:18:00,247 INFO o.a.j.t.JMeterThread: Thread started: Call Receivers (24 users) 3-21
2025-09-03 19:18:01,080 INFO o.a.j.t.JMeterThread: Thread started: Call Receivers (24 users) 3-22
2025-09-03 19:18:01,338 ERROR o.a.j.p.j.s.JSR223Sampler: Problem in JSR223 script Process Call Decision, message: javax.script.ScriptException: org.codehaus.groovy.control.MultipleCompilationErrorsException: startup failed:
Script75.groovy: 1: Unexpected input: 'def' @ line 1, column 347.
   put("callerId", "unknown"); } def random
                                 ^

1 error

javax.script.ScriptException: org.codehaus.groovy.control.MultipleCompilationErrorsException: startup failed:
Script75.groovy: 1: Unexpected input: 'def' @ line 1, column 347.
   put("callerId", "unknown"); } def random
                                 ^

1 error

	at org.codehaus.groovy.jsr223.GroovyScriptEngineImpl.eval(GroovyScriptEngineImpl.java:158) ~[groovy-jsr223-3.0.20.jar:3.0.20]
	at java.scripting/javax.script.AbstractScriptEngine.eval(AbstractScriptEngine.java:231) ~[java.scripting:?]
	at org.apache.jmeter.util.JSR223TestElement.processFileOrScript(JSR223TestElement.java:232) ~[ApacheJMeter_core.jar:5.6.3]
	at org.apache.jmeter.protocol.java.sampler.JSR223Sampler.sample(JSR223Sampler.java:72) [ApacheJMeter_java.jar:5.6.3]
	at org.apache.jmeter.threads.JMeterThread.doSampling(JMeterThread.java:651) [ApacheJMeter_core.jar:5.6.3]
	at org.apache.jmeter.threads.JMeterThread.executeSamplePackage(JMeterThread.java:570) [ApacheJMeter_core.jar:5.6.3]
	at org.apache.jmeter.threads.JMeterThread.processSampler(JMeterThread.java:501) [ApacheJMeter_core.jar:5.6.3]
	at org.apache.jmeter.threads.JMeterThread.run(JMeterThread.java:268) [ApacheJMeter_core.jar:5.6.3]
	at java.base/java.lang.Thread.run(Thread.java:842) [?:?]
Caused by: org.codehaus.groovy.control.MultipleCompilationErrorsException: startup failed:
Script75.groovy: 1: Unexpected input: 'def' @ line 1, column 347.
   put("callerId", "unknown"); } def random
                                 ^

1 error

	at org.codehaus.groovy.control.ErrorCollector.failIfErrors(ErrorCollector.java:292) ~[groovy-3.0.20.jar:3.0.20]
	at org.codehaus.groovy.control.ErrorCollector.addFatalError(ErrorCollector.java:148) ~[groovy-3.0.20.jar:3.0.20]
	at org.apache.groovy.parser.antlr4.AstBuilder.collectSyntaxError(AstBuilder.java:4301) ~[groovy-3.0.20.jar:3.0.20]
	at org.apache.groovy.parser.antlr4.AstBuilder.access$000(AstBuilder.java:176) ~[groovy-3.0.20.jar:3.0.20]
	at org.apache.groovy.parser.antlr4.AstBuilder$1.syntaxError(AstBuilder.java:4312) ~[groovy-3.0.20.jar:3.0.20]
	at groovyjarjarantlr4.v4.runtime.ProxyErrorListener.syntaxError(ProxyErrorListener.java:44) ~[groovy-3.0.20.jar:3.0.20]
	at groovyjarjarantlr4.v4.runtime.Parser.notifyErrorListeners(Parser.java:543) ~[groovy-3.0.20.jar:3.0.20]
	at groovyjarjarantlr4.v4.runtime.DefaultErrorStrategy.notifyErrorListeners(DefaultErrorStrategy.java:154) ~[groovy-3.0.20.jar:3.0.20]
	at org.apache.groovy.parser.antlr4.internal.DescriptiveErrorStrategy.reportInputMismatch(DescriptiveErrorStrategy.java:103) ~[groovy-3.0.20.jar:3.0.20]
	at org.apache.groovy.parser.antlr4.internal.DescriptiveErrorStrategy.recover(DescriptiveErrorStrategy.java:55) ~[groovy-3.0.20.jar:3.0.20]
	at org.apache.groovy.parser.antlr4.internal.DescriptiveErrorStrategy.recoverInline(DescriptiveErrorStrategy.java:68) ~[groovy-3.0.20.jar:3.0.20]
	at groovyjarjarantlr4.v4.runtime.Parser.match(Parser.java:213) ~[groovy-3.0.20.jar:3.0.20]
	at org.apache.groovy.parser.antlr4.GroovyParser.compilationUnit(GroovyParser.java:362) ~[groovy-3.0.20.jar:3.0.20]
	at org.apache.groovy.parser.antlr4.AstBuilder.buildCST(AstBuilder.java:250) ~[groovy-3.0.20.jar:3.0.20]
	at org.apache.groovy.parser.antlr4.AstBuilder.buildCST(AstBuilder.java:228) ~[groovy-3.0.20.jar:3.0.20]
	at org.apache.groovy.parser.antlr4.AstBuilder.buildAST(AstBuilder.java:269) ~[groovy-3.0.20.jar:3.0.20]
	at org.apache.groovy.parser.antlr4.Antlr4ParserPlugin.buildAST(Antlr4ParserPlugin.java:58) ~[groovy-3.0.20.jar:3.0.20]
	at org.codehaus.groovy.control.SourceUnit.buildAST(SourceUnit.java:256) ~[groovy-3.0.20.jar:3.0.20]
	at java.base/java.util.Iterator.forEachRemaining(Iterator.java:133) ~[?:?]
	at java.base/java.util.Spliterators$IteratorSpliterator.forEachRemaining(Spliterators.java:1845) ~[?:?]
	at java.base/java.util.stream.ReferencePipeline$Head.forEach(ReferencePipeline.java:762) ~[?:?]
	at org.codehaus.groovy.control.CompilationUnit.buildASTs(CompilationUnit.java:667) ~[groovy-3.0.20.jar:3.0.20]
	at org.codehaus.groovy.control.CompilationUnit.compile(CompilationUnit.java:633) ~[groovy-3.0.20.jar:3.0.20]
	at groovy.lang.GroovyClassLoader.doParseClass(GroovyClassLoader.java:389) ~[groovy-3.0.20.jar:3.0.20]
	at groovy.lang.GroovyClassLoader.lambda$parseClass$3(GroovyClassLoader.java:332) ~[groovy-3.0.20.jar:3.0.20]
	at org.codehaus.groovy.runtime.memoize.StampedCommonCache.compute(StampedCommonCache.java:163) ~[groovy-3.0.20.jar:3.0.20]
	at org.codehaus.groovy.runtime.memoize.StampedCommonCache.getAndPut(StampedCommonCache.java:154) ~[groovy-3.0.20.jar:3.0.20]
	at groovy.lang.GroovyClassLoader.parseClass(GroovyClassLoader.java:330) ~[groovy-3.0.20.jar:3.0.20]
	at groovy.lang.GroovyClassLoader.parseClass(GroovyClassLoader.java:314) ~[groovy-3.0.20.jar:3.0.20]
	at groovy.lang.GroovyClassLoader.parseClass(GroovyClassLoader.java:257) ~[groovy-3.0.20.jar:3.0.20]
	at org.codehaus.groovy.jsr223.GroovyScriptEngineImpl.getScriptClass(GroovyScriptEngineImpl.java:336) ~[groovy-jsr223-3.0.20.jar:3.0.20]
	at org.codehaus.groovy.jsr223.GroovyScriptEngineImpl.eval(GroovyScriptEngineImpl.java:153) ~[groovy-jsr223-3.0.20.jar:3.0.20]
	... 8 more
2025-09-03 19:18:01,913 INFO o.a.j.t.JMeterThread: Thread started: Call Receivers (24 users) 3-23
2025-09-03 19:18:02,746 INFO o.a.j.t.JMeterThread: Thread started: Call Receivers (24 users) 3-24
2025-09-03 19:18:04,197 ERROR o.a.j.p.j.s.JSR223Sampler: Problem in JSR223 script Process Call Decision, message: javax.script.ScriptException: org.codehaus.groovy.control.MultipleCompilationErrorsException: startup failed:
Script98.groovy: 1: Unexpected input: 'def' @ line 1, column 347.
   put("callerId", "unknown"); } def random
                                 ^

1 error

javax.script.ScriptException: org.codehaus.groovy.control.MultipleCompilationErrorsException: startup failed:
Script98.groovy: 1: Unexpected input: 'def' @ line 1, column 347.
   put("callerId", "unknown"); } def random
                                 ^

1 error

	at org.codehaus.groovy.jsr223.GroovyScriptEngineImpl.eval(GroovyScriptEngineImpl.java:158) ~[groovy-jsr223-3.0.20.jar:3.0.20]
	at java.scripting/javax.script.AbstractScriptEngine.eval(AbstractScriptEngine.java:231) ~[java.scripting:?]
	at org.apache.jmeter.util.JSR223TestElement.processFileOrScript(JSR223TestElement.java:232) ~[ApacheJMeter_core.jar:5.6.3]
	at org.apache.jmeter.protocol.java.sampler.JSR223Sampler.sample(JSR223Sampler.java:72) [ApacheJMeter_java.jar:5.6.3]
	at org.apache.jmeter.threads.JMeterThread.doSampling(JMeterThread.java:651) [ApacheJMeter_core.jar:5.6.3]
	at org.apache.jmeter.threads.JMeterThread.executeSamplePackage(JMeterThread.java:570) [ApacheJMeter_core.jar:5.6.3]
	at org.apache.jmeter.threads.JMeterThread.processSampler(JMeterThread.java:501) [ApacheJMeter_core.jar:5.6.3]
	at org.apache.jmeter.threads.JMeterThread.run(JMeterThread.java:268) [ApacheJMeter_core.jar:5.6.3]
	at java.base/java.lang.Thread.run(Thread.java:842) [?:?]
Caused by: org.codehaus.groovy.control.MultipleCompilationErrorsException: startup failed:
Script98.groovy: 1: Unexpected input: 'def' @ line 1, column 347.
   put("callerId", "unknown"); } def random
                                 ^

1 error

	at org.codehaus.groovy.control.ErrorCollector.failIfErrors(ErrorCollector.java:292) ~[groovy-3.0.20.jar:3.0.20]
	at org.codehaus.groovy.control.ErrorCollector.addFatalError(ErrorCollector.java:148) ~[groovy-3.0.20.jar:3.0.20]
	at org.apache.groovy.parser.antlr4.AstBuilder.collectSyntaxError(AstBuilder.java:4301) ~[groovy-3.0.20.jar:3.0.20]
	at org.apache.groovy.parser.antlr4.AstBuilder.access$000(AstBuilder.java:176) ~[groovy-3.0.20.jar:3.0.20]
	at org.apache.groovy.parser.antlr4.AstBuilder$1.syntaxError(AstBuilder.java:4312) ~[groovy-3.0.20.jar:3.0.20]
	at groovyjarjarantlr4.v4.runtime.ProxyErrorListener.syntaxError(ProxyErrorListener.java:44) ~[groovy-3.0.20.jar:3.0.20]
	at groovyjarjarantlr4.v4.runtime.Parser.notifyErrorListeners(Parser.java:543) ~[groovy-3.0.20.jar:3.0.20]
	at groovyjarjarantlr4.v4.runtime.DefaultErrorStrategy.notifyErrorListeners(DefaultErrorStrategy.java:154) ~[groovy-3.0.20.jar:3.0.20]
	at org.apache.groovy.parser.antlr4.internal.DescriptiveErrorStrategy.reportInputMismatch(DescriptiveErrorStrategy.java:103) ~[groovy-3.0.20.jar:3.0.20]
	at org.apache.groovy.parser.antlr4.internal.DescriptiveErrorStrategy.recover(DescriptiveErrorStrategy.java:55) ~[groovy-3.0.20.jar:3.0.20]
	at org.apache.groovy.parser.antlr4.internal.DescriptiveErrorStrategy.recoverInline(DescriptiveErrorStrategy.java:68) ~[groovy-3.0.20.jar:3.0.20]
	at groovyjarjarantlr4.v4.runtime.Parser.match(Parser.java:213) ~[groovy-3.0.20.jar:3.0.20]
	at org.apache.groovy.parser.antlr4.GroovyParser.compilationUnit(GroovyParser.java:362) ~[groovy-3.0.20.jar:3.0.20]
	at org.apache.groovy.parser.antlr4.AstBuilder.buildCST(AstBuilder.java:250) ~[groovy-3.0.20.jar:3.0.20]
	at org.apache.groovy.parser.antlr4.AstBuilder.buildCST(AstBuilder.java:228) ~[groovy-3.0.20.jar:3.0.20]
	at org.apache.groovy.parser.antlr4.AstBuilder.buildAST(AstBuilder.java:269) ~[groovy-3.0.20.jar:3.0.20]
	at org.apache.groovy.parser.antlr4.Antlr4ParserPlugin.buildAST(Antlr4ParserPlugin.java:58) ~[groovy-3.0.20.jar:3.0.20]
	at org.codehaus.groovy.control.SourceUnit.buildAST(SourceUnit.java:256) ~[groovy-3.0.20.jar:3.0.20]
	at java.base/java.util.Iterator.forEachRemaining(Iterator.java:133) ~[?:?]
	at java.base/java.util.Spliterators$IteratorSpliterator.forEachRemaining(Spliterators.java:1845) ~[?:?]
	at java.base/java.util.stream.ReferencePipeline$Head.forEach(ReferencePipeline.java:762) ~[?:?]
	at org.codehaus.groovy.control.CompilationUnit.buildASTs(CompilationUnit.java:667) ~[groovy-3.0.20.jar:3.0.20]
	at org.codehaus.groovy.control.CompilationUnit.compile(CompilationUnit.java:633) ~[groovy-3.0.20.jar:3.0.20]
	at groovy.lang.GroovyClassLoader.doParseClass(GroovyClassLoader.java:389) ~[groovy-3.0.20.jar:3.0.20]
	at groovy.lang.GroovyClassLoader.lambda$parseClass$3(GroovyClassLoader.java:332) ~[groovy-3.0.20.jar:3.0.20]
	at org.codehaus.groovy.runtime.memoize.StampedCommonCache.compute(StampedCommonCache.java:163) ~[groovy-3.0.20.jar:3.0.20]
	at org.codehaus.groovy.runtime.memoize.StampedCommonCache.getAndPut(StampedCommonCache.java:154) ~[groovy-3.0.20.jar:3.0.20]
	at groovy.lang.GroovyClassLoader.parseClass(GroovyClassLoader.java:330) ~[groovy-3.0.20.jar:3.0.20]
	at groovy.lang.GroovyClassLoader.parseClass(GroovyClassLoader.java:314) ~[groovy-3.0.20.jar:3.0.20]
	at groovy.lang.GroovyClassLoader.parseClass(GroovyClassLoader.java:257) ~[groovy-3.0.20.jar:3.0.20]
	at org.codehaus.groovy.jsr223.GroovyScriptEngineImpl.getScriptClass(GroovyScriptEngineImpl.java:336) ~[groovy-jsr223-3.0.20.jar:3.0.20]
	at org.codehaus.groovy.jsr223.GroovyScriptEngineImpl.eval(GroovyScriptEngineImpl.java:153) ~[groovy-jsr223-3.0.20.jar:3.0.20]
	... 8 more
2025-09-03 19:18:06,063 ERROR o.a.j.p.j.s.JSR223Sampler: Problem in JSR223 script Process Call Decision, message: javax.script.ScriptException: org.codehaus.groovy.control.MultipleCompilationErrorsException: startup failed:
Script113.groovy: 1: Unexpected input: 'def' @ line 1, column 347.
   put("callerId", "unknown"); } def random
                                 ^

1 error

javax.script.ScriptException: org.codehaus.groovy.control.MultipleCompilationErrorsException: startup failed:
Script113.groovy: 1: Unexpected input: 'def' @ line 1, column 347.
   put("callerId", "unknown"); } def random
                                 ^

1 error

	at org.codehaus.groovy.jsr223.GroovyScriptEngineImpl.eval(GroovyScriptEngineImpl.java:158) ~[groovy-jsr223-3.0.20.jar:3.0.20]
	at java.scripting/javax.script.AbstractScriptEngine.eval(AbstractScriptEngine.java:231) ~[java.scripting:?]
	at org.apache.jmeter.util.JSR223TestElement.processFileOrScript(JSR223TestElement.java:232) ~[ApacheJMeter_core.jar:5.6.3]
	at org.apache.jmeter.protocol.java.sampler.JSR223Sampler.sample(JSR223Sampler.java:72) [ApacheJMeter_java.jar:5.6.3]
	at org.apache.jmeter.threads.JMeterThread.doSampling(JMeterThread.java:651) [ApacheJMeter_core.jar:5.6.3]
	at org.apache.jmeter.threads.JMeterThread.executeSamplePackage(JMeterThread.java:570) [ApacheJMeter_core.jar:5.6.3]
	at org.apache.jmeter.threads.JMeterThread.processSampler(JMeterThread.java:501) [ApacheJMeter_core.jar:5.6.3]
	at org.apache.jmeter.threads.JMeterThread.run(JMeterThread.java:268) [ApacheJMeter_core.jar:5.6.3]
	at java.base/java.lang.Thread.run(Thread.java:842) [?:?]
Caused by: org.codehaus.groovy.control.MultipleCompilationErrorsException: startup failed:
Script113.groovy: 1: Unexpected input: 'def' @ line 1, column 347.
   put("callerId", "unknown"); } def random
                                 ^

1 error

	at org.codehaus.groovy.control.ErrorCollector.failIfErrors(ErrorCollector.java:292) ~[groovy-3.0.20.jar:3.0.20]
	at org.codehaus.groovy.control.ErrorCollector.addFatalError(ErrorCollector.java:148) ~[groovy-3.0.20.jar:3.0.20]
	at org.apache.groovy.parser.antlr4.AstBuilder.collectSyntaxError(AstBuilder.java:4301) ~[groovy-3.0.20.jar:3.0.20]
	at org.apache.groovy.parser.antlr4.AstBuilder.access$000(AstBuilder.java:176) ~[groovy-3.0.20.jar:3.0.20]
	at org.apache.groovy.parser.antlr4.AstBuilder$1.syntaxError(AstBuilder.java:4312) ~[groovy-3.0.20.jar:3.0.20]
	at groovyjarjarantlr4.v4.runtime.ProxyErrorListener.syntaxError(ProxyErrorListener.java:44) ~[groovy-3.0.20.jar:3.0.20]
	at groovyjarjarantlr4.v4.runtime.Parser.notifyErrorListeners(Parser.java:543) ~[groovy-3.0.20.jar:3.0.20]
	at groovyjarjarantlr4.v4.runtime.DefaultErrorStrategy.notifyErrorListeners(DefaultErrorStrategy.java:154) ~[groovy-3.0.20.jar:3.0.20]
	at org.apache.groovy.parser.antlr4.internal.DescriptiveErrorStrategy.reportInputMismatch(DescriptiveErrorStrategy.java:103) ~[groovy-3.0.20.jar:3.0.20]
	at org.apache.groovy.parser.antlr4.internal.DescriptiveErrorStrategy.recover(DescriptiveErrorStrategy.java:55) ~[groovy-3.0.20.jar:3.0.20]
	at org.apache.groovy.parser.antlr4.internal.DescriptiveErrorStrategy.recoverInline(DescriptiveErrorStrategy.java:68) ~[groovy-3.0.20.jar:3.0.20]
	at groovyjarjarantlr4.v4.runtime.Parser.match(Parser.java:213) ~[groovy-3.0.20.jar:3.0.20]
	at org.apache.groovy.parser.antlr4.GroovyParser.compilationUnit(GroovyParser.java:362) ~[groovy-3.0.20.jar:3.0.20]
	at org.apache.groovy.parser.antlr4.AstBuilder.buildCST(AstBuilder.java:250) ~[groovy-3.0.20.jar:3.0.20]
	at org.apache.groovy.parser.antlr4.AstBuilder.buildCST(AstBuilder.java:228) ~[groovy-3.0.20.jar:3.0.20]
	at org.apache.groovy.parser.antlr4.AstBuilder.buildAST(AstBuilder.java:269) ~[groovy-3.0.20.jar:3.0.20]
	at org.apache.groovy.parser.antlr4.Antlr4ParserPlugin.buildAST(Antlr4ParserPlugin.java:58) ~[groovy-3.0.20.jar:3.0.20]
	at org.codehaus.groovy.control.SourceUnit.buildAST(SourceUnit.java:256) ~[groovy-3.0.20.jar:3.0.20]
	at java.base/java.util.Iterator.forEachRemaining(Iterator.java:133) ~[?:?]
	at java.base/java.util.Spliterators$IteratorSpliterator.forEachRemaining(Spliterators.java:1845) ~[?:?]
	at java.base/java.util.stream.ReferencePipeline$Head.forEach(ReferencePipeline.java:762) ~[?:?]
	at org.codehaus.groovy.control.CompilationUnit.buildASTs(CompilationUnit.java:667) ~[groovy-3.0.20.jar:3.0.20]
	at org.codehaus.groovy.control.CompilationUnit.compile(CompilationUnit.java:633) ~[groovy-3.0.20.jar:3.0.20]
	at groovy.lang.GroovyClassLoader.doParseClass(GroovyClassLoader.java:389) ~[groovy-3.0.20.jar:3.0.20]
	at groovy.lang.GroovyClassLoader.lambda$parseClass$3(GroovyClassLoader.java:332) ~[groovy-3.0.20.jar:3.0.20]
	at org.codehaus.groovy.runtime.memoize.StampedCommonCache.compute(StampedCommonCache.java:163) ~[groovy-3.0.20.jar:3.0.20]
	at org.codehaus.groovy.runtime.memoize.StampedCommonCache.getAndPut(StampedCommonCache.java:154) ~[groovy-3.0.20.jar:3.0.20]
	at groovy.lang.GroovyClassLoader.parseClass(GroovyClassLoader.java:330) ~[groovy-3.0.20.jar:3.0.20]
	at groovy.lang.GroovyClassLoader.parseClass(GroovyClassLoader.java:314) ~[groovy-3.0.20.jar:3.0.20]
	at groovy.lang.GroovyClassLoader.parseClass(GroovyClassLoader.java:257) ~[groovy-3.0.20.jar:3.0.20]
	at org.codehaus.groovy.jsr223.GroovyScriptEngineImpl.getScriptClass(GroovyScriptEngineImpl.java:336) ~[groovy-jsr223-3.0.20.jar:3.0.20]
	at org.codehaus.groovy.jsr223.GroovyScriptEngineImpl.eval(GroovyScriptEngineImpl.java:153) ~[groovy-jsr223-3.0.20.jar:3.0.20]
	... 8 more
2025-09-03 19:18:08,074 ERROR o.a.j.p.j.s.JSR223Sampler: Problem in JSR223 script Process Call Decision, message: javax.script.ScriptException: org.codehaus.groovy.control.MultipleCompilationErrorsException: startup failed:
Script123.groovy: 1: Unexpected input: 'def' @ line 1, column 347.
   put("callerId", "unknown"); } def random
                                 ^

1 error

javax.script.ScriptException: org.codehaus.groovy.control.MultipleCompilationErrorsException: startup failed:
Script123.groovy: 1: Unexpected input: 'def' @ line 1, column 347.
   put("callerId", "unknown"); } def random
                                 ^

1 error

	at org.codehaus.groovy.jsr223.GroovyScriptEngineImpl.eval(GroovyScriptEngineImpl.java:158) ~[groovy-jsr223-3.0.20.jar:3.0.20]
	at java.scripting/javax.script.AbstractScriptEngine.eval(AbstractScriptEngine.java:231) ~[java.scripting:?]
	at org.apache.jmeter.util.JSR223TestElement.processFileOrScript(JSR223TestElement.java:232) ~[ApacheJMeter_core.jar:5.6.3]
	at org.apache.jmeter.protocol.java.sampler.JSR223Sampler.sample(JSR223Sampler.java:72) [ApacheJMeter_java.jar:5.6.3]
	at org.apache.jmeter.threads.JMeterThread.doSampling(JMeterThread.java:651) [ApacheJMeter_core.jar:5.6.3]
	at org.apache.jmeter.threads.JMeterThread.executeSamplePackage(JMeterThread.java:570) [ApacheJMeter_core.jar:5.6.3]
	at org.apache.jmeter.threads.JMeterThread.processSampler(JMeterThread.java:501) [ApacheJMeter_core.jar:5.6.3]
	at org.apache.jmeter.threads.JMeterThread.run(JMeterThread.java:268) [ApacheJMeter_core.jar:5.6.3]
	at java.base/java.lang.Thread.run(Thread.java:842) [?:?]
Caused by: org.codehaus.groovy.control.MultipleCompilationErrorsException: startup failed:
Script123.groovy: 1: Unexpected input: 'def' @ line 1, column 347.
   put("callerId", "unknown"); } def random
                                 ^

1 error

	at org.codehaus.groovy.control.ErrorCollector.failIfErrors(ErrorCollector.java:292) ~[groovy-3.0.20.jar:3.0.20]
	at org.codehaus.groovy.control.ErrorCollector.addFatalError(ErrorCollector.java:148) ~[groovy-3.0.20.jar:3.0.20]
	at org.apache.groovy.parser.antlr4.AstBuilder.collectSyntaxError(AstBuilder.java:4301) ~[groovy-3.0.20.jar:3.0.20]
	at org.apache.groovy.parser.antlr4.AstBuilder.access$000(AstBuilder.java:176) ~[groovy-3.0.20.jar:3.0.20]
	at org.apache.groovy.parser.antlr4.AstBuilder$1.syntaxError(AstBuilder.java:4312) ~[groovy-3.0.20.jar:3.0.20]
	at groovyjarjarantlr4.v4.runtime.ProxyErrorListener.syntaxError(ProxyErrorListener.java:44) ~[groovy-3.0.20.jar:3.0.20]
	at groovyjarjarantlr4.v4.runtime.Parser.notifyErrorListeners(Parser.java:543) ~[groovy-3.0.20.jar:3.0.20]
	at groovyjarjarantlr4.v4.runtime.DefaultErrorStrategy.notifyErrorListeners(DefaultErrorStrategy.java:154) ~[groovy-3.0.20.jar:3.0.20]
	at org.apache.groovy.parser.antlr4.internal.DescriptiveErrorStrategy.reportInputMismatch(DescriptiveErrorStrategy.java:103) ~[groovy-3.0.20.jar:3.0.20]
	at org.apache.groovy.parser.antlr4.internal.DescriptiveErrorStrategy.recover(DescriptiveErrorStrategy.java:55) ~[groovy-3.0.20.jar:3.0.20]
	at org.apache.groovy.parser.antlr4.internal.DescriptiveErrorStrategy.recoverInline(DescriptiveErrorStrategy.java:68) ~[groovy-3.0.20.jar:3.0.20]
	at groovyjarjarantlr4.v4.runtime.Parser.match(Parser.java:213) ~[groovy-3.0.20.jar:3.0.20]
	at org.apache.groovy.parser.antlr4.GroovyParser.compilationUnit(GroovyParser.java:362) ~[groovy-3.0.20.jar:3.0.20]
	at org.apache.groovy.parser.antlr4.AstBuilder.buildCST(AstBuilder.java:250) ~[groovy-3.0.20.jar:3.0.20]
	at org.apache.groovy.parser.antlr4.AstBuilder.buildCST(AstBuilder.java:228) ~[groovy-3.0.20.jar:3.0.20]
	at org.apache.groovy.parser.antlr4.AstBuilder.buildAST(AstBuilder.java:269) ~[groovy-3.0.20.jar:3.0.20]
	at org.apache.groovy.parser.antlr4.Antlr4ParserPlugin.buildAST(Antlr4ParserPlugin.java:58) ~[groovy-3.0.20.jar:3.0.20]
	at org.codehaus.groovy.control.SourceUnit.buildAST(SourceUnit.java:256) ~[groovy-3.0.20.jar:3.0.20]
	at java.base/java.util.Iterator.forEachRemaining(Iterator.java:133) ~[?:?]
	at java.base/java.util.Spliterators$IteratorSpliterator.forEachRemaining(Spliterators.java:1845) ~[?:?]
	at java.base/java.util.stream.ReferencePipeline$Head.forEach(ReferencePipeline.java:762) ~[?:?]
	at org.codehaus.groovy.control.CompilationUnit.buildASTs(CompilationUnit.java:667) ~[groovy-3.0.20.jar:3.0.20]
	at org.codehaus.groovy.control.CompilationUnit.compile(CompilationUnit.java:633) ~[groovy-3.0.20.jar:3.0.20]
	at groovy.lang.GroovyClassLoader.doParseClass(GroovyClassLoader.java:389) ~[groovy-3.0.20.jar:3.0.20]
	at groovy.lang.GroovyClassLoader.lambda$parseClass$3(GroovyClassLoader.java:332) ~[groovy-3.0.20.jar:3.0.20]
	at org.codehaus.groovy.runtime.memoize.StampedCommonCache.compute(StampedCommonCache.java:163) ~[groovy-3.0.20.jar:3.0.20]
	at org.codehaus.groovy.runtime.memoize.StampedCommonCache.getAndPut(StampedCommonCache.java:154) ~[groovy-3.0.20.jar:3.0.20]
	at groovy.lang.GroovyClassLoader.parseClass(GroovyClassLoader.java:330) ~[groovy-3.0.20.jar:3.0.20]
	at groovy.lang.GroovyClassLoader.parseClass(GroovyClassLoader.java:314) ~[groovy-3.0.20.jar:3.0.20]
	at groovy.lang.GroovyClassLoader.parseClass(GroovyClassLoader.java:257) ~[groovy-3.0.20.jar:3.0.20]
	at org.codehaus.groovy.jsr223.GroovyScriptEngineImpl.getScriptClass(GroovyScriptEngineImpl.java:336) ~[groovy-jsr223-3.0.20.jar:3.0.20]
	at org.codehaus.groovy.jsr223.GroovyScriptEngineImpl.eval(GroovyScriptEngineImpl.java:153) ~[groovy-jsr223-3.0.20.jar:3.0.20]
	... 8 more
2025-09-03 19:18:10,342 ERROR o.a.j.p.j.s.JSR223Sampler: Problem in JSR223 script Process Call Decision, message: javax.script.ScriptException: org.codehaus.groovy.control.MultipleCompilationErrorsException: startup failed:
Script136.groovy: 1: Unexpected input: 'def' @ line 1, column 347.
   put("callerId", "unknown"); } def random
                                 ^

1 error

javax.script.ScriptException: org.codehaus.groovy.control.MultipleCompilationErrorsException: startup failed:
Script136.groovy: 1: Unexpected input: 'def' @ line 1, column 347.
   put("callerId", "unknown"); } def random
                                 ^

1 error

	at org.codehaus.groovy.jsr223.GroovyScriptEngineImpl.eval(GroovyScriptEngineImpl.java:158) ~[groovy-jsr223-3.0.20.jar:3.0.20]
	at java.scripting/javax.script.AbstractScriptEngine.eval(AbstractScriptEngine.java:231) ~[java.scripting:?]
	at org.apache.jmeter.util.JSR223TestElement.processFileOrScript(JSR223TestElement.java:232) ~[ApacheJMeter_core.jar:5.6.3]
	at org.apache.jmeter.protocol.java.sampler.JSR223Sampler.sample(JSR223Sampler.java:72) [ApacheJMeter_java.jar:5.6.3]
	at org.apache.jmeter.threads.JMeterThread.doSampling(JMeterThread.java:651) [ApacheJMeter_core.jar:5.6.3]
	at org.apache.jmeter.threads.JMeterThread.executeSamplePackage(JMeterThread.java:570) [ApacheJMeter_core.jar:5.6.3]
	at org.apache.jmeter.threads.JMeterThread.processSampler(JMeterThread.java:501) [ApacheJMeter_core.jar:5.6.3]
	at org.apache.jmeter.threads.JMeterThread.run(JMeterThread.java:268) [ApacheJMeter_core.jar:5.6.3]
	at java.base/java.lang.Thread.run(Thread.java:842) [?:?]
Caused by: org.codehaus.groovy.control.MultipleCompilationErrorsException: startup failed:
Script136.groovy: 1: Unexpected input: 'def' @ line 1, column 347.
   put("callerId", "unknown"); } def random
                                 ^

1 error

	at org.codehaus.groovy.control.ErrorCollector.failIfErrors(ErrorCollector.java:292) ~[groovy-3.0.20.jar:3.0.20]
	at org.codehaus.groovy.control.ErrorCollector.addFatalError(ErrorCollector.java:148) ~[groovy-3.0.20.jar:3.0.20]
	at org.apache.groovy.parser.antlr4.AstBuilder.collectSyntaxError(AstBuilder.java:4301) ~[groovy-3.0.20.jar:3.0.20]
	at org.apache.groovy.parser.antlr4.AstBuilder.access$000(AstBuilder.java:176) ~[groovy-3.0.20.jar:3.0.20]
	at org.apache.groovy.parser.antlr4.AstBuilder$1.syntaxError(AstBuilder.java:4312) ~[groovy-3.0.20.jar:3.0.20]
	at groovyjarjarantlr4.v4.runtime.ProxyErrorListener.syntaxError(ProxyErrorListener.java:44) ~[groovy-3.0.20.jar:3.0.20]
	at groovyjarjarantlr4.v4.runtime.Parser.notifyErrorListeners(Parser.java:543) ~[groovy-3.0.20.jar:3.0.20]
	at groovyjarjarantlr4.v4.runtime.DefaultErrorStrategy.notifyErrorListeners(DefaultErrorStrategy.java:154) ~[groovy-3.0.20.jar:3.0.20]
	at org.apache.groovy.parser.antlr4.internal.DescriptiveErrorStrategy.reportInputMismatch(DescriptiveErrorStrategy.java:103) ~[groovy-3.0.20.jar:3.0.20]
	at org.apache.groovy.parser.antlr4.internal.DescriptiveErrorStrategy.recover(DescriptiveErrorStrategy.java:55) ~[groovy-3.0.20.jar:3.0.20]
	at org.apache.groovy.parser.antlr4.internal.DescriptiveErrorStrategy.recoverInline(DescriptiveErrorStrategy.java:68) ~[groovy-3.0.20.jar:3.0.20]
	at groovyjarjarantlr4.v4.runtime.Parser.match(Parser.java:213) ~[groovy-3.0.20.jar:3.0.20]
	at org.apache.groovy.parser.antlr4.GroovyParser.compilationUnit(GroovyParser.java:362) ~[groovy-3.0.20.jar:3.0.20]
	at org.apache.groovy.parser.antlr4.AstBuilder.buildCST(AstBuilder.java:250) ~[groovy-3.0.20.jar:3.0.20]
	at org.apache.groovy.parser.antlr4.AstBuilder.buildCST(AstBuilder.java:228) ~[groovy-3.0.20.jar:3.0.20]
	at org.apache.groovy.parser.antlr4.AstBuilder.buildAST(AstBuilder.java:269) ~[groovy-3.0.20.jar:3.0.20]
	at org.apache.groovy.parser.antlr4.Antlr4ParserPlugin.buildAST(Antlr4ParserPlugin.java:58) ~[groovy-3.0.20.jar:3.0.20]
	at org.codehaus.groovy.control.SourceUnit.buildAST(SourceUnit.java:256) ~[groovy-3.0.20.jar:3.0.20]
	at java.base/java.util.Iterator.forEachRemaining(Iterator.java:133) ~[?:?]
	at java.base/java.util.Spliterators$IteratorSpliterator.forEachRemaining(Spliterators.java:1845) ~[?:?]
	at java.base/java.util.stream.ReferencePipeline$Head.forEach(ReferencePipeline.java:762) ~[?:?]
	at org.codehaus.groovy.control.CompilationUnit.buildASTs(CompilationUnit.java:667) ~[groovy-3.0.20.jar:3.0.20]
	at org.codehaus.groovy.control.CompilationUnit.compile(CompilationUnit.java:633) ~[groovy-3.0.20.jar:3.0.20]
	at groovy.lang.GroovyClassLoader.doParseClass(GroovyClassLoader.java:389) ~[groovy-3.0.20.jar:3.0.20]
	at groovy.lang.GroovyClassLoader.lambda$parseClass$3(GroovyClassLoader.java:332) ~[groovy-3.0.20.jar:3.0.20]
	at org.codehaus.groovy.runtime.memoize.StampedCommonCache.compute(StampedCommonCache.java:163) ~[groovy-3.0.20.jar:3.0.20]
	at org.codehaus.groovy.runtime.memoize.StampedCommonCache.getAndPut(StampedCommonCache.java:154) ~[groovy-3.0.20.jar:3.0.20]
	at groovy.lang.GroovyClassLoader.parseClass(GroovyClassLoader.java:330) ~[groovy-3.0.20.jar:3.0.20]
	at groovy.lang.GroovyClassLoader.parseClass(GroovyClassLoader.java:314) ~[groovy-3.0.20.jar:3.0.20]
	at groovy.lang.GroovyClassLoader.parseClass(GroovyClassLoader.java:257) ~[groovy-3.0.20.jar:3.0.20]
	at org.codehaus.groovy.jsr223.GroovyScriptEngineImpl.getScriptClass(GroovyScriptEngineImpl.java:336) ~[groovy-jsr223-3.0.20.jar:3.0.20]
	at org.codehaus.groovy.jsr223.GroovyScriptEngineImpl.eval(GroovyScriptEngineImpl.java:153) ~[groovy-jsr223-3.0.20.jar:3.0.20]
	... 8 more
2025-09-03 19:18:10,412 ERROR o.a.j.p.j.s.JSR223Sampler: Problem in JSR223 script Process Call Decision, message: javax.script.ScriptException: org.codehaus.groovy.control.MultipleCompilationErrorsException: startup failed:
Script137.groovy: 1: Unexpected input: 'def' @ line 1, column 347.
   put("callerId", "unknown"); } def random
                                 ^

1 error

javax.script.ScriptException: org.codehaus.groovy.control.MultipleCompilationErrorsException: startup failed:
Script137.groovy: 1: Unexpected input: 'def' @ line 1, column 347.
   put("callerId", "unknown"); } def random
                                 ^

1 error

	at org.codehaus.groovy.jsr223.GroovyScriptEngineImpl.eval(GroovyScriptEngineImpl.java:158) ~[groovy-jsr223-3.0.20.jar:3.0.20]
	at java.scripting/javax.script.AbstractScriptEngine.eval(AbstractScriptEngine.java:231) ~[java.scripting:?]
	at org.apache.jmeter.util.JSR223TestElement.processFileOrScript(JSR223TestElement.java:232) ~[ApacheJMeter_core.jar:5.6.3]
	at org.apache.jmeter.protocol.java.sampler.JSR223Sampler.sample(JSR223Sampler.java:72) [ApacheJMeter_java.jar:5.6.3]
	at org.apache.jmeter.threads.JMeterThread.doSampling(JMeterThread.java:651) [ApacheJMeter_core.jar:5.6.3]
	at org.apache.jmeter.threads.JMeterThread.executeSamplePackage(JMeterThread.java:570) [ApacheJMeter_core.jar:5.6.3]
	at org.apache.jmeter.threads.JMeterThread.processSampler(JMeterThread.java:501) [ApacheJMeter_core.jar:5.6.3]
	at org.apache.jmeter.threads.JMeterThread.run(JMeterThread.java:268) [ApacheJMeter_core.jar:5.6.3]
	at java.base/java.lang.Thread.run(Thread.java:842) [?:?]
Caused by: org.codehaus.groovy.control.MultipleCompilationErrorsException: startup failed:
Script137.groovy: 1: Unexpected input: 'def' @ line 1, column 347.
   put("callerId", "unknown"); } def random
                                 ^

1 error

	at org.codehaus.groovy.control.ErrorCollector.failIfErrors(ErrorCollector.java:292) ~[groovy-3.0.20.jar:3.0.20]
	at org.codehaus.groovy.control.ErrorCollector.addFatalError(ErrorCollector.java:148) ~[groovy-3.0.20.jar:3.0.20]
	at org.apache.groovy.parser.antlr4.AstBuilder.collectSyntaxError(AstBuilder.java:4301) ~[groovy-3.0.20.jar:3.0.20]
	at org.apache.groovy.parser.antlr4.AstBuilder.access$000(AstBuilder.java:176) ~[groovy-3.0.20.jar:3.0.20]
	at org.apache.groovy.parser.antlr4.AstBuilder$1.syntaxError(AstBuilder.java:4312) ~[groovy-3.0.20.jar:3.0.20]
	at groovyjarjarantlr4.v4.runtime.ProxyErrorListener.syntaxError(ProxyErrorListener.java:44) ~[groovy-3.0.20.jar:3.0.20]
	at groovyjarjarantlr4.v4.runtime.Parser.notifyErrorListeners(Parser.java:543) ~[groovy-3.0.20.jar:3.0.20]
	at groovyjarjarantlr4.v4.runtime.DefaultErrorStrategy.notifyErrorListeners(DefaultErrorStrategy.java:154) ~[groovy-3.0.20.jar:3.0.20]
	at org.apache.groovy.parser.antlr4.internal.DescriptiveErrorStrategy.reportInputMismatch(DescriptiveErrorStrategy.java:103) ~[groovy-3.0.20.jar:3.0.20]
	at org.apache.groovy.parser.antlr4.internal.DescriptiveErrorStrategy.recover(DescriptiveErrorStrategy.java:55) ~[groovy-3.0.20.jar:3.0.20]
	at org.apache.groovy.parser.antlr4.internal.DescriptiveErrorStrategy.recoverInline(DescriptiveErrorStrategy.java:68) ~[groovy-3.0.20.jar:3.0.20]
	at groovyjarjarantlr4.v4.runtime.Parser.match(Parser.java:213) ~[groovy-3.0.20.jar:3.0.20]
	at org.apache.groovy.parser.antlr4.GroovyParser.compilationUnit(GroovyParser.java:362) ~[groovy-3.0.20.jar:3.0.20]
	at org.apache.groovy.parser.antlr4.AstBuilder.buildCST(AstBuilder.java:250) ~[groovy-3.0.20.jar:3.0.20]
	at org.apache.groovy.parser.antlr4.AstBuilder.buildCST(AstBuilder.java:228) ~[groovy-3.0.20.jar:3.0.20]
	at org.apache.groovy.parser.antlr4.AstBuilder.buildAST(AstBuilder.java:269) ~[groovy-3.0.20.jar:3.0.20]
	at org.apache.groovy.parser.antlr4.Antlr4ParserPlugin.buildAST(Antlr4ParserPlugin.java:58) ~[groovy-3.0.20.jar:3.0.20]
	at org.codehaus.groovy.control.SourceUnit.buildAST(SourceUnit.java:256) ~[groovy-3.0.20.jar:3.0.20]
	at java.base/java.util.Iterator.forEachRemaining(Iterator.java:133) ~[?:?]
	at java.base/java.util.Spliterators$IteratorSpliterator.forEachRemaining(Spliterators.java:1845) ~[?:?]
	at java.base/java.util.stream.ReferencePipeline$Head.forEach(ReferencePipeline.java:762) ~[?:?]
	at org.codehaus.groovy.control.CompilationUnit.buildASTs(CompilationUnit.java:667) ~[groovy-3.0.20.jar:3.0.20]
	at org.codehaus.groovy.control.CompilationUnit.compile(CompilationUnit.java:633) ~[groovy-3.0.20.jar:3.0.20]
	at groovy.lang.GroovyClassLoader.doParseClass(GroovyClassLoader.java:389) ~[groovy-3.0.20.jar:3.0.20]
	at groovy.lang.GroovyClassLoader.lambda$parseClass$3(GroovyClassLoader.java:332) ~[groovy-3.0.20.jar:3.0.20]
	at org.codehaus.groovy.runtime.memoize.StampedCommonCache.compute(StampedCommonCache.java:163) ~[groovy-3.0.20.jar:3.0.20]
	at org.codehaus.groovy.runtime.memoize.StampedCommonCache.getAndPut(StampedCommonCache.java:154) ~[groovy-3.0.20.jar:3.0.20]
	at groovy.lang.GroovyClassLoader.parseClass(GroovyClassLoader.java:330) ~[groovy-3.0.20.jar:3.0.20]
	at groovy.lang.GroovyClassLoader.parseClass(GroovyClassLoader.java:314) ~[groovy-3.0.20.jar:3.0.20]
	at groovy.lang.GroovyClassLoader.parseClass(GroovyClassLoader.java:257) ~[groovy-3.0.20.jar:3.0.20]
	at org.codehaus.groovy.jsr223.GroovyScriptEngineImpl.getScriptClass(GroovyScriptEngineImpl.java:336) ~[groovy-jsr223-3.0.20.jar:3.0.20]
	at org.codehaus.groovy.jsr223.GroovyScriptEngineImpl.eval(GroovyScriptEngineImpl.java:153) ~[groovy-jsr223-3.0.20.jar:3.0.20]
	... 8 more
2025-09-03 19:18:11,482 ERROR o.a.j.p.j.s.JSR223Sampler: Problem in JSR223 script Process Call Decision, message: javax.script.ScriptException: org.codehaus.groovy.control.MultipleCompilationErrorsException: startup failed:
Script138.groovy: 1: Unexpected input: 'def' @ line 1, column 347.
   put("callerId", "unknown"); } def random
                                 ^

1 error

javax.script.ScriptException: org.codehaus.groovy.control.MultipleCompilationErrorsException: startup failed:
Script138.groovy: 1: Unexpected input: 'def' @ line 1, column 347.
   put("callerId", "unknown"); } def random
                                 ^

1 error

	at org.codehaus.groovy.jsr223.GroovyScriptEngineImpl.eval(GroovyScriptEngineImpl.java:158) ~[groovy-jsr223-3.0.20.jar:3.0.20]
	at java.scripting/javax.script.AbstractScriptEngine.eval(AbstractScriptEngine.java:231) ~[java.scripting:?]
	at org.apache.jmeter.util.JSR223TestElement.processFileOrScript(JSR223TestElement.java:232) ~[ApacheJMeter_core.jar:5.6.3]
	at org.apache.jmeter.protocol.java.sampler.JSR223Sampler.sample(JSR223Sampler.java:72) [ApacheJMeter_java.jar:5.6.3]
	at org.apache.jmeter.threads.JMeterThread.doSampling(JMeterThread.java:651) [ApacheJMeter_core.jar:5.6.3]
	at org.apache.jmeter.threads.JMeterThread.executeSamplePackage(JMeterThread.java:570) [ApacheJMeter_core.jar:5.6.3]
	at org.apache.jmeter.threads.JMeterThread.processSampler(JMeterThread.java:501) [ApacheJMeter_core.jar:5.6.3]
	at org.apache.jmeter.threads.JMeterThread.run(JMeterThread.java:268) [ApacheJMeter_core.jar:5.6.3]
	at java.base/java.lang.Thread.run(Thread.java:842) [?:?]
Caused by: org.codehaus.groovy.control.MultipleCompilationErrorsException: startup failed:
Script138.groovy: 1: Unexpected input: 'def' @ line 1, column 347.
   put("callerId", "unknown"); } def random
                                 ^

1 error

	at org.codehaus.groovy.control.ErrorCollector.failIfErrors(ErrorCollector.java:292) ~[groovy-3.0.20.jar:3.0.20]
	at org.codehaus.groovy.control.ErrorCollector.addFatalError(ErrorCollector.java:148) ~[groovy-3.0.20.jar:3.0.20]
	at org.apache.groovy.parser.antlr4.AstBuilder.collectSyntaxError(AstBuilder.java:4301) ~[groovy-3.0.20.jar:3.0.20]
	at org.apache.groovy.parser.antlr4.AstBuilder.access$000(AstBuilder.java:176) ~[groovy-3.0.20.jar:3.0.20]
	at org.apache.groovy.parser.antlr4.AstBuilder$1.syntaxError(AstBuilder.java:4312) ~[groovy-3.0.20.jar:3.0.20]
	at groovyjarjarantlr4.v4.runtime.ProxyErrorListener.syntaxError(ProxyErrorListener.java:44) ~[groovy-3.0.20.jar:3.0.20]
	at groovyjarjarantlr4.v4.runtime.Parser.notifyErrorListeners(Parser.java:543) ~[groovy-3.0.20.jar:3.0.20]
	at groovyjarjarantlr4.v4.runtime.DefaultErrorStrategy.notifyErrorListeners(DefaultErrorStrategy.java:154) ~[groovy-3.0.20.jar:3.0.20]
	at org.apache.groovy.parser.antlr4.internal.DescriptiveErrorStrategy.reportInputMismatch(DescriptiveErrorStrategy.java:103) ~[groovy-3.0.20.jar:3.0.20]
	at org.apache.groovy.parser.antlr4.internal.DescriptiveErrorStrategy.recover(DescriptiveErrorStrategy.java:55) ~[groovy-3.0.20.jar:3.0.20]
	at org.apache.groovy.parser.antlr4.internal.DescriptiveErrorStrategy.recoverInline(DescriptiveErrorStrategy.java:68) ~[groovy-3.0.20.jar:3.0.20]
	at groovyjarjarantlr4.v4.runtime.Parser.match(Parser.java:213) ~[groovy-3.0.20.jar:3.0.20]
	at org.apache.groovy.parser.antlr4.GroovyParser.compilationUnit(GroovyParser.java:362) ~[groovy-3.0.20.jar:3.0.20]
	at org.apache.groovy.parser.antlr4.AstBuilder.buildCST(AstBuilder.java:250) ~[groovy-3.0.20.jar:3.0.20]
	at org.apache.groovy.parser.antlr4.AstBuilder.buildCST(AstBuilder.java:228) ~[groovy-3.0.20.jar:3.0.20]
	at org.apache.groovy.parser.antlr4.AstBuilder.buildAST(AstBuilder.java:269) ~[groovy-3.0.20.jar:3.0.20]
	at org.apache.groovy.parser.antlr4.Antlr4ParserPlugin.buildAST(Antlr4ParserPlugin.java:58) ~[groovy-3.0.20.jar:3.0.20]
	at org.codehaus.groovy.control.SourceUnit.buildAST(SourceUnit.java:256) ~[groovy-3.0.20.jar:3.0.20]
	at java.base/java.util.Iterator.forEachRemaining(Iterator.java:133) ~[?:?]
	at java.base/java.util.Spliterators$IteratorSpliterator.forEachRemaining(Spliterators.java:1845) ~[?:?]
	at java.base/java.util.stream.ReferencePipeline$Head.forEach(ReferencePipeline.java:762) ~[?:?]
	at org.codehaus.groovy.control.CompilationUnit.buildASTs(CompilationUnit.java:667) ~[groovy-3.0.20.jar:3.0.20]
	at org.codehaus.groovy.control.CompilationUnit.compile(CompilationUnit.java:633) ~[groovy-3.0.20.jar:3.0.20]
	at groovy.lang.GroovyClassLoader.doParseClass(GroovyClassLoader.java:389) ~[groovy-3.0.20.jar:3.0.20]
	at groovy.lang.GroovyClassLoader.lambda$parseClass$3(GroovyClassLoader.java:332) ~[groovy-3.0.20.jar:3.0.20]
	at org.codehaus.groovy.runtime.memoize.StampedCommonCache.compute(StampedCommonCache.java:163) ~[groovy-3.0.20.jar:3.0.20]
	at org.codehaus.groovy.runtime.memoize.StampedCommonCache.getAndPut(StampedCommonCache.java:154) ~[groovy-3.0.20.jar:3.0.20]
	at groovy.lang.GroovyClassLoader.parseClass(GroovyClassLoader.java:330) ~[groovy-3.0.20.jar:3.0.20]
	at groovy.lang.GroovyClassLoader.parseClass(GroovyClassLoader.java:314) ~[groovy-3.0.20.jar:3.0.20]
	at groovy.lang.GroovyClassLoader.parseClass(GroovyClassLoader.java:257) ~[groovy-3.0.20.jar:3.0.20]
	at org.codehaus.groovy.jsr223.GroovyScriptEngineImpl.getScriptClass(GroovyScriptEngineImpl.java:336) ~[groovy-jsr223-3.0.20.jar:3.0.20]
	at org.codehaus.groovy.jsr223.GroovyScriptEngineImpl.eval(GroovyScriptEngineImpl.java:153) ~[groovy-jsr223-3.0.20.jar:3.0.20]
	... 8 more
2025-09-03 19:18:11,559 ERROR o.a.j.p.j.s.JSR223Sampler: Problem in JSR223 script Process Call Decision, message: javax.script.ScriptException: org.codehaus.groovy.control.MultipleCompilationErrorsException: startup failed:
Script141.groovy: 1: Unexpected input: 'def' @ line 1, column 347.
   put("callerId", "unknown"); } def random
                                 ^

1 error

javax.script.ScriptException: org.codehaus.groovy.control.MultipleCompilationErrorsException: startup failed:
Script141.groovy: 1: Unexpected input: 'def' @ line 1, column 347.
   put("callerId", "unknown"); } def random
                                 ^

1 error

	at org.codehaus.groovy.jsr223.GroovyScriptEngineImpl.eval(GroovyScriptEngineImpl.java:158) ~[groovy-jsr223-3.0.20.jar:3.0.20]
	at java.scripting/javax.script.AbstractScriptEngine.eval(AbstractScriptEngine.java:231) ~[java.scripting:?]
	at org.apache.jmeter.util.JSR223TestElement.processFileOrScript(JSR223TestElement.java:232) ~[ApacheJMeter_core.jar:5.6.3]
	at org.apache.jmeter.protocol.java.sampler.JSR223Sampler.sample(JSR223Sampler.java:72) [ApacheJMeter_java.jar:5.6.3]
	at org.apache.jmeter.threads.JMeterThread.doSampling(JMeterThread.java:651) [ApacheJMeter_core.jar:5.6.3]
	at org.apache.jmeter.threads.JMeterThread.executeSamplePackage(JMeterThread.java:570) [ApacheJMeter_core.jar:5.6.3]
	at org.apache.jmeter.threads.JMeterThread.processSampler(JMeterThread.java:501) [ApacheJMeter_core.jar:5.6.3]
	at org.apache.jmeter.threads.JMeterThread.run(JMeterThread.java:268) [ApacheJMeter_core.jar:5.6.3]
	at java.base/java.lang.Thread.run(Thread.java:842) [?:?]
Caused by: org.codehaus.groovy.control.MultipleCompilationErrorsException: startup failed:
Script141.groovy: 1: Unexpected input: 'def' @ line 1, column 347.
   put("callerId", "unknown"); } def random
                                 ^

1 error

	at org.codehaus.groovy.control.ErrorCollector.failIfErrors(ErrorCollector.java:292) ~[groovy-3.0.20.jar:3.0.20]
	at org.codehaus.groovy.control.ErrorCollector.addFatalError(ErrorCollector.java:148) ~[groovy-3.0.20.jar:3.0.20]
	at org.apache.groovy.parser.antlr4.AstBuilder.collectSyntaxError(AstBuilder.java:4301) ~[groovy-3.0.20.jar:3.0.20]
	at org.apache.groovy.parser.antlr4.AstBuilder.access$000(AstBuilder.java:176) ~[groovy-3.0.20.jar:3.0.20]
	at org.apache.groovy.parser.antlr4.AstBuilder$1.syntaxError(AstBuilder.java:4312) ~[groovy-3.0.20.jar:3.0.20]
	at groovyjarjarantlr4.v4.runtime.ProxyErrorListener.syntaxError(ProxyErrorListener.java:44) ~[groovy-3.0.20.jar:3.0.20]
	at groovyjarjarantlr4.v4.runtime.Parser.notifyErrorListeners(Parser.java:543) ~[groovy-3.0.20.jar:3.0.20]
	at groovyjarjarantlr4.v4.runtime.DefaultErrorStrategy.notifyErrorListeners(DefaultErrorStrategy.java:154) ~[groovy-3.0.20.jar:3.0.20]
	at org.apache.groovy.parser.antlr4.internal.DescriptiveErrorStrategy.reportInputMismatch(DescriptiveErrorStrategy.java:103) ~[groovy-3.0.20.jar:3.0.20]
	at org.apache.groovy.parser.antlr4.internal.DescriptiveErrorStrategy.recover(DescriptiveErrorStrategy.java:55) ~[groovy-3.0.20.jar:3.0.20]
	at org.apache.groovy.parser.antlr4.internal.DescriptiveErrorStrategy.recoverInline(DescriptiveErrorStrategy.java:68) ~[groovy-3.0.20.jar:3.0.20]
	at groovyjarjarantlr4.v4.runtime.Parser.match(Parser.java:213) ~[groovy-3.0.20.jar:3.0.20]
	at org.apache.groovy.parser.antlr4.GroovyParser.compilationUnit(GroovyParser.java:362) ~[groovy-3.0.20.jar:3.0.20]
	at org.apache.groovy.parser.antlr4.AstBuilder.buildCST(AstBuilder.java:250) ~[groovy-3.0.20.jar:3.0.20]
	at org.apache.groovy.parser.antlr4.AstBuilder.buildCST(AstBuilder.java:228) ~[groovy-3.0.20.jar:3.0.20]
	at org.apache.groovy.parser.antlr4.AstBuilder.buildAST(AstBuilder.java:269) ~[groovy-3.0.20.jar:3.0.20]
	at org.apache.groovy.parser.antlr4.Antlr4ParserPlugin.buildAST(Antlr4ParserPlugin.java:58) ~[groovy-3.0.20.jar:3.0.20]
	at org.codehaus.groovy.control.SourceUnit.buildAST(SourceUnit.java:256) ~[groovy-3.0.20.jar:3.0.20]
	at java.base/java.util.Iterator.forEachRemaining(Iterator.java:133) ~[?:?]
	at java.base/java.util.Spliterators$IteratorSpliterator.forEachRemaining(Spliterators.java:1845) ~[?:?]
	at java.base/java.util.stream.ReferencePipeline$Head.forEach(ReferencePipeline.java:762) ~[?:?]
	at org.codehaus.groovy.control.CompilationUnit.buildASTs(CompilationUnit.java:667) ~[groovy-3.0.20.jar:3.0.20]
	at org.codehaus.groovy.control.CompilationUnit.compile(CompilationUnit.java:633) ~[groovy-3.0.20.jar:3.0.20]
	at groovy.lang.GroovyClassLoader.doParseClass(GroovyClassLoader.java:389) ~[groovy-3.0.20.jar:3.0.20]
	at groovy.lang.GroovyClassLoader.lambda$parseClass$3(GroovyClassLoader.java:332) ~[groovy-3.0.20.jar:3.0.20]
	at org.codehaus.groovy.runtime.memoize.StampedCommonCache.compute(StampedCommonCache.java:163) ~[groovy-3.0.20.jar:3.0.20]
	at org.codehaus.groovy.runtime.memoize.StampedCommonCache.getAndPut(StampedCommonCache.java:154) ~[groovy-3.0.20.jar:3.0.20]
	at groovy.lang.GroovyClassLoader.parseClass(GroovyClassLoader.java:330) ~[groovy-3.0.20.jar:3.0.20]
	at groovy.lang.GroovyClassLoader.parseClass(GroovyClassLoader.java:314) ~[groovy-3.0.20.jar:3.0.20]
	at groovy.lang.GroovyClassLoader.parseClass(GroovyClassLoader.java:257) ~[groovy-3.0.20.jar:3.0.20]
	at org.codehaus.groovy.jsr223.GroovyScriptEngineImpl.getScriptClass(GroovyScriptEngineImpl.java:336) ~[groovy-jsr223-3.0.20.jar:3.0.20]
	at org.codehaus.groovy.jsr223.GroovyScriptEngineImpl.eval(GroovyScriptEngineImpl.java:153) ~[groovy-jsr223-3.0.20.jar:3.0.20]
	... 8 more
2025-09-03 19:18:11,698 ERROR o.a.j.p.j.s.JSR223Sampler: Problem in JSR223 script Process Call Decision, message: javax.script.ScriptException: org.codehaus.groovy.control.MultipleCompilationErrorsException: startup failed:
Script142.groovy: 1: Unexpected input: 'def' @ line 1, column 347.
   put("callerId", "unknown"); } def random
                                 ^

1 error

javax.script.ScriptException: org.codehaus.groovy.control.MultipleCompilationErrorsException: startup failed:
Script142.groovy: 1: Unexpected input: 'def' @ line 1, column 347.
   put("callerId", "unknown"); } def random
                                 ^

1 error

	at org.codehaus.groovy.jsr223.GroovyScriptEngineImpl.eval(GroovyScriptEngineImpl.java:158) ~[groovy-jsr223-3.0.20.jar:3.0.20]
	at java.scripting/javax.script.AbstractScriptEngine.eval(AbstractScriptEngine.java:231) ~[java.scripting:?]
	at org.apache.jmeter.util.JSR223TestElement.processFileOrScript(JSR223TestElement.java:232) ~[ApacheJMeter_core.jar:5.6.3]
	at org.apache.jmeter.protocol.java.sampler.JSR223Sampler.sample(JSR223Sampler.java:72) [ApacheJMeter_java.jar:5.6.3]
	at org.apache.jmeter.threads.JMeterThread.doSampling(JMeterThread.java:651) [ApacheJMeter_core.jar:5.6.3]
	at org.apache.jmeter.threads.JMeterThread.executeSamplePackage(JMeterThread.java:570) [ApacheJMeter_core.jar:5.6.3]
	at org.apache.jmeter.threads.JMeterThread.processSampler(JMeterThread.java:501) [ApacheJMeter_core.jar:5.6.3]
	at org.apache.jmeter.threads.JMeterThread.run(JMeterThread.java:268) [ApacheJMeter_core.jar:5.6.3]
	at java.base/java.lang.Thread.run(Thread.java:842) [?:?]
Caused by: org.codehaus.groovy.control.MultipleCompilationErrorsException: startup failed:
Script142.groovy: 1: Unexpected input: 'def' @ line 1, column 347.
   put("callerId", "unknown"); } def random
                                 ^

1 error

	at org.codehaus.groovy.control.ErrorCollector.failIfErrors(ErrorCollector.java:292) ~[groovy-3.0.20.jar:3.0.20]
	at org.codehaus.groovy.control.ErrorCollector.addFatalError(ErrorCollector.java:148) ~[groovy-3.0.20.jar:3.0.20]
	at org.apache.groovy.parser.antlr4.AstBuilder.collectSyntaxError(AstBuilder.java:4301) ~[groovy-3.0.20.jar:3.0.20]
	at org.apache.groovy.parser.antlr4.AstBuilder.access$000(AstBuilder.java:176) ~[groovy-3.0.20.jar:3.0.20]
	at org.apache.groovy.parser.antlr4.AstBuilder$1.syntaxError(AstBuilder.java:4312) ~[groovy-3.0.20.jar:3.0.20]
	at groovyjarjarantlr4.v4.runtime.ProxyErrorListener.syntaxError(ProxyErrorListener.java:44) ~[groovy-3.0.20.jar:3.0.20]
	at groovyjarjarantlr4.v4.runtime.Parser.notifyErrorListeners(Parser.java:543) ~[groovy-3.0.20.jar:3.0.20]
	at groovyjarjarantlr4.v4.runtime.DefaultErrorStrategy.notifyErrorListeners(DefaultErrorStrategy.java:154) ~[groovy-3.0.20.jar:3.0.20]
	at org.apache.groovy.parser.antlr4.internal.DescriptiveErrorStrategy.reportInputMismatch(DescriptiveErrorStrategy.java:103) ~[groovy-3.0.20.jar:3.0.20]
	at org.apache.groovy.parser.antlr4.internal.DescriptiveErrorStrategy.recover(DescriptiveErrorStrategy.java:55) ~[groovy-3.0.20.jar:3.0.20]
	at org.apache.groovy.parser.antlr4.internal.DescriptiveErrorStrategy.recoverInline(DescriptiveErrorStrategy.java:68) ~[groovy-3.0.20.jar:3.0.20]
	at groovyjarjarantlr4.v4.runtime.Parser.match(Parser.java:213) ~[groovy-3.0.20.jar:3.0.20]
	at org.apache.groovy.parser.antlr4.GroovyParser.compilationUnit(GroovyParser.java:362) ~[groovy-3.0.20.jar:3.0.20]
	at org.apache.groovy.parser.antlr4.AstBuilder.buildCST(AstBuilder.java:250) ~[groovy-3.0.20.jar:3.0.20]
	at org.apache.groovy.parser.antlr4.AstBuilder.buildCST(AstBuilder.java:228) ~[groovy-3.0.20.jar:3.0.20]
	at org.apache.groovy.parser.antlr4.AstBuilder.buildAST(AstBuilder.java:269) ~[groovy-3.0.20.jar:3.0.20]
	at org.apache.groovy.parser.antlr4.Antlr4ParserPlugin.buildAST(Antlr4ParserPlugin.java:58) ~[groovy-3.0.20.jar:3.0.20]
	at org.codehaus.groovy.control.SourceUnit.buildAST(SourceUnit.java:256) ~[groovy-3.0.20.jar:3.0.20]
	at java.base/java.util.Iterator.forEachRemaining(Iterator.java:133) ~[?:?]
	at java.base/java.util.Spliterators$IteratorSpliterator.forEachRemaining(Spliterators.java:1845) ~[?:?]
	at java.base/java.util.stream.ReferencePipeline$Head.forEach(ReferencePipeline.java:762) ~[?:?]
	at org.codehaus.groovy.control.CompilationUnit.buildASTs(CompilationUnit.java:667) ~[groovy-3.0.20.jar:3.0.20]
	at org.codehaus.groovy.control.CompilationUnit.compile(CompilationUnit.java:633) ~[groovy-3.0.20.jar:3.0.20]
	at groovy.lang.GroovyClassLoader.doParseClass(GroovyClassLoader.java:389) ~[groovy-3.0.20.jar:3.0.20]
	at groovy.lang.GroovyClassLoader.lambda$parseClass$3(GroovyClassLoader.java:332) ~[groovy-3.0.20.jar:3.0.20]
	at org.codehaus.groovy.runtime.memoize.StampedCommonCache.compute(StampedCommonCache.java:163) ~[groovy-3.0.20.jar:3.0.20]
	at org.codehaus.groovy.runtime.memoize.StampedCommonCache.getAndPut(StampedCommonCache.java:154) ~[groovy-3.0.20.jar:3.0.20]
	at groovy.lang.GroovyClassLoader.parseClass(GroovyClassLoader.java:330) ~[groovy-3.0.20.jar:3.0.20]
	at groovy.lang.GroovyClassLoader.parseClass(GroovyClassLoader.java:314) ~[groovy-3.0.20.jar:3.0.20]
	at groovy.lang.GroovyClassLoader.parseClass(GroovyClassLoader.java:257) ~[groovy-3.0.20.jar:3.0.20]
	at org.codehaus.groovy.jsr223.GroovyScriptEngineImpl.getScriptClass(GroovyScriptEngineImpl.java:336) ~[groovy-jsr223-3.0.20.jar:3.0.20]
	at org.codehaus.groovy.jsr223.GroovyScriptEngineImpl.eval(GroovyScriptEngineImpl.java:153) ~[groovy-jsr223-3.0.20.jar:3.0.20]
	... 8 more
2025-09-03 19:18:13,044 ERROR o.a.j.p.j.s.JSR223Sampler: Problem in JSR223 script Process Call Decision, message: javax.script.ScriptException: org.codehaus.groovy.control.MultipleCompilationErrorsException: startup failed:
Script147.groovy: 1: Unexpected input: 'def' @ line 1, column 347.
   put("callerId", "unknown"); } def random
                                 ^

1 error

javax.script.ScriptException: org.codehaus.groovy.control.MultipleCompilationErrorsException: startup failed:
Script147.groovy: 1: Unexpected input: 'def' @ line 1, column 347.
   put("callerId", "unknown"); } def random
                                 ^

1 error

	at org.codehaus.groovy.jsr223.GroovyScriptEngineImpl.eval(GroovyScriptEngineImpl.java:158) ~[groovy-jsr223-3.0.20.jar:3.0.20]
	at java.scripting/javax.script.AbstractScriptEngine.eval(AbstractScriptEngine.java:231) ~[java.scripting:?]
	at org.apache.jmeter.util.JSR223TestElement.processFileOrScript(JSR223TestElement.java:232) ~[ApacheJMeter_core.jar:5.6.3]
	at org.apache.jmeter.protocol.java.sampler.JSR223Sampler.sample(JSR223Sampler.java:72) [ApacheJMeter_java.jar:5.6.3]
	at org.apache.jmeter.threads.JMeterThread.doSampling(JMeterThread.java:651) [ApacheJMeter_core.jar:5.6.3]
	at org.apache.jmeter.threads.JMeterThread.executeSamplePackage(JMeterThread.java:570) [ApacheJMeter_core.jar:5.6.3]
	at org.apache.jmeter.threads.JMeterThread.processSampler(JMeterThread.java:501) [ApacheJMeter_core.jar:5.6.3]
	at org.apache.jmeter.threads.JMeterThread.run(JMeterThread.java:268) [ApacheJMeter_core.jar:5.6.3]
	at java.base/java.lang.Thread.run(Thread.java:842) [?:?]
Caused by: org.codehaus.groovy.control.MultipleCompilationErrorsException: startup failed:
Script147.groovy: 1: Unexpected input: 'def' @ line 1, column 347.
   put("callerId", "unknown"); } def random
                                 ^

1 error

	at org.codehaus.groovy.control.ErrorCollector.failIfErrors(ErrorCollector.java:292) ~[groovy-3.0.20.jar:3.0.20]
	at org.codehaus.groovy.control.ErrorCollector.addFatalError(ErrorCollector.java:148) ~[groovy-3.0.20.jar:3.0.20]
	at org.apache.groovy.parser.antlr4.AstBuilder.collectSyntaxError(AstBuilder.java:4301) ~[groovy-3.0.20.jar:3.0.20]
	at org.apache.groovy.parser.antlr4.AstBuilder.access$000(AstBuilder.java:176) ~[groovy-3.0.20.jar:3.0.20]
	at org.apache.groovy.parser.antlr4.AstBuilder$1.syntaxError(AstBuilder.java:4312) ~[groovy-3.0.20.jar:3.0.20]
	at groovyjarjarantlr4.v4.runtime.ProxyErrorListener.syntaxError(ProxyErrorListener.java:44) ~[groovy-3.0.20.jar:3.0.20]
	at groovyjarjarantlr4.v4.runtime.Parser.notifyErrorListeners(Parser.java:543) ~[groovy-3.0.20.jar:3.0.20]
	at groovyjarjarantlr4.v4.runtime.DefaultErrorStrategy.notifyErrorListeners(DefaultErrorStrategy.java:154) ~[groovy-3.0.20.jar:3.0.20]
	at org.apache.groovy.parser.antlr4.internal.DescriptiveErrorStrategy.reportInputMismatch(DescriptiveErrorStrategy.java:103) ~[groovy-3.0.20.jar:3.0.20]
	at org.apache.groovy.parser.antlr4.internal.DescriptiveErrorStrategy.recover(DescriptiveErrorStrategy.java:55) ~[groovy-3.0.20.jar:3.0.20]
	at org.apache.groovy.parser.antlr4.internal.DescriptiveErrorStrategy.recoverInline(DescriptiveErrorStrategy.java:68) ~[groovy-3.0.20.jar:3.0.20]
	at groovyjarjarantlr4.v4.runtime.Parser.match(Parser.java:213) ~[groovy-3.0.20.jar:3.0.20]
	at org.apache.groovy.parser.antlr4.GroovyParser.compilationUnit(GroovyParser.java:362) ~[groovy-3.0.20.jar:3.0.20]
	at org.apache.groovy.parser.antlr4.AstBuilder.buildCST(AstBuilder.java:250) ~[groovy-3.0.20.jar:3.0.20]
	at org.apache.groovy.parser.antlr4.AstBuilder.buildCST(AstBuilder.java:228) ~[groovy-3.0.20.jar:3.0.20]
	at org.apache.groovy.parser.antlr4.AstBuilder.buildAST(AstBuilder.java:269) ~[groovy-3.0.20.jar:3.0.20]
	at org.apache.groovy.parser.antlr4.Antlr4ParserPlugin.buildAST(Antlr4ParserPlugin.java:58) ~[groovy-3.0.20.jar:3.0.20]
	at org.codehaus.groovy.control.SourceUnit.buildAST(SourceUnit.java:256) ~[groovy-3.0.20.jar:3.0.20]
	at java.base/java.util.Iterator.forEachRemaining(Iterator.java:133) ~[?:?]
	at java.base/java.util.Spliterators$IteratorSpliterator.forEachRemaining(Spliterators.java:1845) ~[?:?]
	at java.base/java.util.stream.ReferencePipeline$Head.forEach(ReferencePipeline.java:762) ~[?:?]
	at org.codehaus.groovy.control.CompilationUnit.buildASTs(CompilationUnit.java:667) ~[groovy-3.0.20.jar:3.0.20]
	at org.codehaus.groovy.control.CompilationUnit.compile(CompilationUnit.java:633) ~[groovy-3.0.20.jar:3.0.20]
	at groovy.lang.GroovyClassLoader.doParseClass(GroovyClassLoader.java:389) ~[groovy-3.0.20.jar:3.0.20]
	at groovy.lang.GroovyClassLoader.lambda$parseClass$3(GroovyClassLoader.java:332) ~[groovy-3.0.20.jar:3.0.20]
	at org.codehaus.groovy.runtime.memoize.StampedCommonCache.compute(StampedCommonCache.java:163) ~[groovy-3.0.20.jar:3.0.20]
	at org.codehaus.groovy.runtime.memoize.StampedCommonCache.getAndPut(StampedCommonCache.java:154) ~[groovy-3.0.20.jar:3.0.20]
	at groovy.lang.GroovyClassLoader.parseClass(GroovyClassLoader.java:330) ~[groovy-3.0.20.jar:3.0.20]
	at groovy.lang.GroovyClassLoader.parseClass(GroovyClassLoader.java:314) ~[groovy-3.0.20.jar:3.0.20]
	at groovy.lang.GroovyClassLoader.parseClass(GroovyClassLoader.java:257) ~[groovy-3.0.20.jar:3.0.20]
	at org.codehaus.groovy.jsr223.GroovyScriptEngineImpl.getScriptClass(GroovyScriptEngineImpl.java:336) ~[groovy-jsr223-3.0.20.jar:3.0.20]
	at org.codehaus.groovy.jsr223.GroovyScriptEngineImpl.eval(GroovyScriptEngineImpl.java:153) ~[groovy-jsr223-3.0.20.jar:3.0.20]
	... 8 more
2025-09-03 19:18:13,484 ERROR o.a.j.p.j.s.JSR223Sampler: Problem in JSR223 script Process Call Decision, message: javax.script.ScriptException: org.codehaus.groovy.control.MultipleCompilationErrorsException: startup failed:
Script148.groovy: 1: Unexpected input: 'def' @ line 1, column 347.
   put("callerId", "unknown"); } def random
                                 ^

1 error

javax.script.ScriptException: org.codehaus.groovy.control.MultipleCompilationErrorsException: startup failed:
Script148.groovy: 1: Unexpected input: 'def' @ line 1, column 347.
   put("callerId", "unknown"); } def random
                                 ^

1 error

	at org.codehaus.groovy.jsr223.GroovyScriptEngineImpl.eval(GroovyScriptEngineImpl.java:158) ~[groovy-jsr223-3.0.20.jar:3.0.20]
	at java.scripting/javax.script.AbstractScriptEngine.eval(AbstractScriptEngine.java:231) ~[java.scripting:?]
	at org.apache.jmeter.util.JSR223TestElement.processFileOrScript(JSR223TestElement.java:232) ~[ApacheJMeter_core.jar:5.6.3]
	at org.apache.jmeter.protocol.java.sampler.JSR223Sampler.sample(JSR223Sampler.java:72) [ApacheJMeter_java.jar:5.6.3]
	at org.apache.jmeter.threads.JMeterThread.doSampling(JMeterThread.java:651) [ApacheJMeter_core.jar:5.6.3]
	at org.apache.jmeter.threads.JMeterThread.executeSamplePackage(JMeterThread.java:570) [ApacheJMeter_core.jar:5.6.3]
	at org.apache.jmeter.threads.JMeterThread.processSampler(JMeterThread.java:501) [ApacheJMeter_core.jar:5.6.3]
	at org.apache.jmeter.threads.JMeterThread.run(JMeterThread.java:268) [ApacheJMeter_core.jar:5.6.3]
	at java.base/java.lang.Thread.run(Thread.java:842) [?:?]
Caused by: org.codehaus.groovy.control.MultipleCompilationErrorsException: startup failed:
Script148.groovy: 1: Unexpected input: 'def' @ line 1, column 347.
   put("callerId", "unknown"); } def random
                                 ^

1 error

	at org.codehaus.groovy.control.ErrorCollector.failIfErrors(ErrorCollector.java:292) ~[groovy-3.0.20.jar:3.0.20]
	at org.codehaus.groovy.control.ErrorCollector.addFatalError(ErrorCollector.java:148) ~[groovy-3.0.20.jar:3.0.20]
	at org.apache.groovy.parser.antlr4.AstBuilder.collectSyntaxError(AstBuilder.java:4301) ~[groovy-3.0.20.jar:3.0.20]
	at org.apache.groovy.parser.antlr4.AstBuilder.access$000(AstBuilder.java:176) ~[groovy-3.0.20.jar:3.0.20]
	at org.apache.groovy.parser.antlr4.AstBuilder$1.syntaxError(AstBuilder.java:4312) ~[groovy-3.0.20.jar:3.0.20]
	at groovyjarjarantlr4.v4.runtime.ProxyErrorListener.syntaxError(ProxyErrorListener.java:44) ~[groovy-3.0.20.jar:3.0.20]
	at groovyjarjarantlr4.v4.runtime.Parser.notifyErrorListeners(Parser.java:543) ~[groovy-3.0.20.jar:3.0.20]
	at groovyjarjarantlr4.v4.runtime.DefaultErrorStrategy.notifyErrorListeners(DefaultErrorStrategy.java:154) ~[groovy-3.0.20.jar:3.0.20]
	at org.apache.groovy.parser.antlr4.internal.DescriptiveErrorStrategy.reportInputMismatch(DescriptiveErrorStrategy.java:103) ~[groovy-3.0.20.jar:3.0.20]
	at org.apache.groovy.parser.antlr4.internal.DescriptiveErrorStrategy.recover(DescriptiveErrorStrategy.java:55) ~[groovy-3.0.20.jar:3.0.20]
	at org.apache.groovy.parser.antlr4.internal.DescriptiveErrorStrategy.recoverInline(DescriptiveErrorStrategy.java:68) ~[groovy-3.0.20.jar:3.0.20]
	at groovyjarjarantlr4.v4.runtime.Parser.match(Parser.java:213) ~[groovy-3.0.20.jar:3.0.20]
	at org.apache.groovy.parser.antlr4.GroovyParser.compilationUnit(GroovyParser.java:362) ~[groovy-3.0.20.jar:3.0.20]
	at org.apache.groovy.parser.antlr4.AstBuilder.buildCST(AstBuilder.java:250) ~[groovy-3.0.20.jar:3.0.20]
	at org.apache.groovy.parser.antlr4.AstBuilder.buildCST(AstBuilder.java:228) ~[groovy-3.0.20.jar:3.0.20]
	at org.apache.groovy.parser.antlr4.AstBuilder.buildAST(AstBuilder.java:269) ~[groovy-3.0.20.jar:3.0.20]
	at org.apache.groovy.parser.antlr4.Antlr4ParserPlugin.buildAST(Antlr4ParserPlugin.java:58) ~[groovy-3.0.20.jar:3.0.20]
	at org.codehaus.groovy.control.SourceUnit.buildAST(SourceUnit.java:256) ~[groovy-3.0.20.jar:3.0.20]
	at java.base/java.util.Iterator.forEachRemaining(Iterator.java:133) ~[?:?]
	at java.base/java.util.Spliterators$IteratorSpliterator.forEachRemaining(Spliterators.java:1845) ~[?:?]
	at java.base/java.util.stream.ReferencePipeline$Head.forEach(ReferencePipeline.java:762) ~[?:?]
	at org.codehaus.groovy.control.CompilationUnit.buildASTs(CompilationUnit.java:667) ~[groovy-3.0.20.jar:3.0.20]
	at org.codehaus.groovy.control.CompilationUnit.compile(CompilationUnit.java:633) ~[groovy-3.0.20.jar:3.0.20]
	at groovy.lang.GroovyClassLoader.doParseClass(GroovyClassLoader.java:389) ~[groovy-3.0.20.jar:3.0.20]
	at groovy.lang.GroovyClassLoader.lambda$parseClass$3(GroovyClassLoader.java:332) ~[groovy-3.0.20.jar:3.0.20]
	at org.codehaus.groovy.runtime.memoize.StampedCommonCache.compute(StampedCommonCache.java:163) ~[groovy-3.0.20.jar:3.0.20]
	at org.codehaus.groovy.runtime.memoize.StampedCommonCache.getAndPut(StampedCommonCache.java:154) ~[groovy-3.0.20.jar:3.0.20]
	at groovy.lang.GroovyClassLoader.parseClass(GroovyClassLoader.java:330) ~[groovy-3.0.20.jar:3.0.20]
	at groovy.lang.GroovyClassLoader.parseClass(GroovyClassLoader.java:314) ~[groovy-3.0.20.jar:3.0.20]
	at groovy.lang.GroovyClassLoader.parseClass(GroovyClassLoader.java:257) ~[groovy-3.0.20.jar:3.0.20]
	at org.codehaus.groovy.jsr223.GroovyScriptEngineImpl.getScriptClass(GroovyScriptEngineImpl.java:336) ~[groovy-jsr223-3.0.20.jar:3.0.20]
	at org.codehaus.groovy.jsr223.GroovyScriptEngineImpl.eval(GroovyScriptEngineImpl.java:153) ~[groovy-jsr223-3.0.20.jar:3.0.20]
	... 8 more
2025-09-03 19:18:13,731 ERROR o.a.j.p.j.s.JSR223Sampler: Problem in JSR223 script Process Call Decision, message: javax.script.ScriptException: org.codehaus.groovy.control.MultipleCompilationErrorsException: startup failed:
Script151.groovy: 1: Unexpected input: 'def' @ line 1, column 347.
   put("callerId", "unknown"); } def random
                                 ^

1 error

javax.script.ScriptException: org.codehaus.groovy.control.MultipleCompilationErrorsException: startup failed:
Script151.groovy: 1: Unexpected input: 'def' @ line 1, column 347.
   put("callerId", "unknown"); } def random
                                 ^

1 error

	at org.codehaus.groovy.jsr223.GroovyScriptEngineImpl.eval(GroovyScriptEngineImpl.java:158) ~[groovy-jsr223-3.0.20.jar:3.0.20]
	at java.scripting/javax.script.AbstractScriptEngine.eval(AbstractScriptEngine.java:231) ~[java.scripting:?]
	at org.apache.jmeter.util.JSR223TestElement.processFileOrScript(JSR223TestElement.java:232) ~[ApacheJMeter_core.jar:5.6.3]
	at org.apache.jmeter.protocol.java.sampler.JSR223Sampler.sample(JSR223Sampler.java:72) [ApacheJMeter_java.jar:5.6.3]
	at org.apache.jmeter.threads.JMeterThread.doSampling(JMeterThread.java:651) [ApacheJMeter_core.jar:5.6.3]
	at org.apache.jmeter.threads.JMeterThread.executeSamplePackage(JMeterThread.java:570) [ApacheJMeter_core.jar:5.6.3]
	at org.apache.jmeter.threads.JMeterThread.processSampler(JMeterThread.java:501) [ApacheJMeter_core.jar:5.6.3]
	at org.apache.jmeter.threads.JMeterThread.run(JMeterThread.java:268) [ApacheJMeter_core.jar:5.6.3]
	at java.base/java.lang.Thread.run(Thread.java:842) [?:?]
Caused by: org.codehaus.groovy.control.MultipleCompilationErrorsException: startup failed:
Script151.groovy: 1: Unexpected input: 'def' @ line 1, column 347.
   put("callerId", "unknown"); } def random
                                 ^

1 error

	at org.codehaus.groovy.control.ErrorCollector.failIfErrors(ErrorCollector.java:292) ~[groovy-3.0.20.jar:3.0.20]
	at org.codehaus.groovy.control.ErrorCollector.addFatalError(ErrorCollector.java:148) ~[groovy-3.0.20.jar:3.0.20]
	at org.apache.groovy.parser.antlr4.AstBuilder.collectSyntaxError(AstBuilder.java:4301) ~[groovy-3.0.20.jar:3.0.20]
	at org.apache.groovy.parser.antlr4.AstBuilder.access$000(AstBuilder.java:176) ~[groovy-3.0.20.jar:3.0.20]
	at org.apache.groovy.parser.antlr4.AstBuilder$1.syntaxError(AstBuilder.java:4312) ~[groovy-3.0.20.jar:3.0.20]
	at groovyjarjarantlr4.v4.runtime.ProxyErrorListener.syntaxError(ProxyErrorListener.java:44) ~[groovy-3.0.20.jar:3.0.20]
	at groovyjarjarantlr4.v4.runtime.Parser.notifyErrorListeners(Parser.java:543) ~[groovy-3.0.20.jar:3.0.20]
	at groovyjarjarantlr4.v4.runtime.DefaultErrorStrategy.notifyErrorListeners(DefaultErrorStrategy.java:154) ~[groovy-3.0.20.jar:3.0.20]
	at org.apache.groovy.parser.antlr4.internal.DescriptiveErrorStrategy.reportInputMismatch(DescriptiveErrorStrategy.java:103) ~[groovy-3.0.20.jar:3.0.20]
	at org.apache.groovy.parser.antlr4.internal.DescriptiveErrorStrategy.recover(DescriptiveErrorStrategy.java:55) ~[groovy-3.0.20.jar:3.0.20]
	at org.apache.groovy.parser.antlr4.internal.DescriptiveErrorStrategy.recoverInline(DescriptiveErrorStrategy.java:68) ~[groovy-3.0.20.jar:3.0.20]
	at groovyjarjarantlr4.v4.runtime.Parser.match(Parser.java:213) ~[groovy-3.0.20.jar:3.0.20]
	at org.apache.groovy.parser.antlr4.GroovyParser.compilationUnit(GroovyParser.java:362) ~[groovy-3.0.20.jar:3.0.20]
	at org.apache.groovy.parser.antlr4.AstBuilder.buildCST(AstBuilder.java:250) ~[groovy-3.0.20.jar:3.0.20]
	at org.apache.groovy.parser.antlr4.AstBuilder.buildCST(AstBuilder.java:228) ~[groovy-3.0.20.jar:3.0.20]
	at org.apache.groovy.parser.antlr4.AstBuilder.buildAST(AstBuilder.java:269) ~[groovy-3.0.20.jar:3.0.20]
	at org.apache.groovy.parser.antlr4.Antlr4ParserPlugin.buildAST(Antlr4ParserPlugin.java:58) ~[groovy-3.0.20.jar:3.0.20]
	at org.codehaus.groovy.control.SourceUnit.buildAST(SourceUnit.java:256) ~[groovy-3.0.20.jar:3.0.20]
	at java.base/java.util.Iterator.forEachRemaining(Iterator.java:133) ~[?:?]
	at java.base/java.util.Spliterators$IteratorSpliterator.forEachRemaining(Spliterators.java:1845) ~[?:?]
	at java.base/java.util.stream.ReferencePipeline$Head.forEach(ReferencePipeline.java:762) ~[?:?]
	at org.codehaus.groovy.control.CompilationUnit.buildASTs(CompilationUnit.java:667) ~[groovy-3.0.20.jar:3.0.20]
	at org.codehaus.groovy.control.CompilationUnit.compile(CompilationUnit.java:633) ~[groovy-3.0.20.jar:3.0.20]
	at groovy.lang.GroovyClassLoader.doParseClass(GroovyClassLoader.java:389) ~[groovy-3.0.20.jar:3.0.20]
	at groovy.lang.GroovyClassLoader.lambda$parseClass$3(GroovyClassLoader.java:332) ~[groovy-3.0.20.jar:3.0.20]
	at org.codehaus.groovy.runtime.memoize.StampedCommonCache.compute(StampedCommonCache.java:163) ~[groovy-3.0.20.jar:3.0.20]
	at org.codehaus.groovy.runtime.memoize.StampedCommonCache.getAndPut(StampedCommonCache.java:154) ~[groovy-3.0.20.jar:3.0.20]
	at groovy.lang.GroovyClassLoader.parseClass(GroovyClassLoader.java:330) ~[groovy-3.0.20.jar:3.0.20]
	at groovy.lang.GroovyClassLoader.parseClass(GroovyClassLoader.java:314) ~[groovy-3.0.20.jar:3.0.20]
	at groovy.lang.GroovyClassLoader.parseClass(GroovyClassLoader.java:257) ~[groovy-3.0.20.jar:3.0.20]
	at org.codehaus.groovy.jsr223.GroovyScriptEngineImpl.getScriptClass(GroovyScriptEngineImpl.java:336) ~[groovy-jsr223-3.0.20.jar:3.0.20]
	at org.codehaus.groovy.jsr223.GroovyScriptEngineImpl.eval(GroovyScriptEngineImpl.java:153) ~[groovy-jsr223-3.0.20.jar:3.0.20]
	... 8 more
2025-09-03 19:18:14,528 ERROR o.a.j.p.j.s.JSR223Sampler: Problem in JSR223 script Process Call Decision, message: javax.script.ScriptException: org.codehaus.groovy.control.MultipleCompilationErrorsException: startup failed:
Script156.groovy: 1: Unexpected input: 'def' @ line 1, column 347.
   put("callerId", "unknown"); } def random
                                 ^

1 error

javax.script.ScriptException: org.codehaus.groovy.control.MultipleCompilationErrorsException: startup failed:
Script156.groovy: 1: Unexpected input: 'def' @ line 1, column 347.
   put("callerId", "unknown"); } def random
                                 ^

1 error

	at org.codehaus.groovy.jsr223.GroovyScriptEngineImpl.eval(GroovyScriptEngineImpl.java:158) ~[groovy-jsr223-3.0.20.jar:3.0.20]
	at java.scripting/javax.script.AbstractScriptEngine.eval(AbstractScriptEngine.java:231) ~[java.scripting:?]
	at org.apache.jmeter.util.JSR223TestElement.processFileOrScript(JSR223TestElement.java:232) ~[ApacheJMeter_core.jar:5.6.3]
	at org.apache.jmeter.protocol.java.sampler.JSR223Sampler.sample(JSR223Sampler.java:72) [ApacheJMeter_java.jar:5.6.3]
	at org.apache.jmeter.threads.JMeterThread.doSampling(JMeterThread.java:651) [ApacheJMeter_core.jar:5.6.3]
	at org.apache.jmeter.threads.JMeterThread.executeSamplePackage(JMeterThread.java:570) [ApacheJMeter_core.jar:5.6.3]
	at org.apache.jmeter.threads.JMeterThread.processSampler(JMeterThread.java:501) [ApacheJMeter_core.jar:5.6.3]
	at org.apache.jmeter.threads.JMeterThread.run(JMeterThread.java:268) [ApacheJMeter_core.jar:5.6.3]
	at java.base/java.lang.Thread.run(Thread.java:842) [?:?]
Caused by: org.codehaus.groovy.control.MultipleCompilationErrorsException: startup failed:
Script156.groovy: 1: Unexpected input: 'def' @ line 1, column 347.
   put("callerId", "unknown"); } def random
                                 ^

1 error

	at org.codehaus.groovy.control.ErrorCollector.failIfErrors(ErrorCollector.java:292) ~[groovy-3.0.20.jar:3.0.20]
	at org.codehaus.groovy.control.ErrorCollector.addFatalError(ErrorCollector.java:148) ~[groovy-3.0.20.jar:3.0.20]
	at org.apache.groovy.parser.antlr4.AstBuilder.collectSyntaxError(AstBuilder.java:4301) ~[groovy-3.0.20.jar:3.0.20]
	at org.apache.groovy.parser.antlr4.AstBuilder.access$000(AstBuilder.java:176) ~[groovy-3.0.20.jar:3.0.20]
	at org.apache.groovy.parser.antlr4.AstBuilder$1.syntaxError(AstBuilder.java:4312) ~[groovy-3.0.20.jar:3.0.20]
	at groovyjarjarantlr4.v4.runtime.ProxyErrorListener.syntaxError(ProxyErrorListener.java:44) ~[groovy-3.0.20.jar:3.0.20]
	at groovyjarjarantlr4.v4.runtime.Parser.notifyErrorListeners(Parser.java:543) ~[groovy-3.0.20.jar:3.0.20]
	at groovyjarjarantlr4.v4.runtime.DefaultErrorStrategy.notifyErrorListeners(DefaultErrorStrategy.java:154) ~[groovy-3.0.20.jar:3.0.20]
	at org.apache.groovy.parser.antlr4.internal.DescriptiveErrorStrategy.reportInputMismatch(DescriptiveErrorStrategy.java:103) ~[groovy-3.0.20.jar:3.0.20]
	at org.apache.groovy.parser.antlr4.internal.DescriptiveErrorStrategy.recover(DescriptiveErrorStrategy.java:55) ~[groovy-3.0.20.jar:3.0.20]
	at org.apache.groovy.parser.antlr4.internal.DescriptiveErrorStrategy.recoverInline(DescriptiveErrorStrategy.java:68) ~[groovy-3.0.20.jar:3.0.20]
	at groovyjarjarantlr4.v4.runtime.Parser.match(Parser.java:213) ~[groovy-3.0.20.jar:3.0.20]
	at org.apache.groovy.parser.antlr4.GroovyParser.compilationUnit(GroovyParser.java:362) ~[groovy-3.0.20.jar:3.0.20]
	at org.apache.groovy.parser.antlr4.AstBuilder.buildCST(AstBuilder.java:250) ~[groovy-3.0.20.jar:3.0.20]
	at org.apache.groovy.parser.antlr4.AstBuilder.buildCST(AstBuilder.java:228) ~[groovy-3.0.20.jar:3.0.20]
	at org.apache.groovy.parser.antlr4.AstBuilder.buildAST(AstBuilder.java:269) ~[groovy-3.0.20.jar:3.0.20]
	at org.apache.groovy.parser.antlr4.Antlr4ParserPlugin.buildAST(Antlr4ParserPlugin.java:58) ~[groovy-3.0.20.jar:3.0.20]
	at org.codehaus.groovy.control.SourceUnit.buildAST(SourceUnit.java:256) ~[groovy-3.0.20.jar:3.0.20]
	at java.base/java.util.Iterator.forEachRemaining(Iterator.java:133) ~[?:?]
	at java.base/java.util.Spliterators$IteratorSpliterator.forEachRemaining(Spliterators.java:1845) ~[?:?]
	at java.base/java.util.stream.ReferencePipeline$Head.forEach(ReferencePipeline.java:762) ~[?:?]
	at org.codehaus.groovy.control.CompilationUnit.buildASTs(CompilationUnit.java:667) ~[groovy-3.0.20.jar:3.0.20]
	at org.codehaus.groovy.control.CompilationUnit.compile(CompilationUnit.java:633) ~[groovy-3.0.20.jar:3.0.20]
	at groovy.lang.GroovyClassLoader.doParseClass(GroovyClassLoader.java:389) ~[groovy-3.0.20.jar:3.0.20]
	at groovy.lang.GroovyClassLoader.lambda$parseClass$3(GroovyClassLoader.java:332) ~[groovy-3.0.20.jar:3.0.20]
	at org.codehaus.groovy.runtime.memoize.StampedCommonCache.compute(StampedCommonCache.java:163) ~[groovy-3.0.20.jar:3.0.20]
	at org.codehaus.groovy.runtime.memoize.StampedCommonCache.getAndPut(StampedCommonCache.java:154) ~[groovy-3.0.20.jar:3.0.20]
	at groovy.lang.GroovyClassLoader.parseClass(GroovyClassLoader.java:330) ~[groovy-3.0.20.jar:3.0.20]
	at groovy.lang.GroovyClassLoader.parseClass(GroovyClassLoader.java:314) ~[groovy-3.0.20.jar:3.0.20]
	at groovy.lang.GroovyClassLoader.parseClass(GroovyClassLoader.java:257) ~[groovy-3.0.20.jar:3.0.20]
	at org.codehaus.groovy.jsr223.GroovyScriptEngineImpl.getScriptClass(GroovyScriptEngineImpl.java:336) ~[groovy-jsr223-3.0.20.jar:3.0.20]
	at org.codehaus.groovy.jsr223.GroovyScriptEngineImpl.eval(GroovyScriptEngineImpl.java:153) ~[groovy-jsr223-3.0.20.jar:3.0.20]
	... 8 more
2025-09-03 19:18:15,518 ERROR o.a.j.p.j.s.JSR223Sampler: Problem in JSR223 script Process Call Decision, message: javax.script.ScriptException: org.codehaus.groovy.control.MultipleCompilationErrorsException: startup failed:
Script159.groovy: 1: Unexpected input: 'def' @ line 1, column 347.
   put("callerId", "unknown"); } def random
                                 ^

1 error

javax.script.ScriptException: org.codehaus.groovy.control.MultipleCompilationErrorsException: startup failed:
Script159.groovy: 1: Unexpected input: 'def' @ line 1, column 347.
   put("callerId", "unknown"); } def random
                                 ^

1 error

	at org.codehaus.groovy.jsr223.GroovyScriptEngineImpl.eval(GroovyScriptEngineImpl.java:158) ~[groovy-jsr223-3.0.20.jar:3.0.20]
	at java.scripting/javax.script.AbstractScriptEngine.eval(AbstractScriptEngine.java:231) ~[java.scripting:?]
	at org.apache.jmeter.util.JSR223TestElement.processFileOrScript(JSR223TestElement.java:232) ~[ApacheJMeter_core.jar:5.6.3]
	at org.apache.jmeter.protocol.java.sampler.JSR223Sampler.sample(JSR223Sampler.java:72) [ApacheJMeter_java.jar:5.6.3]
	at org.apache.jmeter.threads.JMeterThread.doSampling(JMeterThread.java:651) [ApacheJMeter_core.jar:5.6.3]
	at org.apache.jmeter.threads.JMeterThread.executeSamplePackage(JMeterThread.java:570) [ApacheJMeter_core.jar:5.6.3]
	at org.apache.jmeter.threads.JMeterThread.processSampler(JMeterThread.java:501) [ApacheJMeter_core.jar:5.6.3]
	at org.apache.jmeter.threads.JMeterThread.run(JMeterThread.java:268) [ApacheJMeter_core.jar:5.6.3]
	at java.base/java.lang.Thread.run(Thread.java:842) [?:?]
Caused by: org.codehaus.groovy.control.MultipleCompilationErrorsException: startup failed:
Script159.groovy: 1: Unexpected input: 'def' @ line 1, column 347.
   put("callerId", "unknown"); } def random
                                 ^

1 error

	at org.codehaus.groovy.control.ErrorCollector.failIfErrors(ErrorCollector.java:292) ~[groovy-3.0.20.jar:3.0.20]
	at org.codehaus.groovy.control.ErrorCollector.addFatalError(ErrorCollector.java:148) ~[groovy-3.0.20.jar:3.0.20]
	at org.apache.groovy.parser.antlr4.AstBuilder.collectSyntaxError(AstBuilder.java:4301) ~[groovy-3.0.20.jar:3.0.20]
	at org.apache.groovy.parser.antlr4.AstBuilder.access$000(AstBuilder.java:176) ~[groovy-3.0.20.jar:3.0.20]
	at org.apache.groovy.parser.antlr4.AstBuilder$1.syntaxError(AstBuilder.java:4312) ~[groovy-3.0.20.jar:3.0.20]
	at groovyjarjarantlr4.v4.runtime.ProxyErrorListener.syntaxError(ProxyErrorListener.java:44) ~[groovy-3.0.20.jar:3.0.20]
	at groovyjarjarantlr4.v4.runtime.Parser.notifyErrorListeners(Parser.java:543) ~[groovy-3.0.20.jar:3.0.20]
	at groovyjarjarantlr4.v4.runtime.DefaultErrorStrategy.notifyErrorListeners(DefaultErrorStrategy.java:154) ~[groovy-3.0.20.jar:3.0.20]
	at org.apache.groovy.parser.antlr4.internal.DescriptiveErrorStrategy.reportInputMismatch(DescriptiveErrorStrategy.java:103) ~[groovy-3.0.20.jar:3.0.20]
	at org.apache.groovy.parser.antlr4.internal.DescriptiveErrorStrategy.recover(DescriptiveErrorStrategy.java:55) ~[groovy-3.0.20.jar:3.0.20]
	at org.apache.groovy.parser.antlr4.internal.DescriptiveErrorStrategy.recoverInline(DescriptiveErrorStrategy.java:68) ~[groovy-3.0.20.jar:3.0.20]
	at groovyjarjarantlr4.v4.runtime.Parser.match(Parser.java:213) ~[groovy-3.0.20.jar:3.0.20]
	at org.apache.groovy.parser.antlr4.GroovyParser.compilationUnit(GroovyParser.java:362) ~[groovy-3.0.20.jar:3.0.20]
	at org.apache.groovy.parser.antlr4.AstBuilder.buildCST(AstBuilder.java:250) ~[groovy-3.0.20.jar:3.0.20]
	at org.apache.groovy.parser.antlr4.AstBuilder.buildCST(AstBuilder.java:228) ~[groovy-3.0.20.jar:3.0.20]
	at org.apache.groovy.parser.antlr4.AstBuilder.buildAST(AstBuilder.java:269) ~[groovy-3.0.20.jar:3.0.20]
	at org.apache.groovy.parser.antlr4.Antlr4ParserPlugin.buildAST(Antlr4ParserPlugin.java:58) ~[groovy-3.0.20.jar:3.0.20]
	at org.codehaus.groovy.control.SourceUnit.buildAST(SourceUnit.java:256) ~[groovy-3.0.20.jar:3.0.20]
	at java.base/java.util.Iterator.forEachRemaining(Iterator.java:133) ~[?:?]
	at java.base/java.util.Spliterators$IteratorSpliterator.forEachRemaining(Spliterators.java:1845) ~[?:?]
	at java.base/java.util.stream.ReferencePipeline$Head.forEach(ReferencePipeline.java:762) ~[?:?]
	at org.codehaus.groovy.control.CompilationUnit.buildASTs(CompilationUnit.java:667) ~[groovy-3.0.20.jar:3.0.20]
	at org.codehaus.groovy.control.CompilationUnit.compile(CompilationUnit.java:633) ~[groovy-3.0.20.jar:3.0.20]
	at groovy.lang.GroovyClassLoader.doParseClass(GroovyClassLoader.java:389) ~[groovy-3.0.20.jar:3.0.20]
	at groovy.lang.GroovyClassLoader.lambda$parseClass$3(GroovyClassLoader.java:332) ~[groovy-3.0.20.jar:3.0.20]
	at org.codehaus.groovy.runtime.memoize.StampedCommonCache.compute(StampedCommonCache.java:163) ~[groovy-3.0.20.jar:3.0.20]
	at org.codehaus.groovy.runtime.memoize.StampedCommonCache.getAndPut(StampedCommonCache.java:154) ~[groovy-3.0.20.jar:3.0.20]
	at groovy.lang.GroovyClassLoader.parseClass(GroovyClassLoader.java:330) ~[groovy-3.0.20.jar:3.0.20]
	at groovy.lang.GroovyClassLoader.parseClass(GroovyClassLoader.java:314) ~[groovy-3.0.20.jar:3.0.20]
	at groovy.lang.GroovyClassLoader.parseClass(GroovyClassLoader.java:257) ~[groovy-3.0.20.jar:3.0.20]
	at org.codehaus.groovy.jsr223.GroovyScriptEngineImpl.getScriptClass(GroovyScriptEngineImpl.java:336) ~[groovy-jsr223-3.0.20.jar:3.0.20]
	at org.codehaus.groovy.jsr223.GroovyScriptEngineImpl.eval(GroovyScriptEngineImpl.java:153) ~[groovy-jsr223-3.0.20.jar:3.0.20]
	... 8 more
2025-09-03 19:18:17,479 ERROR o.a.j.p.j.s.JSR223Sampler: Problem in JSR223 script Process Call Decision, message: javax.script.ScriptException: org.codehaus.groovy.control.MultipleCompilationErrorsException: startup failed:
Script166.groovy: 1: Unexpected input: 'def' @ line 1, column 347.
   put("callerId", "unknown"); } def random
                                 ^

1 error

javax.script.ScriptException: org.codehaus.groovy.control.MultipleCompilationErrorsException: startup failed:
Script166.groovy: 1: Unexpected input: 'def' @ line 1, column 347.
   put("callerId", "unknown"); } def random
                                 ^

1 error

	at org.codehaus.groovy.jsr223.GroovyScriptEngineImpl.eval(GroovyScriptEngineImpl.java:158) ~[groovy-jsr223-3.0.20.jar:3.0.20]
	at java.scripting/javax.script.AbstractScriptEngine.eval(AbstractScriptEngine.java:231) ~[java.scripting:?]
	at org.apache.jmeter.util.JSR223TestElement.processFileOrScript(JSR223TestElement.java:232) ~[ApacheJMeter_core.jar:5.6.3]
	at org.apache.jmeter.protocol.java.sampler.JSR223Sampler.sample(JSR223Sampler.java:72) [ApacheJMeter_java.jar:5.6.3]
	at org.apache.jmeter.threads.JMeterThread.doSampling(JMeterThread.java:651) [ApacheJMeter_core.jar:5.6.3]
	at org.apache.jmeter.threads.JMeterThread.executeSamplePackage(JMeterThread.java:570) [ApacheJMeter_core.jar:5.6.3]
	at org.apache.jmeter.threads.JMeterThread.processSampler(JMeterThread.java:501) [ApacheJMeter_core.jar:5.6.3]
	at org.apache.jmeter.threads.JMeterThread.run(JMeterThread.java:268) [ApacheJMeter_core.jar:5.6.3]
	at java.base/java.lang.Thread.run(Thread.java:842) [?:?]
Caused by: org.codehaus.groovy.control.MultipleCompilationErrorsException: startup failed:
Script166.groovy: 1: Unexpected input: 'def' @ line 1, column 347.
   put("callerId", "unknown"); } def random
                                 ^

1 error

	at org.codehaus.groovy.control.ErrorCollector.failIfErrors(ErrorCollector.java:292) ~[groovy-3.0.20.jar:3.0.20]
	at org.codehaus.groovy.control.ErrorCollector.addFatalError(ErrorCollector.java:148) ~[groovy-3.0.20.jar:3.0.20]
	at org.apache.groovy.parser.antlr4.AstBuilder.collectSyntaxError(AstBuilder.java:4301) ~[groovy-3.0.20.jar:3.0.20]
	at org.apache.groovy.parser.antlr4.AstBuilder.access$000(AstBuilder.java:176) ~[groovy-3.0.20.jar:3.0.20]
	at org.apache.groovy.parser.antlr4.AstBuilder$1.syntaxError(AstBuilder.java:4312) ~[groovy-3.0.20.jar:3.0.20]
	at groovyjarjarantlr4.v4.runtime.ProxyErrorListener.syntaxError(ProxyErrorListener.java:44) ~[groovy-3.0.20.jar:3.0.20]
	at groovyjarjarantlr4.v4.runtime.Parser.notifyErrorListeners(Parser.java:543) ~[groovy-3.0.20.jar:3.0.20]
	at groovyjarjarantlr4.v4.runtime.DefaultErrorStrategy.notifyErrorListeners(DefaultErrorStrategy.java:154) ~[groovy-3.0.20.jar:3.0.20]
	at org.apache.groovy.parser.antlr4.internal.DescriptiveErrorStrategy.reportInputMismatch(DescriptiveErrorStrategy.java:103) ~[groovy-3.0.20.jar:3.0.20]
	at org.apache.groovy.parser.antlr4.internal.DescriptiveErrorStrategy.recover(DescriptiveErrorStrategy.java:55) ~[groovy-3.0.20.jar:3.0.20]
	at org.apache.groovy.parser.antlr4.internal.DescriptiveErrorStrategy.recoverInline(DescriptiveErrorStrategy.java:68) ~[groovy-3.0.20.jar:3.0.20]
	at groovyjarjarantlr4.v4.runtime.Parser.match(Parser.java:213) ~[groovy-3.0.20.jar:3.0.20]
	at org.apache.groovy.parser.antlr4.GroovyParser.compilationUnit(GroovyParser.java:362) ~[groovy-3.0.20.jar:3.0.20]
	at org.apache.groovy.parser.antlr4.AstBuilder.buildCST(AstBuilder.java:250) ~[groovy-3.0.20.jar:3.0.20]
	at org.apache.groovy.parser.antlr4.AstBuilder.buildCST(AstBuilder.java:228) ~[groovy-3.0.20.jar:3.0.20]
	at org.apache.groovy.parser.antlr4.AstBuilder.buildAST(AstBuilder.java:269) ~[groovy-3.0.20.jar:3.0.20]
	at org.apache.groovy.parser.antlr4.Antlr4ParserPlugin.buildAST(Antlr4ParserPlugin.java:58) ~[groovy-3.0.20.jar:3.0.20]
	at org.codehaus.groovy.control.SourceUnit.buildAST(SourceUnit.java:256) ~[groovy-3.0.20.jar:3.0.20]
	at java.base/java.util.Iterator.forEachRemaining(Iterator.java:133) ~[?:?]
	at java.base/java.util.Spliterators$IteratorSpliterator.forEachRemaining(Spliterators.java:1845) ~[?:?]
	at java.base/java.util.stream.ReferencePipeline$Head.forEach(ReferencePipeline.java:762) ~[?:?]
	at org.codehaus.groovy.control.CompilationUnit.buildASTs(CompilationUnit.java:667) ~[groovy-3.0.20.jar:3.0.20]
	at org.codehaus.groovy.control.CompilationUnit.compile(CompilationUnit.java:633) ~[groovy-3.0.20.jar:3.0.20]
	at groovy.lang.GroovyClassLoader.doParseClass(GroovyClassLoader.java:389) ~[groovy-3.0.20.jar:3.0.20]
	at groovy.lang.GroovyClassLoader.lambda$parseClass$3(GroovyClassLoader.java:332) ~[groovy-3.0.20.jar:3.0.20]
	at org.codehaus.groovy.runtime.memoize.StampedCommonCache.compute(StampedCommonCache.java:163) ~[groovy-3.0.20.jar:3.0.20]
	at org.codehaus.groovy.runtime.memoize.StampedCommonCache.getAndPut(StampedCommonCache.java:154) ~[groovy-3.0.20.jar:3.0.20]
	at groovy.lang.GroovyClassLoader.parseClass(GroovyClassLoader.java:330) ~[groovy-3.0.20.jar:3.0.20]
	at groovy.lang.GroovyClassLoader.parseClass(GroovyClassLoader.java:314) ~[groovy-3.0.20.jar:3.0.20]
	at groovy.lang.GroovyClassLoader.parseClass(GroovyClassLoader.java:257) ~[groovy-3.0.20.jar:3.0.20]
	at org.codehaus.groovy.jsr223.GroovyScriptEngineImpl.getScriptClass(GroovyScriptEngineImpl.java:336) ~[groovy-jsr223-3.0.20.jar:3.0.20]
	at org.codehaus.groovy.jsr223.GroovyScriptEngineImpl.eval(GroovyScriptEngineImpl.java:153) ~[groovy-jsr223-3.0.20.jar:3.0.20]
	... 8 more
2025-09-03 19:18:18,280 ERROR o.a.j.p.j.s.JSR223Sampler: Problem in JSR223 script Process Call Decision, message: javax.script.ScriptException: org.codehaus.groovy.control.MultipleCompilationErrorsException: startup failed:
Script170.groovy: 1: Unexpected input: 'def' @ line 1, column 347.
   put("callerId", "unknown"); } def random
                                 ^

1 error

javax.script.ScriptException: org.codehaus.groovy.control.MultipleCompilationErrorsException: startup failed:
Script170.groovy: 1: Unexpected input: 'def' @ line 1, column 347.
   put("callerId", "unknown"); } def random
                                 ^

1 error

	at org.codehaus.groovy.jsr223.GroovyScriptEngineImpl.eval(GroovyScriptEngineImpl.java:158) ~[groovy-jsr223-3.0.20.jar:3.0.20]
	at java.scripting/javax.script.AbstractScriptEngine.eval(AbstractScriptEngine.java:231) ~[java.scripting:?]
	at org.apache.jmeter.util.JSR223TestElement.processFileOrScript(JSR223TestElement.java:232) ~[ApacheJMeter_core.jar:5.6.3]
	at org.apache.jmeter.protocol.java.sampler.JSR223Sampler.sample(JSR223Sampler.java:72) [ApacheJMeter_java.jar:5.6.3]
	at org.apache.jmeter.threads.JMeterThread.doSampling(JMeterThread.java:651) [ApacheJMeter_core.jar:5.6.3]
	at org.apache.jmeter.threads.JMeterThread.executeSamplePackage(JMeterThread.java:570) [ApacheJMeter_core.jar:5.6.3]
	at org.apache.jmeter.threads.JMeterThread.processSampler(JMeterThread.java:501) [ApacheJMeter_core.jar:5.6.3]
	at org.apache.jmeter.threads.JMeterThread.run(JMeterThread.java:268) [ApacheJMeter_core.jar:5.6.3]
	at java.base/java.lang.Thread.run(Thread.java:842) [?:?]
Caused by: org.codehaus.groovy.control.MultipleCompilationErrorsException: startup failed:
Script170.groovy: 1: Unexpected input: 'def' @ line 1, column 347.
   put("callerId", "unknown"); } def random
                                 ^

1 error

	at org.codehaus.groovy.control.ErrorCollector.failIfErrors(ErrorCollector.java:292) ~[groovy-3.0.20.jar:3.0.20]
	at org.codehaus.groovy.control.ErrorCollector.addFatalError(ErrorCollector.java:148) ~[groovy-3.0.20.jar:3.0.20]
	at org.apache.groovy.parser.antlr4.AstBuilder.collectSyntaxError(AstBuilder.java:4301) ~[groovy-3.0.20.jar:3.0.20]
	at org.apache.groovy.parser.antlr4.AstBuilder.access$000(AstBuilder.java:176) ~[groovy-3.0.20.jar:3.0.20]
	at org.apache.groovy.parser.antlr4.AstBuilder$1.syntaxError(AstBuilder.java:4312) ~[groovy-3.0.20.jar:3.0.20]
	at groovyjarjarantlr4.v4.runtime.ProxyErrorListener.syntaxError(ProxyErrorListener.java:44) ~[groovy-3.0.20.jar:3.0.20]
	at groovyjarjarantlr4.v4.runtime.Parser.notifyErrorListeners(Parser.java:543) ~[groovy-3.0.20.jar:3.0.20]
	at groovyjarjarantlr4.v4.runtime.DefaultErrorStrategy.notifyErrorListeners(DefaultErrorStrategy.java:154) ~[groovy-3.0.20.jar:3.0.20]
	at org.apache.groovy.parser.antlr4.internal.DescriptiveErrorStrategy.reportInputMismatch(DescriptiveErrorStrategy.java:103) ~[groovy-3.0.20.jar:3.0.20]
	at org.apache.groovy.parser.antlr4.internal.DescriptiveErrorStrategy.recover(DescriptiveErrorStrategy.java:55) ~[groovy-3.0.20.jar:3.0.20]
	at org.apache.groovy.parser.antlr4.internal.DescriptiveErrorStrategy.recoverInline(DescriptiveErrorStrategy.java:68) ~[groovy-3.0.20.jar:3.0.20]
	at groovyjarjarantlr4.v4.runtime.Parser.match(Parser.java:213) ~[groovy-3.0.20.jar:3.0.20]
	at org.apache.groovy.parser.antlr4.GroovyParser.compilationUnit(GroovyParser.java:362) ~[groovy-3.0.20.jar:3.0.20]
	at org.apache.groovy.parser.antlr4.AstBuilder.buildCST(AstBuilder.java:250) ~[groovy-3.0.20.jar:3.0.20]
	at org.apache.groovy.parser.antlr4.AstBuilder.buildCST(AstBuilder.java:228) ~[groovy-3.0.20.jar:3.0.20]
	at org.apache.groovy.parser.antlr4.AstBuilder.buildAST(AstBuilder.java:269) ~[groovy-3.0.20.jar:3.0.20]
	at org.apache.groovy.parser.antlr4.Antlr4ParserPlugin.buildAST(Antlr4ParserPlugin.java:58) ~[groovy-3.0.20.jar:3.0.20]
	at org.codehaus.groovy.control.SourceUnit.buildAST(SourceUnit.java:256) ~[groovy-3.0.20.jar:3.0.20]
	at java.base/java.util.Iterator.forEachRemaining(Iterator.java:133) ~[?:?]
	at java.base/java.util.Spliterators$IteratorSpliterator.forEachRemaining(Spliterators.java:1845) ~[?:?]
	at java.base/java.util.stream.ReferencePipeline$Head.forEach(ReferencePipeline.java:762) ~[?:?]
	at org.codehaus.groovy.control.CompilationUnit.buildASTs(CompilationUnit.java:667) ~[groovy-3.0.20.jar:3.0.20]
	at org.codehaus.groovy.control.CompilationUnit.compile(CompilationUnit.java:633) ~[groovy-3.0.20.jar:3.0.20]
	at groovy.lang.GroovyClassLoader.doParseClass(GroovyClassLoader.java:389) ~[groovy-3.0.20.jar:3.0.20]
	at groovy.lang.GroovyClassLoader.lambda$parseClass$3(GroovyClassLoader.java:332) ~[groovy-3.0.20.jar:3.0.20]
	at org.codehaus.groovy.runtime.memoize.StampedCommonCache.compute(StampedCommonCache.java:163) ~[groovy-3.0.20.jar:3.0.20]
	at org.codehaus.groovy.runtime.memoize.StampedCommonCache.getAndPut(StampedCommonCache.java:154) ~[groovy-3.0.20.jar:3.0.20]
	at groovy.lang.GroovyClassLoader.parseClass(GroovyClassLoader.java:330) ~[groovy-3.0.20.jar:3.0.20]
	at groovy.lang.GroovyClassLoader.parseClass(GroovyClassLoader.java:314) ~[groovy-3.0.20.jar:3.0.20]
	at groovy.lang.GroovyClassLoader.parseClass(GroovyClassLoader.java:257) ~[groovy-3.0.20.jar:3.0.20]
	at org.codehaus.groovy.jsr223.GroovyScriptEngineImpl.getScriptClass(GroovyScriptEngineImpl.java:336) ~[groovy-jsr223-3.0.20.jar:3.0.20]
	at org.codehaus.groovy.jsr223.GroovyScriptEngineImpl.eval(GroovyScriptEngineImpl.java:153) ~[groovy-jsr223-3.0.20.jar:3.0.20]
	... 8 more
2025-09-03 19:18:19,712 ERROR o.a.j.p.j.s.JSR223Sampler: Problem in JSR223 script Process Call Decision, message: javax.script.ScriptException: org.codehaus.groovy.control.MultipleCompilationErrorsException: startup failed:
Script180.groovy: 1: Unexpected input: 'def' @ line 1, column 347.
   put("callerId", "unknown"); } def random
                                 ^

1 error

javax.script.ScriptException: org.codehaus.groovy.control.MultipleCompilationErrorsException: startup failed:
Script180.groovy: 1: Unexpected input: 'def' @ line 1, column 347.
   put("callerId", "unknown"); } def random
                                 ^

1 error

	at org.codehaus.groovy.jsr223.GroovyScriptEngineImpl.eval(GroovyScriptEngineImpl.java:158) ~[groovy-jsr223-3.0.20.jar:3.0.20]
	at java.scripting/javax.script.AbstractScriptEngine.eval(AbstractScriptEngine.java:231) ~[java.scripting:?]
	at org.apache.jmeter.util.JSR223TestElement.processFileOrScript(JSR223TestElement.java:232) ~[ApacheJMeter_core.jar:5.6.3]
	at org.apache.jmeter.protocol.java.sampler.JSR223Sampler.sample(JSR223Sampler.java:72) [ApacheJMeter_java.jar:5.6.3]
	at org.apache.jmeter.threads.JMeterThread.doSampling(JMeterThread.java:651) [ApacheJMeter_core.jar:5.6.3]
	at org.apache.jmeter.threads.JMeterThread.executeSamplePackage(JMeterThread.java:570) [ApacheJMeter_core.jar:5.6.3]
	at org.apache.jmeter.threads.JMeterThread.processSampler(JMeterThread.java:501) [ApacheJMeter_core.jar:5.6.3]
	at org.apache.jmeter.threads.JMeterThread.run(JMeterThread.java:268) [ApacheJMeter_core.jar:5.6.3]
	at java.base/java.lang.Thread.run(Thread.java:842) [?:?]
Caused by: org.codehaus.groovy.control.MultipleCompilationErrorsException: startup failed:
Script180.groovy: 1: Unexpected input: 'def' @ line 1, column 347.
   put("callerId", "unknown"); } def random
                                 ^

1 error

	at org.codehaus.groovy.control.ErrorCollector.failIfErrors(ErrorCollector.java:292) ~[groovy-3.0.20.jar:3.0.20]
	at org.codehaus.groovy.control.ErrorCollector.addFatalError(ErrorCollector.java:148) ~[groovy-3.0.20.jar:3.0.20]
	at org.apache.groovy.parser.antlr4.AstBuilder.collectSyntaxError(AstBuilder.java:4301) ~[groovy-3.0.20.jar:3.0.20]
	at org.apache.groovy.parser.antlr4.AstBuilder.access$000(AstBuilder.java:176) ~[groovy-3.0.20.jar:3.0.20]
	at org.apache.groovy.parser.antlr4.AstBuilder$1.syntaxError(AstBuilder.java:4312) ~[groovy-3.0.20.jar:3.0.20]
	at groovyjarjarantlr4.v4.runtime.ProxyErrorListener.syntaxError(ProxyErrorListener.java:44) ~[groovy-3.0.20.jar:3.0.20]
	at groovyjarjarantlr4.v4.runtime.Parser.notifyErrorListeners(Parser.java:543) ~[groovy-3.0.20.jar:3.0.20]
	at groovyjarjarantlr4.v4.runtime.DefaultErrorStrategy.notifyErrorListeners(DefaultErrorStrategy.java:154) ~[groovy-3.0.20.jar:3.0.20]
	at org.apache.groovy.parser.antlr4.internal.DescriptiveErrorStrategy.reportInputMismatch(DescriptiveErrorStrategy.java:103) ~[groovy-3.0.20.jar:3.0.20]
	at org.apache.groovy.parser.antlr4.internal.DescriptiveErrorStrategy.recover(DescriptiveErrorStrategy.java:55) ~[groovy-3.0.20.jar:3.0.20]
	at org.apache.groovy.parser.antlr4.internal.DescriptiveErrorStrategy.recoverInline(DescriptiveErrorStrategy.java:68) ~[groovy-3.0.20.jar:3.0.20]
	at groovyjarjarantlr4.v4.runtime.Parser.match(Parser.java:213) ~[groovy-3.0.20.jar:3.0.20]
	at org.apache.groovy.parser.antlr4.GroovyParser.compilationUnit(GroovyParser.java:362) ~[groovy-3.0.20.jar:3.0.20]
	at org.apache.groovy.parser.antlr4.AstBuilder.buildCST(AstBuilder.java:250) ~[groovy-3.0.20.jar:3.0.20]
	at org.apache.groovy.parser.antlr4.AstBuilder.buildCST(AstBuilder.java:228) ~[groovy-3.0.20.jar:3.0.20]
	at org.apache.groovy.parser.antlr4.AstBuilder.buildAST(AstBuilder.java:269) ~[groovy-3.0.20.jar:3.0.20]
	at org.apache.groovy.parser.antlr4.Antlr4ParserPlugin.buildAST(Antlr4ParserPlugin.java:58) ~[groovy-3.0.20.jar:3.0.20]
	at org.codehaus.groovy.control.SourceUnit.buildAST(SourceUnit.java:256) ~[groovy-3.0.20.jar:3.0.20]
	at java.base/java.util.Iterator.forEachRemaining(Iterator.java:133) ~[?:?]
	at java.base/java.util.Spliterators$IteratorSpliterator.forEachRemaining(Spliterators.java:1845) ~[?:?]
	at java.base/java.util.stream.ReferencePipeline$Head.forEach(ReferencePipeline.java:762) ~[?:?]
	at org.codehaus.groovy.control.CompilationUnit.buildASTs(CompilationUnit.java:667) ~[groovy-3.0.20.jar:3.0.20]
	at org.codehaus.groovy.control.CompilationUnit.compile(CompilationUnit.java:633) ~[groovy-3.0.20.jar:3.0.20]
	at groovy.lang.GroovyClassLoader.doParseClass(GroovyClassLoader.java:389) ~[groovy-3.0.20.jar:3.0.20]
	at groovy.lang.GroovyClassLoader.lambda$parseClass$3(GroovyClassLoader.java:332) ~[groovy-3.0.20.jar:3.0.20]
	at org.codehaus.groovy.runtime.memoize.StampedCommonCache.compute(StampedCommonCache.java:163) ~[groovy-3.0.20.jar:3.0.20]
	at org.codehaus.groovy.runtime.memoize.StampedCommonCache.getAndPut(StampedCommonCache.java:154) ~[groovy-3.0.20.jar:3.0.20]
	at groovy.lang.GroovyClassLoader.parseClass(GroovyClassLoader.java:330) ~[groovy-3.0.20.jar:3.0.20]
	at groovy.lang.GroovyClassLoader.parseClass(GroovyClassLoader.java:314) ~[groovy-3.0.20.jar:3.0.20]
	at groovy.lang.GroovyClassLoader.parseClass(GroovyClassLoader.java:257) ~[groovy-3.0.20.jar:3.0.20]
	at org.codehaus.groovy.jsr223.GroovyScriptEngineImpl.getScriptClass(GroovyScriptEngineImpl.java:336) ~[groovy-jsr223-3.0.20.jar:3.0.20]
	at org.codehaus.groovy.jsr223.GroovyScriptEngineImpl.eval(GroovyScriptEngineImpl.java:153) ~[groovy-jsr223-3.0.20.jar:3.0.20]
	... 8 more
2025-09-03 19:18:20,614 ERROR e.l.j.w.SingleReadWebSocketSampler: Unexpected frame type received in sampler '04 - Call Received': Ping frame with no application data
2025-09-03 19:18:20,614 ERROR e.l.j.w.SingleReadWebSocketSampler: Unexpected frame type received in sampler '04 - Call Received': Ping frame with no application data
2025-09-03 19:18:20,614 ERROR e.l.j.w.SingleReadWebSocketSampler: Unexpected frame type received in sampler '04 - Call Received': Ping frame with no application data
2025-09-03 19:18:20,614 ERROR e.l.j.w.SingleReadWebSocketSampler: Unexpected frame type received in sampler '04 - Call Received': Ping frame with no application data
2025-09-03 19:18:20,614 ERROR e.l.j.w.SingleReadWebSocketSampler: Unexpected frame type received in sampler '04 - Call Received': Ping frame with no application data
2025-09-03 19:18:20,614 ERROR e.l.j.w.SingleReadWebSocketSampler: Unexpected frame type received in sampler '04 - Call Received': Ping frame with no application data
2025-09-03 19:18:20,614 ERROR e.l.j.w.SingleReadWebSocketSampler: Unexpected frame type received in sampler '04 - Call Received': Ping frame with no application data
2025-09-03 19:18:20,615 ERROR e.l.j.w.SingleReadWebSocketSampler: Unexpected frame type received in sampler '04 - Call Received': Ping frame with no application data
2025-09-03 19:18:20,633 ERROR o.a.j.p.j.s.JSR223Sampler: Problem in JSR223 script Process Call Decision, message: javax.script.ScriptException: org.codehaus.groovy.control.MultipleCompilationErrorsException: startup failed:
Script187.groovy: 1: Unexpected input: 'def' @ line 1, column 347.
   put("callerId", "unknown"); } def random
                                 ^

1 error

javax.script.ScriptException: org.codehaus.groovy.control.MultipleCompilationErrorsException: startup failed:
Script187.groovy: 1: Unexpected input: 'def' @ line 1, column 347.
   put("callerId", "unknown"); } def random
                                 ^

1 error

	at org.codehaus.groovy.jsr223.GroovyScriptEngineImpl.eval(GroovyScriptEngineImpl.java:158) ~[groovy-jsr223-3.0.20.jar:3.0.20]
	at java.scripting/javax.script.AbstractScriptEngine.eval(AbstractScriptEngine.java:231) ~[java.scripting:?]
	at org.apache.jmeter.util.JSR223TestElement.processFileOrScript(JSR223TestElement.java:232) ~[ApacheJMeter_core.jar:5.6.3]
	at org.apache.jmeter.protocol.java.sampler.JSR223Sampler.sample(JSR223Sampler.java:72) [ApacheJMeter_java.jar:5.6.3]
	at org.apache.jmeter.threads.JMeterThread.doSampling(JMeterThread.java:651) [ApacheJMeter_core.jar:5.6.3]
	at org.apache.jmeter.threads.JMeterThread.executeSamplePackage(JMeterThread.java:570) [ApacheJMeter_core.jar:5.6.3]
	at org.apache.jmeter.threads.JMeterThread.processSampler(JMeterThread.java:501) [ApacheJMeter_core.jar:5.6.3]
	at org.apache.jmeter.threads.JMeterThread.run(JMeterThread.java:268) [ApacheJMeter_core.jar:5.6.3]
	at java.base/java.lang.Thread.run(Thread.java:842) [?:?]
Caused by: org.codehaus.groovy.control.MultipleCompilationErrorsException: startup failed:
Script187.groovy: 1: Unexpected input: 'def' @ line 1, column 347.
   put("callerId", "unknown"); } def random
                                 ^

1 error

	at org.codehaus.groovy.control.ErrorCollector.failIfErrors(ErrorCollector.java:292) ~[groovy-3.0.20.jar:3.0.20]
	at org.codehaus.groovy.control.ErrorCollector.addFatalError(ErrorCollector.java:148) ~[groovy-3.0.20.jar:3.0.20]
	at org.apache.groovy.parser.antlr4.AstBuilder.collectSyntaxError(AstBuilder.java:4301) ~[groovy-3.0.20.jar:3.0.20]
	at org.apache.groovy.parser.antlr4.AstBuilder.access$000(AstBuilder.java:176) ~[groovy-3.0.20.jar:3.0.20]
	at org.apache.groovy.parser.antlr4.AstBuilder$1.syntaxError(AstBuilder.java:4312) ~[groovy-3.0.20.jar:3.0.20]
	at groovyjarjarantlr4.v4.runtime.ProxyErrorListener.syntaxError(ProxyErrorListener.java:44) ~[groovy-3.0.20.jar:3.0.20]
	at groovyjarjarantlr4.v4.runtime.Parser.notifyErrorListeners(Parser.java:543) ~[groovy-3.0.20.jar:3.0.20]
	at groovyjarjarantlr4.v4.runtime.DefaultErrorStrategy.notifyErrorListeners(DefaultErrorStrategy.java:154) ~[groovy-3.0.20.jar:3.0.20]
	at org.apache.groovy.parser.antlr4.internal.DescriptiveErrorStrategy.reportInputMismatch(DescriptiveErrorStrategy.java:103) ~[groovy-3.0.20.jar:3.0.20]
	at org.apache.groovy.parser.antlr4.internal.DescriptiveErrorStrategy.recover(DescriptiveErrorStrategy.java:55) ~[groovy-3.0.20.jar:3.0.20]
	at org.apache.groovy.parser.antlr4.internal.DescriptiveErrorStrategy.recoverInline(DescriptiveErrorStrategy.java:68) ~[groovy-3.0.20.jar:3.0.20]
	at groovyjarjarantlr4.v4.runtime.Parser.match(Parser.java:213) ~[groovy-3.0.20.jar:3.0.20]
	at org.apache.groovy.parser.antlr4.GroovyParser.compilationUnit(GroovyParser.java:362) ~[groovy-3.0.20.jar:3.0.20]
	at org.apache.groovy.parser.antlr4.AstBuilder.buildCST(AstBuilder.java:250) ~[groovy-3.0.20.jar:3.0.20]
	at org.apache.groovy.parser.antlr4.AstBuilder.buildCST(AstBuilder.java:228) ~[groovy-3.0.20.jar:3.0.20]
	at org.apache.groovy.parser.antlr4.AstBuilder.buildAST(AstBuilder.java:269) ~[groovy-3.0.20.jar:3.0.20]
	at org.apache.groovy.parser.antlr4.Antlr4ParserPlugin.buildAST(Antlr4ParserPlugin.java:58) ~[groovy-3.0.20.jar:3.0.20]
	at org.codehaus.groovy.control.SourceUnit.buildAST(SourceUnit.java:256) ~[groovy-3.0.20.jar:3.0.20]
	at java.base/java.util.Iterator.forEachRemaining(Iterator.java:133) ~[?:?]
	at java.base/java.util.Spliterators$IteratorSpliterator.forEachRemaining(Spliterators.java:1845) ~[?:?]
	at java.base/java.util.stream.ReferencePipeline$Head.forEach(ReferencePipeline.java:762) ~[?:?]
	at org.codehaus.groovy.control.CompilationUnit.buildASTs(CompilationUnit.java:667) ~[groovy-3.0.20.jar:3.0.20]
	at org.codehaus.groovy.control.CompilationUnit.compile(CompilationUnit.java:633) ~[groovy-3.0.20.jar:3.0.20]
	at groovy.lang.GroovyClassLoader.doParseClass(GroovyClassLoader.java:389) ~[groovy-3.0.20.jar:3.0.20]
	at groovy.lang.GroovyClassLoader.lambda$parseClass$3(GroovyClassLoader.java:332) ~[groovy-3.0.20.jar:3.0.20]
	at org.codehaus.groovy.runtime.memoize.StampedCommonCache.compute(StampedCommonCache.java:163) ~[groovy-3.0.20.jar:3.0.20]
	at org.codehaus.groovy.runtime.memoize.StampedCommonCache.getAndPut(StampedCommonCache.java:154) ~[groovy-3.0.20.jar:3.0.20]
	at groovy.lang.GroovyClassLoader.parseClass(GroovyClassLoader.java:330) ~[groovy-3.0.20.jar:3.0.20]
	at groovy.lang.GroovyClassLoader.parseClass(GroovyClassLoader.java:314) ~[groovy-3.0.20.jar:3.0.20]
	at groovy.lang.GroovyClassLoader.parseClass(GroovyClassLoader.java:257) ~[groovy-3.0.20.jar:3.0.20]
	at org.codehaus.groovy.jsr223.GroovyScriptEngineImpl.getScriptClass(GroovyScriptEngineImpl.java:336) ~[groovy-jsr223-3.0.20.jar:3.0.20]
	at org.codehaus.groovy.jsr223.GroovyScriptEngineImpl.eval(GroovyScriptEngineImpl.java:153) ~[groovy-jsr223-3.0.20.jar:3.0.20]
	... 8 more
2025-09-03 19:18:20,634 ERROR e.l.j.w.SingleReadWebSocketSampler: Unexpected frame type received in sampler '04 - Call Received': Ping frame with no application data
2025-09-03 19:18:20,637 ERROR e.l.j.w.SingleReadWebSocketSampler: Unexpected frame type received in sampler 'Heavy Caller - Read Response': Ping frame with no application data
2025-09-03 19:18:20,867 ERROR e.l.j.w.SingleReadWebSocketSampler: Unexpected frame type received in sampler '04 - Call Received': Ping frame with no application data
2025-09-03 19:18:20,867 ERROR e.l.j.w.SingleReadWebSocketSampler: Unexpected frame type received in sampler '04 - Call Received': Ping frame with no application data
2025-09-03 19:18:20,867 ERROR e.l.j.w.SingleReadWebSocketSampler: Unexpected frame type received in sampler '04 - Call Received': Ping frame with no application data
2025-09-03 19:18:20,867 ERROR e.l.j.w.SingleReadWebSocketSampler: Unexpected frame type received in sampler '04 - Call Received': Ping frame with no application data
2025-09-03 19:18:20,867 ERROR e.l.j.w.SingleReadWebSocketSampler: Unexpected frame type received in sampler '04 - Call Received': Ping frame with no application data
2025-09-03 19:18:20,867 ERROR e.l.j.w.SingleReadWebSocketSampler: Unexpected frame type received in sampler '04 - Call Received': Ping frame with no application data
2025-09-03 19:18:20,868 ERROR e.l.j.w.SingleReadWebSocketSampler: Unexpected frame type received in sampler '04 - Call Received': Ping frame with no application data
2025-09-03 19:18:20,868 ERROR e.l.j.w.SingleReadWebSocketSampler: Unexpected frame type received in sampler '04 - Call Received': Ping frame with no application data
2025-09-03 19:18:20,868 ERROR e.l.j.w.SingleReadWebSocketSampler: Unexpected frame type received in sampler '04 - Call Received': Ping frame with no application data
2025-09-03 19:18:20,868 ERROR e.l.j.w.SingleReadWebSocketSampler: Unexpected frame type received in sampler '04 - Call Received': Ping frame with no application data
2025-09-03 19:18:20,868 ERROR e.l.j.w.SingleReadWebSocketSampler: Unexpected frame type received in sampler '04 - Call Received': Ping frame with no application data
2025-09-03 19:18:20,868 ERROR e.l.j.w.SingleReadWebSocketSampler: Unexpected frame type received in sampler '04 - Call Received': Ping frame with no application data
2025-09-03 19:18:20,868 ERROR e.l.j.w.SingleReadWebSocketSampler: Unexpected frame type received in sampler '04 - Call Received': Ping frame with no application data
2025-09-03 19:18:21,439 ERROR e.l.j.w.SingleReadWebSocketSampler: Unexpected frame type received in sampler '04 - Call Received': Ping frame with no application data
2025-09-03 19:18:21,439 ERROR e.l.j.w.SingleReadWebSocketSampler: Unexpected frame type received in sampler '04 - Call Received': Ping frame with no application data
2025-09-03 19:18:23,109 ERROR e.l.j.w.SingleReadWebSocketSampler: Unexpected frame type received in sampler 'Heavy Caller - Read Response': Ping frame with no application data
2025-09-03 19:18:23,444 ERROR e.l.j.w.SingleReadWebSocketSampler: Unexpected frame type received in sampler 'Heavy Caller - Read Response': Ping frame with no application data
2025-09-03 19:18:24,560 ERROR e.l.j.w.SingleReadWebSocketSampler: Unexpected frame type received in sampler 'Heavy Caller - Read Response': Ping frame with no application data
2025-09-03 19:18:26,018 ERROR e.l.j.w.SingleReadWebSocketSampler: Unexpected frame type received in sampler 'Heavy Caller - Read Response': Ping frame with no application data
2025-09-03 19:18:27,501 ERROR e.l.j.w.SingleReadWebSocketSampler: Unexpected frame type received in sampler 'Heavy Caller - Read Response': Ping frame with no application data
2025-09-03 19:18:27,596 ERROR e.l.j.w.SingleReadWebSocketSampler: Unexpected frame type received in sampler 'Heavy Caller - Read Response': Ping frame with no application data
2025-09-03 19:18:29,074 ERROR e.l.j.w.SingleReadWebSocketSampler: Unexpected frame type received in sampler 'Heavy Caller - Read Response': Ping frame with no application data
2025-09-03 19:18:30,112 INFO o.a.j.r.Summariser: summary +    670 in 00:00:30 =   22.3/s Avg:   929 Min:     0 Max:  6002 Err:   134 (20.00%) Active: 120 Started: 120 Finished: 0
2025-09-03 19:18:30,113 INFO o.a.j.r.Summariser: summary =   1024 in 00:00:47 =   21.9/s Avg:   688 Min:     0 Max:  6003 Err:   144 (14.06%)
2025-09-03 19:18:31,168 ERROR e.l.j.w.SingleReadWebSocketSampler: Unexpected frame type received in sampler 'Heavy Caller - Read Response': Ping frame with no application data
2025-09-03 19:18:32,113 ERROR e.l.j.w.SingleReadWebSocketSampler: Unexpected frame type received in sampler 'Heavy Caller - Read Response': Ping frame with no application data
2025-09-03 19:18:33,548 ERROR e.l.j.w.SingleReadWebSocketSampler: Unexpected frame type received in sampler 'Regular Caller - Read Response': Ping frame with no application data
2025-09-03 19:18:33,548 ERROR o.a.j.p.j.s.JSR223Sampler: Problem in JSR223 script Process Call Decision, message: javax.script.ScriptException: org.codehaus.groovy.control.MultipleCompilationErrorsException: startup failed:
Script283.groovy: 1: Unexpected input: 'def' @ line 1, column 347.
   put("callerId", "unknown"); } def random
                                 ^

1 error

javax.script.ScriptException: org.codehaus.groovy.control.MultipleCompilationErrorsException: startup failed:
Script283.groovy: 1: Unexpected input: 'def' @ line 1, column 347.
   put("callerId", "unknown"); } def random
                                 ^

1 error

	at org.codehaus.groovy.jsr223.GroovyScriptEngineImpl.eval(GroovyScriptEngineImpl.java:158) ~[groovy-jsr223-3.0.20.jar:3.0.20]
	at java.scripting/javax.script.AbstractScriptEngine.eval(AbstractScriptEngine.java:231) ~[java.scripting:?]
	at org.apache.jmeter.util.JSR223TestElement.processFileOrScript(JSR223TestElement.java:232) ~[ApacheJMeter_core.jar:5.6.3]
	at org.apache.jmeter.protocol.java.sampler.JSR223Sampler.sample(JSR223Sampler.java:72) [ApacheJMeter_java.jar:5.6.3]
	at org.apache.jmeter.threads.JMeterThread.doSampling(JMeterThread.java:651) [ApacheJMeter_core.jar:5.6.3]
	at org.apache.jmeter.threads.JMeterThread.executeSamplePackage(JMeterThread.java:570) [ApacheJMeter_core.jar:5.6.3]
	at org.apache.jmeter.threads.JMeterThread.processSampler(JMeterThread.java:501) [ApacheJMeter_core.jar:5.6.3]
	at org.apache.jmeter.threads.JMeterThread.run(JMeterThread.java:268) [ApacheJMeter_core.jar:5.6.3]
	at java.base/java.lang.Thread.run(Thread.java:842) [?:?]
Caused by: org.codehaus.groovy.control.MultipleCompilationErrorsException: startup failed:
Script283.groovy: 1: Unexpected input: 'def' @ line 1, column 347.
   put("callerId", "unknown"); } def random
                                 ^

1 error

	at org.codehaus.groovy.control.ErrorCollector.failIfErrors(ErrorCollector.java:292) ~[groovy-3.0.20.jar:3.0.20]
	at org.codehaus.groovy.control.ErrorCollector.addFatalError(ErrorCollector.java:148) ~[groovy-3.0.20.jar:3.0.20]
	at org.apache.groovy.parser.antlr4.AstBuilder.collectSyntaxError(AstBuilder.java:4301) ~[groovy-3.0.20.jar:3.0.20]
	at org.apache.groovy.parser.antlr4.AstBuilder.access$000(AstBuilder.java:176) ~[groovy-3.0.20.jar:3.0.20]
	at org.apache.groovy.parser.antlr4.AstBuilder$1.syntaxError(AstBuilder.java:4312) ~[groovy-3.0.20.jar:3.0.20]
	at groovyjarjarantlr4.v4.runtime.ProxyErrorListener.syntaxError(ProxyErrorListener.java:44) ~[groovy-3.0.20.jar:3.0.20]
	at groovyjarjarantlr4.v4.runtime.Parser.notifyErrorListeners(Parser.java:543) ~[groovy-3.0.20.jar:3.0.20]
	at groovyjarjarantlr4.v4.runtime.DefaultErrorStrategy.notifyErrorListeners(DefaultErrorStrategy.java:154) ~[groovy-3.0.20.jar:3.0.20]
	at org.apache.groovy.parser.antlr4.internal.DescriptiveErrorStrategy.reportInputMismatch(DescriptiveErrorStrategy.java:103) ~[groovy-3.0.20.jar:3.0.20]
	at org.apache.groovy.parser.antlr4.internal.DescriptiveErrorStrategy.recover(DescriptiveErrorStrategy.java:55) ~[groovy-3.0.20.jar:3.0.20]
	at org.apache.groovy.parser.antlr4.internal.DescriptiveErrorStrategy.recoverInline(DescriptiveErrorStrategy.java:68) ~[groovy-3.0.20.jar:3.0.20]
	at groovyjarjarantlr4.v4.runtime.Parser.match(Parser.java:213) ~[groovy-3.0.20.jar:3.0.20]
	at org.apache.groovy.parser.antlr4.GroovyParser.compilationUnit(GroovyParser.java:362) ~[groovy-3.0.20.jar:3.0.20]
	at org.apache.groovy.parser.antlr4.AstBuilder.buildCST(AstBuilder.java:250) ~[groovy-3.0.20.jar:3.0.20]
	at org.apache.groovy.parser.antlr4.AstBuilder.buildCST(AstBuilder.java:228) ~[groovy-3.0.20.jar:3.0.20]
	at org.apache.groovy.parser.antlr4.AstBuilder.buildAST(AstBuilder.java:269) ~[groovy-3.0.20.jar:3.0.20]
	at org.apache.groovy.parser.antlr4.Antlr4ParserPlugin.buildAST(Antlr4ParserPlugin.java:58) ~[groovy-3.0.20.jar:3.0.20]
	at org.codehaus.groovy.control.SourceUnit.buildAST(SourceUnit.java:256) ~[groovy-3.0.20.jar:3.0.20]
	at java.base/java.util.Iterator.forEachRemaining(Iterator.java:133) ~[?:?]
	at java.base/java.util.Spliterators$IteratorSpliterator.forEachRemaining(Spliterators.java:1845) ~[?:?]
	at java.base/java.util.stream.ReferencePipeline$Head.forEach(ReferencePipeline.java:762) ~[?:?]
	at org.codehaus.groovy.control.CompilationUnit.buildASTs(CompilationUnit.java:667) ~[groovy-3.0.20.jar:3.0.20]
	at org.codehaus.groovy.control.CompilationUnit.compile(CompilationUnit.java:633) ~[groovy-3.0.20.jar:3.0.20]
	at groovy.lang.GroovyClassLoader.doParseClass(GroovyClassLoader.java:389) ~[groovy-3.0.20.jar:3.0.20]
	at groovy.lang.GroovyClassLoader.lambda$parseClass$3(GroovyClassLoader.java:332) ~[groovy-3.0.20.jar:3.0.20]
	at org.codehaus.groovy.runtime.memoize.StampedCommonCache.compute(StampedCommonCache.java:163) ~[groovy-3.0.20.jar:3.0.20]
	at org.codehaus.groovy.runtime.memoize.StampedCommonCache.getAndPut(StampedCommonCache.java:154) ~[groovy-3.0.20.jar:3.0.20]
	at groovy.lang.GroovyClassLoader.parseClass(GroovyClassLoader.java:330) ~[groovy-3.0.20.jar:3.0.20]
	at groovy.lang.GroovyClassLoader.parseClass(GroovyClassLoader.java:314) ~[groovy-3.0.20.jar:3.0.20]
	at groovy.lang.GroovyClassLoader.parseClass(GroovyClassLoader.java:257) ~[groovy-3.0.20.jar:3.0.20]
	at org.codehaus.groovy.jsr223.GroovyScriptEngineImpl.getScriptClass(GroovyScriptEngineImpl.java:336) ~[groovy-jsr223-3.0.20.jar:3.0.20]
	at org.codehaus.groovy.jsr223.GroovyScriptEngineImpl.eval(GroovyScriptEngineImpl.java:153) ~[groovy-jsr223-3.0.20.jar:3.0.20]
	... 8 more
2025-09-03 19:18:33,647 ERROR e.l.j.w.SingleReadWebSocketSampler: Unexpected frame type received in sampler 'Heavy Caller - Read Response': Ping frame with no application data
2025-09-03 19:18:34,292 ERROR e.l.j.w.SingleReadWebSocketSampler: Unexpected frame type received in sampler 'Regular Caller - Read Response': Ping frame with no application data
2025-09-03 19:18:34,856 ERROR e.l.j.w.SingleReadWebSocketSampler: Unexpected frame type received in sampler 'Heavy Caller - Read Response': Ping frame with no application data
2025-09-03 19:18:34,963 ERROR e.l.j.w.SingleReadWebSocketSampler: Unexpected frame type received in sampler 'Heavy Caller - Read Response': Ping frame with no application data
2025-09-03 19:18:35,292 ERROR e.l.j.w.SingleReadWebSocketSampler: Unexpected frame type received in sampler 'Regular Caller - Read Response': Ping frame with no application data
2025-09-03 19:18:35,406 ERROR e.l.j.w.SingleReadWebSocketSampler: Unexpected frame type received in sampler 'Regular Caller - Read Response': Ping frame with no application data
2025-09-03 19:18:35,850 ERROR e.l.j.w.SingleReadWebSocketSampler: Unexpected frame type received in sampler 'Heavy Caller - Read Response': Ping frame with no application data
2025-09-03 19:18:36,018 ERROR e.l.j.w.SingleReadWebSocketSampler: Unexpected frame type received in sampler 'Regular Caller - Read Response': Ping frame with no application data
2025-09-03 19:18:36,276 ERROR e.l.j.w.SingleReadWebSocketSampler: Unexpected frame type received in sampler 'Heavy Caller - Read Response': Ping frame with no application data
2025-09-03 19:18:37,099 ERROR e.l.j.w.SingleReadWebSocketSampler: Unexpected frame type received in sampler 'Regular Caller - Read Response': Ping frame with no application data
2025-09-03 19:18:37,257 ERROR o.a.j.p.j.s.JSR223Sampler: Problem in JSR223 script Process Call Decision, message: javax.script.ScriptException: org.codehaus.groovy.control.MultipleCompilationErrorsException: startup failed:
Script295.groovy: 1: Unexpected input: 'def' @ line 1, column 347.
   put("callerId", "unknown"); } def random
                                 ^

1 error

javax.script.ScriptException: org.codehaus.groovy.control.MultipleCompilationErrorsException: startup failed:
Script295.groovy: 1: Unexpected input: 'def' @ line 1, column 347.
   put("callerId", "unknown"); } def random
                                 ^

1 error

	at org.codehaus.groovy.jsr223.GroovyScriptEngineImpl.eval(GroovyScriptEngineImpl.java:158) ~[groovy-jsr223-3.0.20.jar:3.0.20]
	at java.scripting/javax.script.AbstractScriptEngine.eval(AbstractScriptEngine.java:231) ~[java.scripting:?]
	at org.apache.jmeter.util.JSR223TestElement.processFileOrScript(JSR223TestElement.java:232) ~[ApacheJMeter_core.jar:5.6.3]
	at org.apache.jmeter.protocol.java.sampler.JSR223Sampler.sample(JSR223Sampler.java:72) [ApacheJMeter_java.jar:5.6.3]
	at org.apache.jmeter.threads.JMeterThread.doSampling(JMeterThread.java:651) [ApacheJMeter_core.jar:5.6.3]
	at org.apache.jmeter.threads.JMeterThread.executeSamplePackage(JMeterThread.java:570) [ApacheJMeter_core.jar:5.6.3]
	at org.apache.jmeter.threads.JMeterThread.processSampler(JMeterThread.java:501) [ApacheJMeter_core.jar:5.6.3]
	at org.apache.jmeter.threads.JMeterThread.run(JMeterThread.java:268) [ApacheJMeter_core.jar:5.6.3]
	at java.base/java.lang.Thread.run(Thread.java:842) [?:?]
Caused by: org.codehaus.groovy.control.MultipleCompilationErrorsException: startup failed:
Script295.groovy: 1: Unexpected input: 'def' @ line 1, column 347.
   put("callerId", "unknown"); } def random
                                 ^

1 error

	at org.codehaus.groovy.control.ErrorCollector.failIfErrors(ErrorCollector.java:292) ~[groovy-3.0.20.jar:3.0.20]
	at org.codehaus.groovy.control.ErrorCollector.addFatalError(ErrorCollector.java:148) ~[groovy-3.0.20.jar:3.0.20]
	at org.apache.groovy.parser.antlr4.AstBuilder.collectSyntaxError(AstBuilder.java:4301) ~[groovy-3.0.20.jar:3.0.20]
	at org.apache.groovy.parser.antlr4.AstBuilder.access$000(AstBuilder.java:176) ~[groovy-3.0.20.jar:3.0.20]
	at org.apache.groovy.parser.antlr4.AstBuilder$1.syntaxError(AstBuilder.java:4312) ~[groovy-3.0.20.jar:3.0.20]
	at groovyjarjarantlr4.v4.runtime.ProxyErrorListener.syntaxError(ProxyErrorListener.java:44) ~[groovy-3.0.20.jar:3.0.20]
	at groovyjarjarantlr4.v4.runtime.Parser.notifyErrorListeners(Parser.java:543) ~[groovy-3.0.20.jar:3.0.20]
	at groovyjarjarantlr4.v4.runtime.DefaultErrorStrategy.notifyErrorListeners(DefaultErrorStrategy.java:154) ~[groovy-3.0.20.jar:3.0.20]
	at org.apache.groovy.parser.antlr4.internal.DescriptiveErrorStrategy.reportInputMismatch(DescriptiveErrorStrategy.java:103) ~[groovy-3.0.20.jar:3.0.20]
	at org.apache.groovy.parser.antlr4.internal.DescriptiveErrorStrategy.recover(DescriptiveErrorStrategy.java:55) ~[groovy-3.0.20.jar:3.0.20]
	at org.apache.groovy.parser.antlr4.internal.DescriptiveErrorStrategy.recoverInline(DescriptiveErrorStrategy.java:68) ~[groovy-3.0.20.jar:3.0.20]
	at groovyjarjarantlr4.v4.runtime.Parser.match(Parser.java:213) ~[groovy-3.0.20.jar:3.0.20]
	at org.apache.groovy.parser.antlr4.GroovyParser.compilationUnit(GroovyParser.java:362) ~[groovy-3.0.20.jar:3.0.20]
	at org.apache.groovy.parser.antlr4.AstBuilder.buildCST(AstBuilder.java:250) ~[groovy-3.0.20.jar:3.0.20]
	at org.apache.groovy.parser.antlr4.AstBuilder.buildCST(AstBuilder.java:228) ~[groovy-3.0.20.jar:3.0.20]
	at org.apache.groovy.parser.antlr4.AstBuilder.buildAST(AstBuilder.java:269) ~[groovy-3.0.20.jar:3.0.20]
	at org.apache.groovy.parser.antlr4.Antlr4ParserPlugin.buildAST(Antlr4ParserPlugin.java:58) ~[groovy-3.0.20.jar:3.0.20]
	at org.codehaus.groovy.control.SourceUnit.buildAST(SourceUnit.java:256) ~[groovy-3.0.20.jar:3.0.20]
	at java.base/java.util.Iterator.forEachRemaining(Iterator.java:133) ~[?:?]
	at java.base/java.util.Spliterators$IteratorSpliterator.forEachRemaining(Spliterators.java:1845) ~[?:?]
	at java.base/java.util.stream.ReferencePipeline$Head.forEach(ReferencePipeline.java:762) ~[?:?]
	at org.codehaus.groovy.control.CompilationUnit.buildASTs(CompilationUnit.java:667) ~[groovy-3.0.20.jar:3.0.20]
	at org.codehaus.groovy.control.CompilationUnit.compile(CompilationUnit.java:633) ~[groovy-3.0.20.jar:3.0.20]
	at groovy.lang.GroovyClassLoader.doParseClass(GroovyClassLoader.java:389) ~[groovy-3.0.20.jar:3.0.20]
	at groovy.lang.GroovyClassLoader.lambda$parseClass$3(GroovyClassLoader.java:332) ~[groovy-3.0.20.jar:3.0.20]
	at org.codehaus.groovy.runtime.memoize.StampedCommonCache.compute(StampedCommonCache.java:163) ~[groovy-3.0.20.jar:3.0.20]
	at org.codehaus.groovy.runtime.memoize.StampedCommonCache.getAndPut(StampedCommonCache.java:154) ~[groovy-3.0.20.jar:3.0.20]
	at groovy.lang.GroovyClassLoader.parseClass(GroovyClassLoader.java:330) ~[groovy-3.0.20.jar:3.0.20]
	at groovy.lang.GroovyClassLoader.parseClass(GroovyClassLoader.java:314) ~[groovy-3.0.20.jar:3.0.20]
	at groovy.lang.GroovyClassLoader.parseClass(GroovyClassLoader.java:257) ~[groovy-3.0.20.jar:3.0.20]
	at org.codehaus.groovy.jsr223.GroovyScriptEngineImpl.getScriptClass(GroovyScriptEngineImpl.java:336) ~[groovy-jsr223-3.0.20.jar:3.0.20]
	at org.codehaus.groovy.jsr223.GroovyScriptEngineImpl.eval(GroovyScriptEngineImpl.java:153) ~[groovy-jsr223-3.0.20.jar:3.0.20]
	... 8 more
2025-09-03 19:18:38,943 ERROR e.l.j.w.SingleReadWebSocketSampler: Unexpected frame type received in sampler 'Regular Caller - Read Response': Ping frame with no application data
2025-09-03 19:18:39,040 ERROR e.l.j.w.SingleReadWebSocketSampler: Unexpected frame type received in sampler 'Heavy Caller - Read Response': Ping frame with no application data
2025-09-03 19:18:39,179 ERROR e.l.j.w.SingleReadWebSocketSampler: Unexpected frame type received in sampler 'Heavy Caller - Read Response': Ping frame with no application data
2025-09-03 19:18:39,244 ERROR e.l.j.w.SingleReadWebSocketSampler: Unexpected frame type received in sampler 'Regular Caller - Read Response': Ping frame with no application data
2025-09-03 19:18:39,472 ERROR e.l.j.w.SingleReadWebSocketSampler: Unexpected frame type received in sampler 'Heavy Caller - Read Response': Ping frame with no application data
2025-09-03 19:18:40,617 ERROR o.a.j.p.j.s.JSR223Sampler: Problem in JSR223 script Process Call Decision, message: javax.script.ScriptException: org.codehaus.groovy.control.MultipleCompilationErrorsException: startup failed:
Script307.groovy: 1: Unexpected input: 'def' @ line 1, column 347.
   put("callerId", "unknown"); } def random
                                 ^

1 error

javax.script.ScriptException: org.codehaus.groovy.control.MultipleCompilationErrorsException: startup failed:
Script307.groovy: 1: Unexpected input: 'def' @ line 1, column 347.
   put("callerId", "unknown"); } def random
                                 ^

1 error

	at org.codehaus.groovy.jsr223.GroovyScriptEngineImpl.eval(GroovyScriptEngineImpl.java:158) ~[groovy-jsr223-3.0.20.jar:3.0.20]
	at java.scripting/javax.script.AbstractScriptEngine.eval(AbstractScriptEngine.java:231) ~[java.scripting:?]
	at org.apache.jmeter.util.JSR223TestElement.processFileOrScript(JSR223TestElement.java:232) ~[ApacheJMeter_core.jar:5.6.3]
	at org.apache.jmeter.protocol.java.sampler.JSR223Sampler.sample(JSR223Sampler.java:72) [ApacheJMeter_java.jar:5.6.3]
	at org.apache.jmeter.threads.JMeterThread.doSampling(JMeterThread.java:651) [ApacheJMeter_core.jar:5.6.3]
	at org.apache.jmeter.threads.JMeterThread.executeSamplePackage(JMeterThread.java:570) [ApacheJMeter_core.jar:5.6.3]
	at org.apache.jmeter.threads.JMeterThread.processSampler(JMeterThread.java:501) [ApacheJMeter_core.jar:5.6.3]
	at org.apache.jmeter.threads.JMeterThread.run(JMeterThread.java:268) [ApacheJMeter_core.jar:5.6.3]
	at java.base/java.lang.Thread.run(Thread.java:842) [?:?]
Caused by: org.codehaus.groovy.control.MultipleCompilationErrorsException: startup failed:
Script307.groovy: 1: Unexpected input: 'def' @ line 1, column 347.
   put("callerId", "unknown"); } def random
                                 ^

1 error

	at org.codehaus.groovy.control.ErrorCollector.failIfErrors(ErrorCollector.java:292) ~[groovy-3.0.20.jar:3.0.20]
	at org.codehaus.groovy.control.ErrorCollector.addFatalError(ErrorCollector.java:148) ~[groovy-3.0.20.jar:3.0.20]
	at org.apache.groovy.parser.antlr4.AstBuilder.collectSyntaxError(AstBuilder.java:4301) ~[groovy-3.0.20.jar:3.0.20]
	at org.apache.groovy.parser.antlr4.AstBuilder.access$000(AstBuilder.java:176) ~[groovy-3.0.20.jar:3.0.20]
	at org.apache.groovy.parser.antlr4.AstBuilder$1.syntaxError(AstBuilder.java:4312) ~[groovy-3.0.20.jar:3.0.20]
	at groovyjarjarantlr4.v4.runtime.ProxyErrorListener.syntaxError(ProxyErrorListener.java:44) ~[groovy-3.0.20.jar:3.0.20]
	at groovyjarjarantlr4.v4.runtime.Parser.notifyErrorListeners(Parser.java:543) ~[groovy-3.0.20.jar:3.0.20]
	at groovyjarjarantlr4.v4.runtime.DefaultErrorStrategy.notifyErrorListeners(DefaultErrorStrategy.java:154) ~[groovy-3.0.20.jar:3.0.20]
	at org.apache.groovy.parser.antlr4.internal.DescriptiveErrorStrategy.reportInputMismatch(DescriptiveErrorStrategy.java:103) ~[groovy-3.0.20.jar:3.0.20]
	at org.apache.groovy.parser.antlr4.internal.DescriptiveErrorStrategy.recover(DescriptiveErrorStrategy.java:55) ~[groovy-3.0.20.jar:3.0.20]
	at org.apache.groovy.parser.antlr4.internal.DescriptiveErrorStrategy.recoverInline(DescriptiveErrorStrategy.java:68) ~[groovy-3.0.20.jar:3.0.20]
	at groovyjarjarantlr4.v4.runtime.Parser.match(Parser.java:213) ~[groovy-3.0.20.jar:3.0.20]
	at org.apache.groovy.parser.antlr4.GroovyParser.compilationUnit(GroovyParser.java:362) ~[groovy-3.0.20.jar:3.0.20]
	at org.apache.groovy.parser.antlr4.AstBuilder.buildCST(AstBuilder.java:250) ~[groovy-3.0.20.jar:3.0.20]
	at org.apache.groovy.parser.antlr4.AstBuilder.buildCST(AstBuilder.java:228) ~[groovy-3.0.20.jar:3.0.20]
	at org.apache.groovy.parser.antlr4.AstBuilder.buildAST(AstBuilder.java:269) ~[groovy-3.0.20.jar:3.0.20]
	at org.apache.groovy.parser.antlr4.Antlr4ParserPlugin.buildAST(Antlr4ParserPlugin.java:58) ~[groovy-3.0.20.jar:3.0.20]
	at org.codehaus.groovy.control.SourceUnit.buildAST(SourceUnit.java:256) ~[groovy-3.0.20.jar:3.0.20]
	at java.base/java.util.Iterator.forEachRemaining(Iterator.java:133) ~[?:?]
	at java.base/java.util.Spliterators$IteratorSpliterator.forEachRemaining(Spliterators.java:1845) ~[?:?]
	at java.base/java.util.stream.ReferencePipeline$Head.forEach(ReferencePipeline.java:762) ~[?:?]
	at org.codehaus.groovy.control.CompilationUnit.buildASTs(CompilationUnit.java:667) ~[groovy-3.0.20.jar:3.0.20]
	at org.codehaus.groovy.control.CompilationUnit.compile(CompilationUnit.java:633) ~[groovy-3.0.20.jar:3.0.20]
	at groovy.lang.GroovyClassLoader.doParseClass(GroovyClassLoader.java:389) ~[groovy-3.0.20.jar:3.0.20]
	at groovy.lang.GroovyClassLoader.lambda$parseClass$3(GroovyClassLoader.java:332) ~[groovy-3.0.20.jar:3.0.20]
	at org.codehaus.groovy.runtime.memoize.StampedCommonCache.compute(StampedCommonCache.java:163) ~[groovy-3.0.20.jar:3.0.20]
	at org.codehaus.groovy.runtime.memoize.StampedCommonCache.getAndPut(StampedCommonCache.java:154) ~[groovy-3.0.20.jar:3.0.20]
	at groovy.lang.GroovyClassLoader.parseClass(GroovyClassLoader.java:330) ~[groovy-3.0.20.jar:3.0.20]
	at groovy.lang.GroovyClassLoader.parseClass(GroovyClassLoader.java:314) ~[groovy-3.0.20.jar:3.0.20]
	at groovy.lang.GroovyClassLoader.parseClass(GroovyClassLoader.java:257) ~[groovy-3.0.20.jar:3.0.20]
	at org.codehaus.groovy.jsr223.GroovyScriptEngineImpl.getScriptClass(GroovyScriptEngineImpl.java:336) ~[groovy-jsr223-3.0.20.jar:3.0.20]
	at org.codehaus.groovy.jsr223.GroovyScriptEngineImpl.eval(GroovyScriptEngineImpl.java:153) ~[groovy-jsr223-3.0.20.jar:3.0.20]
	... 8 more
2025-09-03 19:18:40,861 ERROR e.l.j.w.SingleReadWebSocketSampler: Unexpected frame type received in sampler 'Heavy Caller - Read Response': Ping frame with no application data
2025-09-03 19:18:41,506 ERROR e.l.j.w.SingleReadWebSocketSampler: Unexpected frame type received in sampler 'Heavy Caller - Read Response': Ping frame with no application data
2025-09-03 19:18:42,396 ERROR o.a.j.p.j.s.JSR223Sampler: Problem in JSR223 script Process Call Decision, message: javax.script.ScriptException: org.codehaus.groovy.control.MultipleCompilationErrorsException: startup failed:
Script315.groovy: 1: Unexpected input: 'def' @ line 1, column 347.
   put("callerId", "unknown"); } def random
                                 ^

1 error

javax.script.ScriptException: org.codehaus.groovy.control.MultipleCompilationErrorsException: startup failed:
Script315.groovy: 1: Unexpected input: 'def' @ line 1, column 347.
   put("callerId", "unknown"); } def random
                                 ^

1 error

	at org.codehaus.groovy.jsr223.GroovyScriptEngineImpl.eval(GroovyScriptEngineImpl.java:158) ~[groovy-jsr223-3.0.20.jar:3.0.20]
	at java.scripting/javax.script.AbstractScriptEngine.eval(AbstractScriptEngine.java:231) ~[java.scripting:?]
	at org.apache.jmeter.util.JSR223TestElement.processFileOrScript(JSR223TestElement.java:232) ~[ApacheJMeter_core.jar:5.6.3]
	at org.apache.jmeter.protocol.java.sampler.JSR223Sampler.sample(JSR223Sampler.java:72) [ApacheJMeter_java.jar:5.6.3]
	at org.apache.jmeter.threads.JMeterThread.doSampling(JMeterThread.java:651) [ApacheJMeter_core.jar:5.6.3]
	at org.apache.jmeter.threads.JMeterThread.executeSamplePackage(JMeterThread.java:570) [ApacheJMeter_core.jar:5.6.3]
	at org.apache.jmeter.threads.JMeterThread.processSampler(JMeterThread.java:501) [ApacheJMeter_core.jar:5.6.3]
	at org.apache.jmeter.threads.JMeterThread.run(JMeterThread.java:268) [ApacheJMeter_core.jar:5.6.3]
	at java.base/java.lang.Thread.run(Thread.java:842) [?:?]
Caused by: org.codehaus.groovy.control.MultipleCompilationErrorsException: startup failed:
Script315.groovy: 1: Unexpected input: 'def' @ line 1, column 347.
   put("callerId", "unknown"); } def random
                                 ^

1 error

	at org.codehaus.groovy.control.ErrorCollector.failIfErrors(ErrorCollector.java:292) ~[groovy-3.0.20.jar:3.0.20]
	at org.codehaus.groovy.control.ErrorCollector.addFatalError(ErrorCollector.java:148) ~[groovy-3.0.20.jar:3.0.20]
	at org.apache.groovy.parser.antlr4.AstBuilder.collectSyntaxError(AstBuilder.java:4301) ~[groovy-3.0.20.jar:3.0.20]
	at org.apache.groovy.parser.antlr4.AstBuilder.access$000(AstBuilder.java:176) ~[groovy-3.0.20.jar:3.0.20]
	at org.apache.groovy.parser.antlr4.AstBuilder$1.syntaxError(AstBuilder.java:4312) ~[groovy-3.0.20.jar:3.0.20]
	at groovyjarjarantlr4.v4.runtime.ProxyErrorListener.syntaxError(ProxyErrorListener.java:44) ~[groovy-3.0.20.jar:3.0.20]
	at groovyjarjarantlr4.v4.runtime.Parser.notifyErrorListeners(Parser.java:543) ~[groovy-3.0.20.jar:3.0.20]
	at groovyjarjarantlr4.v4.runtime.DefaultErrorStrategy.notifyErrorListeners(DefaultErrorStrategy.java:154) ~[groovy-3.0.20.jar:3.0.20]
	at org.apache.groovy.parser.antlr4.internal.DescriptiveErrorStrategy.reportInputMismatch(DescriptiveErrorStrategy.java:103) ~[groovy-3.0.20.jar:3.0.20]
	at org.apache.groovy.parser.antlr4.internal.DescriptiveErrorStrategy.recover(DescriptiveErrorStrategy.java:55) ~[groovy-3.0.20.jar:3.0.20]
	at org.apache.groovy.parser.antlr4.internal.DescriptiveErrorStrategy.recoverInline(DescriptiveErrorStrategy.java:68) ~[groovy-3.0.20.jar:3.0.20]
	at groovyjarjarantlr4.v4.runtime.Parser.match(Parser.java:213) ~[groovy-3.0.20.jar:3.0.20]
	at org.apache.groovy.parser.antlr4.GroovyParser.compilationUnit(GroovyParser.java:362) ~[groovy-3.0.20.jar:3.0.20]
	at org.apache.groovy.parser.antlr4.AstBuilder.buildCST(AstBuilder.java:250) ~[groovy-3.0.20.jar:3.0.20]
	at org.apache.groovy.parser.antlr4.AstBuilder.buildCST(AstBuilder.java:228) ~[groovy-3.0.20.jar:3.0.20]
	at org.apache.groovy.parser.antlr4.AstBuilder.buildAST(AstBuilder.java:269) ~[groovy-3.0.20.jar:3.0.20]
	at org.apache.groovy.parser.antlr4.Antlr4ParserPlugin.buildAST(Antlr4ParserPlugin.java:58) ~[groovy-3.0.20.jar:3.0.20]
	at org.codehaus.groovy.control.SourceUnit.buildAST(SourceUnit.java:256) ~[groovy-3.0.20.jar:3.0.20]
	at java.base/java.util.Iterator.forEachRemaining(Iterator.java:133) ~[?:?]
	at java.base/java.util.Spliterators$IteratorSpliterator.forEachRemaining(Spliterators.java:1845) ~[?:?]
	at java.base/java.util.stream.ReferencePipeline$Head.forEach(ReferencePipeline.java:762) ~[?:?]
	at org.codehaus.groovy.control.CompilationUnit.buildASTs(CompilationUnit.java:667) ~[groovy-3.0.20.jar:3.0.20]
	at org.codehaus.groovy.control.CompilationUnit.compile(CompilationUnit.java:633) ~[groovy-3.0.20.jar:3.0.20]
	at groovy.lang.GroovyClassLoader.doParseClass(GroovyClassLoader.java:389) ~[groovy-3.0.20.jar:3.0.20]
	at groovy.lang.GroovyClassLoader.lambda$parseClass$3(GroovyClassLoader.java:332) ~[groovy-3.0.20.jar:3.0.20]
	at org.codehaus.groovy.runtime.memoize.StampedCommonCache.compute(StampedCommonCache.java:163) ~[groovy-3.0.20.jar:3.0.20]
	at org.codehaus.groovy.runtime.memoize.StampedCommonCache.getAndPut(StampedCommonCache.java:154) ~[groovy-3.0.20.jar:3.0.20]
	at groovy.lang.GroovyClassLoader.parseClass(GroovyClassLoader.java:330) ~[groovy-3.0.20.jar:3.0.20]
	at groovy.lang.GroovyClassLoader.parseClass(GroovyClassLoader.java:314) ~[groovy-3.0.20.jar:3.0.20]
	at groovy.lang.GroovyClassLoader.parseClass(GroovyClassLoader.java:257) ~[groovy-3.0.20.jar:3.0.20]
	at org.codehaus.groovy.jsr223.GroovyScriptEngineImpl.getScriptClass(GroovyScriptEngineImpl.java:336) ~[groovy-jsr223-3.0.20.jar:3.0.20]
	at org.codehaus.groovy.jsr223.GroovyScriptEngineImpl.eval(GroovyScriptEngineImpl.java:153) ~[groovy-jsr223-3.0.20.jar:3.0.20]
	... 8 more
2025-09-03 19:18:42,456 ERROR o.a.j.p.j.s.JSR223Sampler: Problem in JSR223 script Process Call Decision, message: javax.script.ScriptException: org.codehaus.groovy.control.MultipleCompilationErrorsException: startup failed:
Script316.groovy: 1: Unexpected input: 'def' @ line 1, column 347.
   put("callerId", "unknown"); } def random
                                 ^

1 error

javax.script.ScriptException: org.codehaus.groovy.control.MultipleCompilationErrorsException: startup failed:
Script316.groovy: 1: Unexpected input: 'def' @ line 1, column 347.
   put("callerId", "unknown"); } def random
                                 ^

1 error

	at org.codehaus.groovy.jsr223.GroovyScriptEngineImpl.eval(GroovyScriptEngineImpl.java:158) ~[groovy-jsr223-3.0.20.jar:3.0.20]
	at java.scripting/javax.script.AbstractScriptEngine.eval(AbstractScriptEngine.java:231) ~[java.scripting:?]
	at org.apache.jmeter.util.JSR223TestElement.processFileOrScript(JSR223TestElement.java:232) ~[ApacheJMeter_core.jar:5.6.3]
	at org.apache.jmeter.protocol.java.sampler.JSR223Sampler.sample(JSR223Sampler.java:72) [ApacheJMeter_java.jar:5.6.3]
	at org.apache.jmeter.threads.JMeterThread.doSampling(JMeterThread.java:651) [ApacheJMeter_core.jar:5.6.3]
	at org.apache.jmeter.threads.JMeterThread.executeSamplePackage(JMeterThread.java:570) [ApacheJMeter_core.jar:5.6.3]
	at org.apache.jmeter.threads.JMeterThread.processSampler(JMeterThread.java:501) [ApacheJMeter_core.jar:5.6.3]
	at org.apache.jmeter.threads.JMeterThread.run(JMeterThread.java:268) [ApacheJMeter_core.jar:5.6.3]
	at java.base/java.lang.Thread.run(Thread.java:842) [?:?]
Caused by: org.codehaus.groovy.control.MultipleCompilationErrorsException: startup failed:
Script316.groovy: 1: Unexpected input: 'def' @ line 1, column 347.
   put("callerId", "unknown"); } def random
                                 ^

1 error

	at org.codehaus.groovy.control.ErrorCollector.failIfErrors(ErrorCollector.java:292) ~[groovy-3.0.20.jar:3.0.20]
	at org.codehaus.groovy.control.ErrorCollector.addFatalError(ErrorCollector.java:148) ~[groovy-3.0.20.jar:3.0.20]
	at org.apache.groovy.parser.antlr4.AstBuilder.collectSyntaxError(AstBuilder.java:4301) ~[groovy-3.0.20.jar:3.0.20]
	at org.apache.groovy.parser.antlr4.AstBuilder.access$000(AstBuilder.java:176) ~[groovy-3.0.20.jar:3.0.20]
	at org.apache.groovy.parser.antlr4.AstBuilder$1.syntaxError(AstBuilder.java:4312) ~[groovy-3.0.20.jar:3.0.20]
	at groovyjarjarantlr4.v4.runtime.ProxyErrorListener.syntaxError(ProxyErrorListener.java:44) ~[groovy-3.0.20.jar:3.0.20]
	at groovyjarjarantlr4.v4.runtime.Parser.notifyErrorListeners(Parser.java:543) ~[groovy-3.0.20.jar:3.0.20]
	at groovyjarjarantlr4.v4.runtime.DefaultErrorStrategy.notifyErrorListeners(DefaultErrorStrategy.java:154) ~[groovy-3.0.20.jar:3.0.20]
	at org.apache.groovy.parser.antlr4.internal.DescriptiveErrorStrategy.reportInputMismatch(DescriptiveErrorStrategy.java:103) ~[groovy-3.0.20.jar:3.0.20]
	at org.apache.groovy.parser.antlr4.internal.DescriptiveErrorStrategy.recover(DescriptiveErrorStrategy.java:55) ~[groovy-3.0.20.jar:3.0.20]
	at org.apache.groovy.parser.antlr4.internal.DescriptiveErrorStrategy.recoverInline(DescriptiveErrorStrategy.java:68) ~[groovy-3.0.20.jar:3.0.20]
	at groovyjarjarantlr4.v4.runtime.Parser.match(Parser.java:213) ~[groovy-3.0.20.jar:3.0.20]
	at org.apache.groovy.parser.antlr4.GroovyParser.compilationUnit(GroovyParser.java:362) ~[groovy-3.0.20.jar:3.0.20]
	at org.apache.groovy.parser.antlr4.AstBuilder.buildCST(AstBuilder.java:250) ~[groovy-3.0.20.jar:3.0.20]
	at org.apache.groovy.parser.antlr4.AstBuilder.buildCST(AstBuilder.java:228) ~[groovy-3.0.20.jar:3.0.20]
	at org.apache.groovy.parser.antlr4.AstBuilder.buildAST(AstBuilder.java:269) ~[groovy-3.0.20.jar:3.0.20]
	at org.apache.groovy.parser.antlr4.Antlr4ParserPlugin.buildAST(Antlr4ParserPlugin.java:58) ~[groovy-3.0.20.jar:3.0.20]
	at org.codehaus.groovy.control.SourceUnit.buildAST(SourceUnit.java:256) ~[groovy-3.0.20.jar:3.0.20]
	at java.base/java.util.Iterator.forEachRemaining(Iterator.java:133) ~[?:?]
	at java.base/java.util.Spliterators$IteratorSpliterator.forEachRemaining(Spliterators.java:1845) ~[?:?]
	at java.base/java.util.stream.ReferencePipeline$Head.forEach(ReferencePipeline.java:762) ~[?:?]
	at org.codehaus.groovy.control.CompilationUnit.buildASTs(CompilationUnit.java:667) ~[groovy-3.0.20.jar:3.0.20]
	at org.codehaus.groovy.control.CompilationUnit.compile(CompilationUnit.java:633) ~[groovy-3.0.20.jar:3.0.20]
	at groovy.lang.GroovyClassLoader.doParseClass(GroovyClassLoader.java:389) ~[groovy-3.0.20.jar:3.0.20]
	at groovy.lang.GroovyClassLoader.lambda$parseClass$3(GroovyClassLoader.java:332) ~[groovy-3.0.20.jar:3.0.20]
	at org.codehaus.groovy.runtime.memoize.StampedCommonCache.compute(StampedCommonCache.java:163) ~[groovy-3.0.20.jar:3.0.20]
	at org.codehaus.groovy.runtime.memoize.StampedCommonCache.getAndPut(StampedCommonCache.java:154) ~[groovy-3.0.20.jar:3.0.20]
	at groovy.lang.GroovyClassLoader.parseClass(GroovyClassLoader.java:330) ~[groovy-3.0.20.jar:3.0.20]
	at groovy.lang.GroovyClassLoader.parseClass(GroovyClassLoader.java:314) ~[groovy-3.0.20.jar:3.0.20]
	at groovy.lang.GroovyClassLoader.parseClass(GroovyClassLoader.java:257) ~[groovy-3.0.20.jar:3.0.20]
	at org.codehaus.groovy.jsr223.GroovyScriptEngineImpl.getScriptClass(GroovyScriptEngineImpl.java:336) ~[groovy-jsr223-3.0.20.jar:3.0.20]
	at org.codehaus.groovy.jsr223.GroovyScriptEngineImpl.eval(GroovyScriptEngineImpl.java:153) ~[groovy-jsr223-3.0.20.jar:3.0.20]
	... 8 more
2025-09-03 19:18:42,746 ERROR o.a.j.p.j.s.JSR223Sampler: Problem in JSR223 script Process Call Decision, message: javax.script.ScriptException: org.codehaus.groovy.control.MultipleCompilationErrorsException: startup failed:
Script318.groovy: 1: Unexpected input: 'def' @ line 1, column 347.
   put("callerId", "unknown"); } def random
                                 ^

1 error

javax.script.ScriptException: org.codehaus.groovy.control.MultipleCompilationErrorsException: startup failed:
Script318.groovy: 1: Unexpected input: 'def' @ line 1, column 347.
   put("callerId", "unknown"); } def random
                                 ^

1 error

	at org.codehaus.groovy.jsr223.GroovyScriptEngineImpl.eval(GroovyScriptEngineImpl.java:158) ~[groovy-jsr223-3.0.20.jar:3.0.20]
	at java.scripting/javax.script.AbstractScriptEngine.eval(AbstractScriptEngine.java:231) ~[java.scripting:?]
	at org.apache.jmeter.util.JSR223TestElement.processFileOrScript(JSR223TestElement.java:232) ~[ApacheJMeter_core.jar:5.6.3]
	at org.apache.jmeter.protocol.java.sampler.JSR223Sampler.sample(JSR223Sampler.java:72) [ApacheJMeter_java.jar:5.6.3]
	at org.apache.jmeter.threads.JMeterThread.doSampling(JMeterThread.java:651) [ApacheJMeter_core.jar:5.6.3]
	at org.apache.jmeter.threads.JMeterThread.executeSamplePackage(JMeterThread.java:570) [ApacheJMeter_core.jar:5.6.3]
	at org.apache.jmeter.threads.JMeterThread.processSampler(JMeterThread.java:501) [ApacheJMeter_core.jar:5.6.3]
	at org.apache.jmeter.threads.JMeterThread.run(JMeterThread.java:268) [ApacheJMeter_core.jar:5.6.3]
	at java.base/java.lang.Thread.run(Thread.java:842) [?:?]
Caused by: org.codehaus.groovy.control.MultipleCompilationErrorsException: startup failed:
Script318.groovy: 1: Unexpected input: 'def' @ line 1, column 347.
   put("callerId", "unknown"); } def random
                                 ^

1 error

	at org.codehaus.groovy.control.ErrorCollector.failIfErrors(ErrorCollector.java:292) ~[groovy-3.0.20.jar:3.0.20]
	at org.codehaus.groovy.control.ErrorCollector.addFatalError(ErrorCollector.java:148) ~[groovy-3.0.20.jar:3.0.20]
	at org.apache.groovy.parser.antlr4.AstBuilder.collectSyntaxError(AstBuilder.java:4301) ~[groovy-3.0.20.jar:3.0.20]
	at org.apache.groovy.parser.antlr4.AstBuilder.access$000(AstBuilder.java:176) ~[groovy-3.0.20.jar:3.0.20]
	at org.apache.groovy.parser.antlr4.AstBuilder$1.syntaxError(AstBuilder.java:4312) ~[groovy-3.0.20.jar:3.0.20]
	at groovyjarjarantlr4.v4.runtime.ProxyErrorListener.syntaxError(ProxyErrorListener.java:44) ~[groovy-3.0.20.jar:3.0.20]
	at groovyjarjarantlr4.v4.runtime.Parser.notifyErrorListeners(Parser.java:543) ~[groovy-3.0.20.jar:3.0.20]
	at groovyjarjarantlr4.v4.runtime.DefaultErrorStrategy.notifyErrorListeners(DefaultErrorStrategy.java:154) ~[groovy-3.0.20.jar:3.0.20]
	at org.apache.groovy.parser.antlr4.internal.DescriptiveErrorStrategy.reportInputMismatch(DescriptiveErrorStrategy.java:103) ~[groovy-3.0.20.jar:3.0.20]
	at org.apache.groovy.parser.antlr4.internal.DescriptiveErrorStrategy.recover(DescriptiveErrorStrategy.java:55) ~[groovy-3.0.20.jar:3.0.20]
	at org.apache.groovy.parser.antlr4.internal.DescriptiveErrorStrategy.recoverInline(DescriptiveErrorStrategy.java:68) ~[groovy-3.0.20.jar:3.0.20]
	at groovyjarjarantlr4.v4.runtime.Parser.match(Parser.java:213) ~[groovy-3.0.20.jar:3.0.20]
	at org.apache.groovy.parser.antlr4.GroovyParser.compilationUnit(GroovyParser.java:362) ~[groovy-3.0.20.jar:3.0.20]
	at org.apache.groovy.parser.antlr4.AstBuilder.buildCST(AstBuilder.java:250) ~[groovy-3.0.20.jar:3.0.20]
	at org.apache.groovy.parser.antlr4.AstBuilder.buildCST(AstBuilder.java:228) ~[groovy-3.0.20.jar:3.0.20]
	at org.apache.groovy.parser.antlr4.AstBuilder.buildAST(AstBuilder.java:269) ~[groovy-3.0.20.jar:3.0.20]
	at org.apache.groovy.parser.antlr4.Antlr4ParserPlugin.buildAST(Antlr4ParserPlugin.java:58) ~[groovy-3.0.20.jar:3.0.20]
	at org.codehaus.groovy.control.SourceUnit.buildAST(SourceUnit.java:256) ~[groovy-3.0.20.jar:3.0.20]
	at java.base/java.util.Iterator.forEachRemaining(Iterator.java:133) ~[?:?]
	at java.base/java.util.Spliterators$IteratorSpliterator.forEachRemaining(Spliterators.java:1845) ~[?:?]
	at java.base/java.util.stream.ReferencePipeline$Head.forEach(ReferencePipeline.java:762) ~[?:?]
	at org.codehaus.groovy.control.CompilationUnit.buildASTs(CompilationUnit.java:667) ~[groovy-3.0.20.jar:3.0.20]
	at org.codehaus.groovy.control.CompilationUnit.compile(CompilationUnit.java:633) ~[groovy-3.0.20.jar:3.0.20]
	at groovy.lang.GroovyClassLoader.doParseClass(GroovyClassLoader.java:389) ~[groovy-3.0.20.jar:3.0.20]
	at groovy.lang.GroovyClassLoader.lambda$parseClass$3(GroovyClassLoader.java:332) ~[groovy-3.0.20.jar:3.0.20]
	at org.codehaus.groovy.runtime.memoize.StampedCommonCache.compute(StampedCommonCache.java:163) ~[groovy-3.0.20.jar:3.0.20]
	at org.codehaus.groovy.runtime.memoize.StampedCommonCache.getAndPut(StampedCommonCache.java:154) ~[groovy-3.0.20.jar:3.0.20]
	at groovy.lang.GroovyClassLoader.parseClass(GroovyClassLoader.java:330) ~[groovy-3.0.20.jar:3.0.20]
	at groovy.lang.GroovyClassLoader.parseClass(GroovyClassLoader.java:314) ~[groovy-3.0.20.jar:3.0.20]
	at groovy.lang.GroovyClassLoader.parseClass(GroovyClassLoader.java:257) ~[groovy-3.0.20.jar:3.0.20]
	at org.codehaus.groovy.jsr223.GroovyScriptEngineImpl.getScriptClass(GroovyScriptEngineImpl.java:336) ~[groovy-jsr223-3.0.20.jar:3.0.20]
	at org.codehaus.groovy.jsr223.GroovyScriptEngineImpl.eval(GroovyScriptEngineImpl.java:153) ~[groovy-jsr223-3.0.20.jar:3.0.20]
	... 8 more
2025-09-03 19:18:43,725 ERROR e.l.j.w.SingleReadWebSocketSampler: Unexpected frame type received in sampler 'Regular Caller - Read Response': Ping frame with no application data
2025-09-03 19:18:44,084 ERROR e.l.j.w.SingleReadWebSocketSampler: Unexpected frame type received in sampler 'Heavy Caller - Read Response': Ping frame with no application data
2025-09-03 19:18:45,798 ERROR e.l.j.w.SingleReadWebSocketSampler: Unexpected frame type received in sampler 'Heavy Caller - Read Response': Ping frame with no application data
2025-09-03 19:18:46,069 ERROR o.a.j.p.j.s.JSR223Sampler: Problem in JSR223 script Process Call Decision, message: javax.script.ScriptException: org.codehaus.groovy.control.MultipleCompilationErrorsException: startup failed:
Script344.groovy: 1: Unexpected input: 'def' @ line 1, column 347.
   put("callerId", "unknown"); } def random
                                 ^

1 error

javax.script.ScriptException: org.codehaus.groovy.control.MultipleCompilationErrorsException: startup failed:
Script344.groovy: 1: Unexpected input: 'def' @ line 1, column 347.
   put("callerId", "unknown"); } def random
                                 ^

1 error

	at org.codehaus.groovy.jsr223.GroovyScriptEngineImpl.eval(GroovyScriptEngineImpl.java:158) ~[groovy-jsr223-3.0.20.jar:3.0.20]
	at java.scripting/javax.script.AbstractScriptEngine.eval(AbstractScriptEngine.java:231) ~[java.scripting:?]
	at org.apache.jmeter.util.JSR223TestElement.processFileOrScript(JSR223TestElement.java:232) ~[ApacheJMeter_core.jar:5.6.3]
	at org.apache.jmeter.protocol.java.sampler.JSR223Sampler.sample(JSR223Sampler.java:72) [ApacheJMeter_java.jar:5.6.3]
	at org.apache.jmeter.threads.JMeterThread.doSampling(JMeterThread.java:651) [ApacheJMeter_core.jar:5.6.3]
	at org.apache.jmeter.threads.JMeterThread.executeSamplePackage(JMeterThread.java:570) [ApacheJMeter_core.jar:5.6.3]
	at org.apache.jmeter.threads.JMeterThread.processSampler(JMeterThread.java:501) [ApacheJMeter_core.jar:5.6.3]
	at org.apache.jmeter.threads.JMeterThread.run(JMeterThread.java:268) [ApacheJMeter_core.jar:5.6.3]
	at java.base/java.lang.Thread.run(Thread.java:842) [?:?]
Caused by: org.codehaus.groovy.control.MultipleCompilationErrorsException: startup failed:
Script344.groovy: 1: Unexpected input: 'def' @ line 1, column 347.
   put("callerId", "unknown"); } def random
                                 ^

1 error

	at org.codehaus.groovy.control.ErrorCollector.failIfErrors(ErrorCollector.java:292) ~[groovy-3.0.20.jar:3.0.20]
	at org.codehaus.groovy.control.ErrorCollector.addFatalError(ErrorCollector.java:148) ~[groovy-3.0.20.jar:3.0.20]
	at org.apache.groovy.parser.antlr4.AstBuilder.collectSyntaxError(AstBuilder.java:4301) ~[groovy-3.0.20.jar:3.0.20]
	at org.apache.groovy.parser.antlr4.AstBuilder.access$000(AstBuilder.java:176) ~[groovy-3.0.20.jar:3.0.20]
	at org.apache.groovy.parser.antlr4.AstBuilder$1.syntaxError(AstBuilder.java:4312) ~[groovy-3.0.20.jar:3.0.20]
	at groovyjarjarantlr4.v4.runtime.ProxyErrorListener.syntaxError(ProxyErrorListener.java:44) ~[groovy-3.0.20.jar:3.0.20]
	at groovyjarjarantlr4.v4.runtime.Parser.notifyErrorListeners(Parser.java:543) ~[groovy-3.0.20.jar:3.0.20]
	at groovyjarjarantlr4.v4.runtime.DefaultErrorStrategy.notifyErrorListeners(DefaultErrorStrategy.java:154) ~[groovy-3.0.20.jar:3.0.20]
	at org.apache.groovy.parser.antlr4.internal.DescriptiveErrorStrategy.reportInputMismatch(DescriptiveErrorStrategy.java:103) ~[groovy-3.0.20.jar:3.0.20]
	at org.apache.groovy.parser.antlr4.internal.DescriptiveErrorStrategy.recover(DescriptiveErrorStrategy.java:55) ~[groovy-3.0.20.jar:3.0.20]
	at org.apache.groovy.parser.antlr4.internal.DescriptiveErrorStrategy.recoverInline(DescriptiveErrorStrategy.java:68) ~[groovy-3.0.20.jar:3.0.20]
	at groovyjarjarantlr4.v4.runtime.Parser.match(Parser.java:213) ~[groovy-3.0.20.jar:3.0.20]
	at org.apache.groovy.parser.antlr4.GroovyParser.compilationUnit(GroovyParser.java:362) ~[groovy-3.0.20.jar:3.0.20]
	at org.apache.groovy.parser.antlr4.AstBuilder.buildCST(AstBuilder.java:250) ~[groovy-3.0.20.jar:3.0.20]
	at org.apache.groovy.parser.antlr4.AstBuilder.buildCST(AstBuilder.java:228) ~[groovy-3.0.20.jar:3.0.20]
	at org.apache.groovy.parser.antlr4.AstBuilder.buildAST(AstBuilder.java:269) ~[groovy-3.0.20.jar:3.0.20]
	at org.apache.groovy.parser.antlr4.Antlr4ParserPlugin.buildAST(Antlr4ParserPlugin.java:58) ~[groovy-3.0.20.jar:3.0.20]
	at org.codehaus.groovy.control.SourceUnit.buildAST(SourceUnit.java:256) ~[groovy-3.0.20.jar:3.0.20]
	at java.base/java.util.Iterator.forEachRemaining(Iterator.java:133) ~[?:?]
	at java.base/java.util.Spliterators$IteratorSpliterator.forEachRemaining(Spliterators.java:1845) ~[?:?]
	at java.base/java.util.stream.ReferencePipeline$Head.forEach(ReferencePipeline.java:762) ~[?:?]
	at org.codehaus.groovy.control.CompilationUnit.buildASTs(CompilationUnit.java:667) ~[groovy-3.0.20.jar:3.0.20]
	at org.codehaus.groovy.control.CompilationUnit.compile(CompilationUnit.java:633) ~[groovy-3.0.20.jar:3.0.20]
	at groovy.lang.GroovyClassLoader.doParseClass(GroovyClassLoader.java:389) ~[groovy-3.0.20.jar:3.0.20]
	at groovy.lang.GroovyClassLoader.lambda$parseClass$3(GroovyClassLoader.java:332) ~[groovy-3.0.20.jar:3.0.20]
	at org.codehaus.groovy.runtime.memoize.StampedCommonCache.compute(StampedCommonCache.java:163) ~[groovy-3.0.20.jar:3.0.20]
	at org.codehaus.groovy.runtime.memoize.StampedCommonCache.getAndPut(StampedCommonCache.java:154) ~[groovy-3.0.20.jar:3.0.20]
	at groovy.lang.GroovyClassLoader.parseClass(GroovyClassLoader.java:330) ~[groovy-3.0.20.jar:3.0.20]
	at groovy.lang.GroovyClassLoader.parseClass(GroovyClassLoader.java:314) ~[groovy-3.0.20.jar:3.0.20]
	at groovy.lang.GroovyClassLoader.parseClass(GroovyClassLoader.java:257) ~[groovy-3.0.20.jar:3.0.20]
	at org.codehaus.groovy.jsr223.GroovyScriptEngineImpl.getScriptClass(GroovyScriptEngineImpl.java:336) ~[groovy-jsr223-3.0.20.jar:3.0.20]
	at org.codehaus.groovy.jsr223.GroovyScriptEngineImpl.eval(GroovyScriptEngineImpl.java:153) ~[groovy-jsr223-3.0.20.jar:3.0.20]
	... 8 more
2025-09-03 19:18:47,893 ERROR e.l.j.w.SingleReadWebSocketSampler: Unexpected frame type received in sampler 'Heavy Caller - Read Response': Ping frame with no application data
2025-09-03 19:18:50,337 ERROR e.l.j.w.SingleReadWebSocketSampler: Unexpected frame type received in sampler 'Regular Caller - Read Response': Ping frame with no application data
2025-09-03 19:18:53,919 ERROR o.a.j.p.j.s.JSR223Sampler: Problem in JSR223 script Process Call Decision, message: javax.script.ScriptException: org.codehaus.groovy.control.MultipleCompilationErrorsException: startup failed:
Script405.groovy: 1: Unexpected input: 'def' @ line 1, column 347.
   put("callerId", "unknown"); } def random
                                 ^

1 error

javax.script.ScriptException: org.codehaus.groovy.control.MultipleCompilationErrorsException: startup failed:
Script405.groovy: 1: Unexpected input: 'def' @ line 1, column 347.
   put("callerId", "unknown"); } def random
                                 ^

1 error

	at org.codehaus.groovy.jsr223.GroovyScriptEngineImpl.eval(GroovyScriptEngineImpl.java:158) ~[groovy-jsr223-3.0.20.jar:3.0.20]
	at java.scripting/javax.script.AbstractScriptEngine.eval(AbstractScriptEngine.java:231) ~[java.scripting:?]
	at org.apache.jmeter.util.JSR223TestElement.processFileOrScript(JSR223TestElement.java:232) ~[ApacheJMeter_core.jar:5.6.3]
	at org.apache.jmeter.protocol.java.sampler.JSR223Sampler.sample(JSR223Sampler.java:72) [ApacheJMeter_java.jar:5.6.3]
	at org.apache.jmeter.threads.JMeterThread.doSampling(JMeterThread.java:651) [ApacheJMeter_core.jar:5.6.3]
	at org.apache.jmeter.threads.JMeterThread.executeSamplePackage(JMeterThread.java:570) [ApacheJMeter_core.jar:5.6.3]
	at org.apache.jmeter.threads.JMeterThread.processSampler(JMeterThread.java:501) [ApacheJMeter_core.jar:5.6.3]
	at org.apache.jmeter.threads.JMeterThread.run(JMeterThread.java:268) [ApacheJMeter_core.jar:5.6.3]
	at java.base/java.lang.Thread.run(Thread.java:842) [?:?]
Caused by: org.codehaus.groovy.control.MultipleCompilationErrorsException: startup failed:
Script405.groovy: 1: Unexpected input: 'def' @ line 1, column 347.
   put("callerId", "unknown"); } def random
                                 ^

1 error

	at org.codehaus.groovy.control.ErrorCollector.failIfErrors(ErrorCollector.java:292) ~[groovy-3.0.20.jar:3.0.20]
	at org.codehaus.groovy.control.ErrorCollector.addFatalError(ErrorCollector.java:148) ~[groovy-3.0.20.jar:3.0.20]
	at org.apache.groovy.parser.antlr4.AstBuilder.collectSyntaxError(AstBuilder.java:4301) ~[groovy-3.0.20.jar:3.0.20]
	at org.apache.groovy.parser.antlr4.AstBuilder.access$000(AstBuilder.java:176) ~[groovy-3.0.20.jar:3.0.20]
	at org.apache.groovy.parser.antlr4.AstBuilder$1.syntaxError(AstBuilder.java:4312) ~[groovy-3.0.20.jar:3.0.20]
	at groovyjarjarantlr4.v4.runtime.ProxyErrorListener.syntaxError(ProxyErrorListener.java:44) ~[groovy-3.0.20.jar:3.0.20]
	at groovyjarjarantlr4.v4.runtime.Parser.notifyErrorListeners(Parser.java:543) ~[groovy-3.0.20.jar:3.0.20]
	at groovyjarjarantlr4.v4.runtime.DefaultErrorStrategy.notifyErrorListeners(DefaultErrorStrategy.java:154) ~[groovy-3.0.20.jar:3.0.20]
	at org.apache.groovy.parser.antlr4.internal.DescriptiveErrorStrategy.reportInputMismatch(DescriptiveErrorStrategy.java:103) ~[groovy-3.0.20.jar:3.0.20]
	at org.apache.groovy.parser.antlr4.internal.DescriptiveErrorStrategy.recover(DescriptiveErrorStrategy.java:55) ~[groovy-3.0.20.jar:3.0.20]
	at org.apache.groovy.parser.antlr4.internal.DescriptiveErrorStrategy.recoverInline(DescriptiveErrorStrategy.java:68) ~[groovy-3.0.20.jar:3.0.20]
	at groovyjarjarantlr4.v4.runtime.Parser.match(Parser.java:213) ~[groovy-3.0.20.jar:3.0.20]
	at org.apache.groovy.parser.antlr4.GroovyParser.compilationUnit(GroovyParser.java:362) ~[groovy-3.0.20.jar:3.0.20]
	at org.apache.groovy.parser.antlr4.AstBuilder.buildCST(AstBuilder.java:250) ~[groovy-3.0.20.jar:3.0.20]
	at org.apache.groovy.parser.antlr4.AstBuilder.buildCST(AstBuilder.java:228) ~[groovy-3.0.20.jar:3.0.20]
	at org.apache.groovy.parser.antlr4.AstBuilder.buildAST(AstBuilder.java:269) ~[groovy-3.0.20.jar:3.0.20]
	at org.apache.groovy.parser.antlr4.Antlr4ParserPlugin.buildAST(Antlr4ParserPlugin.java:58) ~[groovy-3.0.20.jar:3.0.20]
	at org.codehaus.groovy.control.SourceUnit.buildAST(SourceUnit.java:256) ~[groovy-3.0.20.jar:3.0.20]
	at java.base/java.util.Iterator.forEachRemaining(Iterator.java:133) ~[?:?]
	at java.base/java.util.Spliterators$IteratorSpliterator.forEachRemaining(Spliterators.java:1845) ~[?:?]
	at java.base/java.util.stream.ReferencePipeline$Head.forEach(ReferencePipeline.java:762) ~[?:?]
	at org.codehaus.groovy.control.CompilationUnit.buildASTs(CompilationUnit.java:667) ~[groovy-3.0.20.jar:3.0.20]
	at org.codehaus.groovy.control.CompilationUnit.compile(CompilationUnit.java:633) ~[groovy-3.0.20.jar:3.0.20]
	at groovy.lang.GroovyClassLoader.doParseClass(GroovyClassLoader.java:389) ~[groovy-3.0.20.jar:3.0.20]
	at groovy.lang.GroovyClassLoader.lambda$parseClass$3(GroovyClassLoader.java:332) ~[groovy-3.0.20.jar:3.0.20]
	at org.codehaus.groovy.runtime.memoize.StampedCommonCache.compute(StampedCommonCache.java:163) ~[groovy-3.0.20.jar:3.0.20]
	at org.codehaus.groovy.runtime.memoize.StampedCommonCache.getAndPut(StampedCommonCache.java:154) ~[groovy-3.0.20.jar:3.0.20]
	at groovy.lang.GroovyClassLoader.parseClass(GroovyClassLoader.java:330) ~[groovy-3.0.20.jar:3.0.20]
	at groovy.lang.GroovyClassLoader.parseClass(GroovyClassLoader.java:314) ~[groovy-3.0.20.jar:3.0.20]
	at groovy.lang.GroovyClassLoader.parseClass(GroovyClassLoader.java:257) ~[groovy-3.0.20.jar:3.0.20]
	at org.codehaus.groovy.jsr223.GroovyScriptEngineImpl.getScriptClass(GroovyScriptEngineImpl.java:336) ~[groovy-jsr223-3.0.20.jar:3.0.20]
	at org.codehaus.groovy.jsr223.GroovyScriptEngineImpl.eval(GroovyScriptEngineImpl.java:153) ~[groovy-jsr223-3.0.20.jar:3.0.20]
	... 8 more
2025-09-03 19:18:58,014 ERROR e.l.j.w.SingleReadWebSocketSampler: Unexpected frame type received in sampler 'Regular Caller - Read Response': Ping frame with no application data
2025-09-03 19:18:59,869 ERROR e.l.j.w.SingleReadWebSocketSampler: Unexpected frame type received in sampler 'Regular Caller - Read Response': Ping frame with no application data
2025-09-03 19:19:00,041 INFO o.a.j.r.Summariser: summary +    633 in 00:00:30 =   21.1/s Avg:  1087 Min:     0 Max:  6002 Err:   147 (23.22%) Active: 120 Started: 120 Finished: 0
2025-09-03 19:19:00,043 INFO o.a.j.r.Summariser: summary =   1657 in 00:01:17 =   21.6/s Avg:   840 Min:     0 Max:  6003 Err:   291 (17.56%)
2025-09-03 19:19:00,930 ERROR e.l.j.w.SingleReadWebSocketSampler: Unexpected frame type received in sampler 'Regular Caller - Read Response': Ping frame with no application data
2025-09-03 19:19:01,113 ERROR e.l.j.w.SingleReadWebSocketSampler: Unexpected frame type received in sampler 'Regular Caller - Read Response': Ping frame with no application data
2025-09-03 19:19:02,275 ERROR e.l.j.w.SingleReadWebSocketSampler: Unexpected frame type received in sampler 'Regular Caller - Read Response': Ping frame with no application data
2025-09-03 19:19:02,728 ERROR e.l.j.w.SingleReadWebSocketSampler: Unexpected frame type received in sampler 'Regular Caller - Read Response': Ping frame with no application data
2025-09-03 19:19:02,801 ERROR e.l.j.w.SingleReadWebSocketSampler: Unexpected frame type received in sampler 'Regular Caller - Read Response': Ping frame with no application data
2025-09-03 19:19:03,577 ERROR e.l.j.w.SingleReadWebSocketSampler: Unexpected frame type received in sampler 'Regular Caller - Read Response': Ping frame with no application data
2025-09-03 19:19:03,930 ERROR o.a.j.p.j.s.JSR223Sampler: Problem in JSR223 script Process Call Decision, message: javax.script.ScriptException: org.codehaus.groovy.control.MultipleCompilationErrorsException: startup failed:
Script446.groovy: 1: Unexpected input: 'def' @ line 1, column 347.
   put("callerId", "unknown"); } def random
                                 ^

1 error

javax.script.ScriptException: org.codehaus.groovy.control.MultipleCompilationErrorsException: startup failed:
Script446.groovy: 1: Unexpected input: 'def' @ line 1, column 347.
   put("callerId", "unknown"); } def random
                                 ^

1 error

	at org.codehaus.groovy.jsr223.GroovyScriptEngineImpl.eval(GroovyScriptEngineImpl.java:158) ~[groovy-jsr223-3.0.20.jar:3.0.20]
	at java.scripting/javax.script.AbstractScriptEngine.eval(AbstractScriptEngine.java:231) ~[java.scripting:?]
	at org.apache.jmeter.util.JSR223TestElement.processFileOrScript(JSR223TestElement.java:232) ~[ApacheJMeter_core.jar:5.6.3]
	at org.apache.jmeter.protocol.java.sampler.JSR223Sampler.sample(JSR223Sampler.java:72) [ApacheJMeter_java.jar:5.6.3]
	at org.apache.jmeter.threads.JMeterThread.doSampling(JMeterThread.java:651) [ApacheJMeter_core.jar:5.6.3]
	at org.apache.jmeter.threads.JMeterThread.executeSamplePackage(JMeterThread.java:570) [ApacheJMeter_core.jar:5.6.3]
	at org.apache.jmeter.threads.JMeterThread.processSampler(JMeterThread.java:501) [ApacheJMeter_core.jar:5.6.3]
	at org.apache.jmeter.threads.JMeterThread.run(JMeterThread.java:268) [ApacheJMeter_core.jar:5.6.3]
	at java.base/java.lang.Thread.run(Thread.java:842) [?:?]
Caused by: org.codehaus.groovy.control.MultipleCompilationErrorsException: startup failed:
Script446.groovy: 1: Unexpected input: 'def' @ line 1, column 347.
   put("callerId", "unknown"); } def random
                                 ^

1 error

	at org.codehaus.groovy.control.ErrorCollector.failIfErrors(ErrorCollector.java:292) ~[groovy-3.0.20.jar:3.0.20]
	at org.codehaus.groovy.control.ErrorCollector.addFatalError(ErrorCollector.java:148) ~[groovy-3.0.20.jar:3.0.20]
	at org.apache.groovy.parser.antlr4.AstBuilder.collectSyntaxError(AstBuilder.java:4301) ~[groovy-3.0.20.jar:3.0.20]
	at org.apache.groovy.parser.antlr4.AstBuilder.access$000(AstBuilder.java:176) ~[groovy-3.0.20.jar:3.0.20]
	at org.apache.groovy.parser.antlr4.AstBuilder$1.syntaxError(AstBuilder.java:4312) ~[groovy-3.0.20.jar:3.0.20]
	at groovyjarjarantlr4.v4.runtime.ProxyErrorListener.syntaxError(ProxyErrorListener.java:44) ~[groovy-3.0.20.jar:3.0.20]
	at groovyjarjarantlr4.v4.runtime.Parser.notifyErrorListeners(Parser.java:543) ~[groovy-3.0.20.jar:3.0.20]
	at groovyjarjarantlr4.v4.runtime.DefaultErrorStrategy.notifyErrorListeners(DefaultErrorStrategy.java:154) ~[groovy-3.0.20.jar:3.0.20]
	at org.apache.groovy.parser.antlr4.internal.DescriptiveErrorStrategy.reportInputMismatch(DescriptiveErrorStrategy.java:103) ~[groovy-3.0.20.jar:3.0.20]
	at org.apache.groovy.parser.antlr4.internal.DescriptiveErrorStrategy.recover(DescriptiveErrorStrategy.java:55) ~[groovy-3.0.20.jar:3.0.20]
	at org.apache.groovy.parser.antlr4.internal.DescriptiveErrorStrategy.recoverInline(DescriptiveErrorStrategy.java:68) ~[groovy-3.0.20.jar:3.0.20]
	at groovyjarjarantlr4.v4.runtime.Parser.match(Parser.java:213) ~[groovy-3.0.20.jar:3.0.20]
	at org.apache.groovy.parser.antlr4.GroovyParser.compilationUnit(GroovyParser.java:362) ~[groovy-3.0.20.jar:3.0.20]
	at org.apache.groovy.parser.antlr4.AstBuilder.buildCST(AstBuilder.java:250) ~[groovy-3.0.20.jar:3.0.20]
	at org.apache.groovy.parser.antlr4.AstBuilder.buildCST(AstBuilder.java:228) ~[groovy-3.0.20.jar:3.0.20]
	at org.apache.groovy.parser.antlr4.AstBuilder.buildAST(AstBuilder.java:269) ~[groovy-3.0.20.jar:3.0.20]
	at org.apache.groovy.parser.antlr4.Antlr4ParserPlugin.buildAST(Antlr4ParserPlugin.java:58) ~[groovy-3.0.20.jar:3.0.20]
	at org.codehaus.groovy.control.SourceUnit.buildAST(SourceUnit.java:256) ~[groovy-3.0.20.jar:3.0.20]
	at java.base/java.util.Iterator.forEachRemaining(Iterator.java:133) ~[?:?]
	at java.base/java.util.Spliterators$IteratorSpliterator.forEachRemaining(Spliterators.java:1845) ~[?:?]
	at java.base/java.util.stream.ReferencePipeline$Head.forEach(ReferencePipeline.java:762) ~[?:?]
	at org.codehaus.groovy.control.CompilationUnit.buildASTs(CompilationUnit.java:667) ~[groovy-3.0.20.jar:3.0.20]
	at org.codehaus.groovy.control.CompilationUnit.compile(CompilationUnit.java:633) ~[groovy-3.0.20.jar:3.0.20]
	at groovy.lang.GroovyClassLoader.doParseClass(GroovyClassLoader.java:389) ~[groovy-3.0.20.jar:3.0.20]
	at groovy.lang.GroovyClassLoader.lambda$parseClass$3(GroovyClassLoader.java:332) ~[groovy-3.0.20.jar:3.0.20]
	at org.codehaus.groovy.runtime.memoize.StampedCommonCache.compute(StampedCommonCache.java:163) ~[groovy-3.0.20.jar:3.0.20]
	at org.codehaus.groovy.runtime.memoize.StampedCommonCache.getAndPut(StampedCommonCache.java:154) ~[groovy-3.0.20.jar:3.0.20]
	at groovy.lang.GroovyClassLoader.parseClass(GroovyClassLoader.java:330) ~[groovy-3.0.20.jar:3.0.20]
	at groovy.lang.GroovyClassLoader.parseClass(GroovyClassLoader.java:314) ~[groovy-3.0.20.jar:3.0.20]
	at groovy.lang.GroovyClassLoader.parseClass(GroovyClassLoader.java:257) ~[groovy-3.0.20.jar:3.0.20]
	at org.codehaus.groovy.jsr223.GroovyScriptEngineImpl.getScriptClass(GroovyScriptEngineImpl.java:336) ~[groovy-jsr223-3.0.20.jar:3.0.20]
	at org.codehaus.groovy.jsr223.GroovyScriptEngineImpl.eval(GroovyScriptEngineImpl.java:153) ~[groovy-jsr223-3.0.20.jar:3.0.20]
	... 8 more
2025-09-03 19:19:03,985 ERROR e.l.j.w.SingleReadWebSocketSampler: Unexpected frame type received in sampler 'Regular Caller - Read Response': Ping frame with no application data
2025-09-03 19:19:04,623 ERROR e.l.j.w.SingleReadWebSocketSampler: Unexpected frame type received in sampler 'Regular Caller - Read Response': Ping frame with no application data
2025-09-03 19:19:04,974 ERROR e.l.j.w.SingleReadWebSocketSampler: Unexpected frame type received in sampler 'Regular Caller - Read Response': Ping frame with no application data
2025-09-03 19:19:05,358 ERROR e.l.j.w.SingleReadWebSocketSampler: Unexpected frame type received in sampler 'Regular Caller - Read Response': Ping frame with no application data
2025-09-03 19:19:05,419 ERROR e.l.j.w.SingleReadWebSocketSampler: Unexpected frame type received in sampler 'Regular Caller - Read Response': Ping frame with no application data
2025-09-03 19:19:05,515 ERROR e.l.j.w.SingleReadWebSocketSampler: Unexpected frame type received in sampler 'Regular Caller - Read Response': Ping frame with no application data
2025-09-03 19:19:06,228 ERROR e.l.j.w.SingleReadWebSocketSampler: Unexpected frame type received in sampler 'Regular Caller - Read Response': Ping frame with no application data
2025-09-03 19:19:06,241 ERROR e.l.j.w.SingleReadWebSocketSampler: Unexpected frame type received in sampler 'Regular Caller - Read Response': Ping frame with no application data
2025-09-03 19:19:07,616 ERROR e.l.j.w.SingleReadWebSocketSampler: Unexpected frame type received in sampler 'Regular Caller - Read Response': Ping frame with no application data
2025-09-03 19:19:07,758 ERROR e.l.j.w.SingleReadWebSocketSampler: Unexpected frame type received in sampler 'Regular Caller - Read Response': Ping frame with no application data
2025-09-03 19:19:07,846 ERROR e.l.j.w.SingleReadWebSocketSampler: Unexpected frame type received in sampler 'Regular Caller - Read Response': Ping frame with no application data
2025-09-03 19:19:07,980 ERROR e.l.j.w.SingleReadWebSocketSampler: Unexpected frame type received in sampler 'Heavy Caller - Read Response': Ping frame with no application data
2025-09-03 19:19:08,668 ERROR e.l.j.w.SingleReadWebSocketSampler: Unexpected frame type received in sampler 'Regular Caller - Read Response': Ping frame with no application data
2025-09-03 19:19:08,724 ERROR e.l.j.w.SingleReadWebSocketSampler: Unexpected frame type received in sampler 'Regular Caller - Read Response': Ping frame with no application data
2025-09-03 19:19:08,852 ERROR e.l.j.w.SingleReadWebSocketSampler: Unexpected frame type received in sampler 'Regular Caller - Read Response': Ping frame with no application data
2025-09-03 19:19:09,058 ERROR e.l.j.w.SingleReadWebSocketSampler: Unexpected frame type received in sampler 'Regular Caller - Read Response': Ping frame with no application data
2025-09-03 19:19:09,829 ERROR o.a.j.p.j.s.JSR223Sampler: Problem in JSR223 script Process Call Decision, message: javax.script.ScriptException: org.codehaus.groovy.control.MultipleCompilationErrorsException: startup failed:
Script481.groovy: 1: Unexpected input: 'def' @ line 1, column 347.
   put("callerId", "unknown"); } def random
                                 ^

1 error

javax.script.ScriptException: org.codehaus.groovy.control.MultipleCompilationErrorsException: startup failed:
Script481.groovy: 1: Unexpected input: 'def' @ line 1, column 347.
   put("callerId", "unknown"); } def random
                                 ^

1 error

	at org.codehaus.groovy.jsr223.GroovyScriptEngineImpl.eval(GroovyScriptEngineImpl.java:158) ~[groovy-jsr223-3.0.20.jar:3.0.20]
	at java.scripting/javax.script.AbstractScriptEngine.eval(AbstractScriptEngine.java:231) ~[java.scripting:?]
	at org.apache.jmeter.util.JSR223TestElement.processFileOrScript(JSR223TestElement.java:232) ~[ApacheJMeter_core.jar:5.6.3]
	at org.apache.jmeter.protocol.java.sampler.JSR223Sampler.sample(JSR223Sampler.java:72) [ApacheJMeter_java.jar:5.6.3]
	at org.apache.jmeter.threads.JMeterThread.doSampling(JMeterThread.java:651) [ApacheJMeter_core.jar:5.6.3]
	at org.apache.jmeter.threads.JMeterThread.executeSamplePackage(JMeterThread.java:570) [ApacheJMeter_core.jar:5.6.3]
	at org.apache.jmeter.threads.JMeterThread.processSampler(JMeterThread.java:501) [ApacheJMeter_core.jar:5.6.3]
	at org.apache.jmeter.threads.JMeterThread.run(JMeterThread.java:268) [ApacheJMeter_core.jar:5.6.3]
	at java.base/java.lang.Thread.run(Thread.java:842) [?:?]
Caused by: org.codehaus.groovy.control.MultipleCompilationErrorsException: startup failed:
Script481.groovy: 1: Unexpected input: 'def' @ line 1, column 347.
   put("callerId", "unknown"); } def random
                                 ^

1 error

	at org.codehaus.groovy.control.ErrorCollector.failIfErrors(ErrorCollector.java:292) ~[groovy-3.0.20.jar:3.0.20]
	at org.codehaus.groovy.control.ErrorCollector.addFatalError(ErrorCollector.java:148) ~[groovy-3.0.20.jar:3.0.20]
	at org.apache.groovy.parser.antlr4.AstBuilder.collectSyntaxError(AstBuilder.java:4301) ~[groovy-3.0.20.jar:3.0.20]
	at org.apache.groovy.parser.antlr4.AstBuilder.access$000(AstBuilder.java:176) ~[groovy-3.0.20.jar:3.0.20]
	at org.apache.groovy.parser.antlr4.AstBuilder$1.syntaxError(AstBuilder.java:4312) ~[groovy-3.0.20.jar:3.0.20]
	at groovyjarjarantlr4.v4.runtime.ProxyErrorListener.syntaxError(ProxyErrorListener.java:44) ~[groovy-3.0.20.jar:3.0.20]
	at groovyjarjarantlr4.v4.runtime.Parser.notifyErrorListeners(Parser.java:543) ~[groovy-3.0.20.jar:3.0.20]
	at groovyjarjarantlr4.v4.runtime.DefaultErrorStrategy.notifyErrorListeners(DefaultErrorStrategy.java:154) ~[groovy-3.0.20.jar:3.0.20]
	at org.apache.groovy.parser.antlr4.internal.DescriptiveErrorStrategy.reportInputMismatch(DescriptiveErrorStrategy.java:103) ~[groovy-3.0.20.jar:3.0.20]
	at org.apache.groovy.parser.antlr4.internal.DescriptiveErrorStrategy.recover(DescriptiveErrorStrategy.java:55) ~[groovy-3.0.20.jar:3.0.20]
	at org.apache.groovy.parser.antlr4.internal.DescriptiveErrorStrategy.recoverInline(DescriptiveErrorStrategy.java:68) ~[groovy-3.0.20.jar:3.0.20]
	at groovyjarjarantlr4.v4.runtime.Parser.match(Parser.java:213) ~[groovy-3.0.20.jar:3.0.20]
	at org.apache.groovy.parser.antlr4.GroovyParser.compilationUnit(GroovyParser.java:362) ~[groovy-3.0.20.jar:3.0.20]
	at org.apache.groovy.parser.antlr4.AstBuilder.buildCST(AstBuilder.java:250) ~[groovy-3.0.20.jar:3.0.20]
	at org.apache.groovy.parser.antlr4.AstBuilder.buildCST(AstBuilder.java:228) ~[groovy-3.0.20.jar:3.0.20]
	at org.apache.groovy.parser.antlr4.AstBuilder.buildAST(AstBuilder.java:269) ~[groovy-3.0.20.jar:3.0.20]
	at org.apache.groovy.parser.antlr4.Antlr4ParserPlugin.buildAST(Antlr4ParserPlugin.java:58) ~[groovy-3.0.20.jar:3.0.20]
	at org.codehaus.groovy.control.SourceUnit.buildAST(SourceUnit.java:256) ~[groovy-3.0.20.jar:3.0.20]
	at java.base/java.util.Iterator.forEachRemaining(Iterator.java:133) ~[?:?]
	at java.base/java.util.Spliterators$IteratorSpliterator.forEachRemaining(Spliterators.java:1845) ~[?:?]
	at java.base/java.util.stream.ReferencePipeline$Head.forEach(ReferencePipeline.java:762) ~[?:?]
	at org.codehaus.groovy.control.CompilationUnit.buildASTs(CompilationUnit.java:667) ~[groovy-3.0.20.jar:3.0.20]
	at org.codehaus.groovy.control.CompilationUnit.compile(CompilationUnit.java:633) ~[groovy-3.0.20.jar:3.0.20]
	at groovy.lang.GroovyClassLoader.doParseClass(GroovyClassLoader.java:389) ~[groovy-3.0.20.jar:3.0.20]
	at groovy.lang.GroovyClassLoader.lambda$parseClass$3(GroovyClassLoader.java:332) ~[groovy-3.0.20.jar:3.0.20]
	at org.codehaus.groovy.runtime.memoize.StampedCommonCache.compute(StampedCommonCache.java:163) ~[groovy-3.0.20.jar:3.0.20]
	at org.codehaus.groovy.runtime.memoize.StampedCommonCache.getAndPut(StampedCommonCache.java:154) ~[groovy-3.0.20.jar:3.0.20]
	at groovy.lang.GroovyClassLoader.parseClass(GroovyClassLoader.java:330) ~[groovy-3.0.20.jar:3.0.20]
	at groovy.lang.GroovyClassLoader.parseClass(GroovyClassLoader.java:314) ~[groovy-3.0.20.jar:3.0.20]
	at groovy.lang.GroovyClassLoader.parseClass(GroovyClassLoader.java:257) ~[groovy-3.0.20.jar:3.0.20]
	at org.codehaus.groovy.jsr223.GroovyScriptEngineImpl.getScriptClass(GroovyScriptEngineImpl.java:336) ~[groovy-jsr223-3.0.20.jar:3.0.20]
	at org.codehaus.groovy.jsr223.GroovyScriptEngineImpl.eval(GroovyScriptEngineImpl.java:153) ~[groovy-jsr223-3.0.20.jar:3.0.20]
	... 8 more
2025-09-03 19:19:09,869 ERROR e.l.j.w.SingleReadWebSocketSampler: Unexpected frame type received in sampler 'Regular Caller - Read Response': Ping frame with no application data
2025-09-03 19:19:09,913 ERROR e.l.j.w.SingleReadWebSocketSampler: Unexpected frame type received in sampler 'Regular Caller - Read Response': Ping frame with no application data
2025-09-03 19:19:12,080 INFO o.a.j.t.JMeterThread: Thread is done: Heavy Callers (24 users) 1-18
2025-09-03 19:19:12,081 INFO o.a.j.t.JMeterThread: Thread finished: Heavy Callers (24 users) 1-18
2025-09-03 19:19:12,134 INFO o.a.j.t.JMeterThread: Thread finished: Call Receivers (24 users) 3-2
2025-09-03 19:19:12,830 ERROR e.l.j.w.SingleReadWebSocketSampler: Unexpected frame type received in sampler 'Regular Caller - Read Response': Ping frame with no application data
2025-09-03 19:19:12,921 INFO o.a.j.t.JMeterThread: Thread is done: Heavy Callers (24 users) 1-5
2025-09-03 19:19:12,921 INFO o.a.j.t.JMeterThread: Thread finished: Heavy Callers (24 users) 1-5
2025-09-03 19:19:13,208 ERROR e.l.j.w.SingleReadWebSocketSampler: Unexpected frame type received in sampler 'Regular Caller - Read Response': Ping frame with no application data
2025-09-03 19:19:13,548 INFO o.a.j.t.JMeterThread: Thread is done: Heavy Callers (24 users) 1-3
2025-09-03 19:19:13,548 INFO o.a.j.t.JMeterThread: Thread finished: Heavy Callers (24 users) 1-3
2025-09-03 19:19:14,623 INFO o.a.j.t.JMeterThread: Stopping because end time detected by thread: Call Receivers (24 users) 3-5
2025-09-03 19:19:14,624 INFO o.a.j.t.JMeterThread: Thread finished: Call Receivers (24 users) 3-5
2025-09-03 19:19:14,625 INFO o.a.j.t.JMeterThread: Stopping because end time detected by thread: Call Receivers (24 users) 3-1
2025-09-03 19:19:14,625 INFO o.a.j.t.JMeterThread: Stopping because end time detected by thread: Call Receivers (24 users) 3-4
2025-09-03 19:19:14,625 INFO o.a.j.t.JMeterThread: Thread finished: Call Receivers (24 users) 3-1
2025-09-03 19:19:14,625 INFO o.a.j.t.JMeterThread: Thread finished: Call Receivers (24 users) 3-4
2025-09-03 19:19:14,627 INFO o.a.j.t.JMeterThread: Stopping because end time detected by thread: Call Receivers (24 users) 3-7
2025-09-03 19:19:14,627 INFO o.a.j.t.JMeterThread: Thread finished: Call Receivers (24 users) 3-7
2025-09-03 19:19:14,863 ERROR e.l.j.w.SingleReadWebSocketSampler: Unexpected frame type received in sampler 'Regular Caller - Read Response': Ping frame with no application data
2025-09-03 19:19:14,877 INFO o.a.j.t.JMeterThread: Stopping because end time detected by thread: Call Receivers (24 users) 3-23
2025-09-03 19:19:14,877 INFO o.a.j.t.JMeterThread: Thread finished: Call Receivers (24 users) 3-23
2025-09-03 19:19:14,878 INFO o.a.j.t.JMeterThread: Stopping because end time detected by thread: Call Receivers (24 users) 3-13
2025-09-03 19:19:14,879 INFO o.a.j.t.JMeterThread: Thread finished: Call Receivers (24 users) 3-13
2025-09-03 19:19:14,880 INFO o.a.j.t.JMeterThread: Stopping because end time detected by thread: Call Receivers (24 users) 3-17
2025-09-03 19:19:14,880 INFO o.a.j.t.JMeterThread: Thread finished: Call Receivers (24 users) 3-17
2025-09-03 19:19:14,881 INFO o.a.j.t.JMeterThread: Stopping because end time detected by thread: Call Receivers (24 users) 3-10
2025-09-03 19:19:14,881 INFO o.a.j.t.JMeterThread: Stopping because end time detected by thread: Call Receivers (24 users) 3-19
2025-09-03 19:19:14,881 INFO o.a.j.t.JMeterThread: Thread finished: Call Receivers (24 users) 3-19
2025-09-03 19:19:14,882 INFO o.a.j.t.JMeterThread: Stopping because end time detected by thread: Call Receivers (24 users) 3-15
2025-09-03 19:19:14,882 INFO o.a.j.t.JMeterThread: Thread finished: Call Receivers (24 users) 3-15
2025-09-03 19:19:14,882 INFO o.a.j.t.JMeterThread: Thread finished: Call Receivers (24 users) 3-10
2025-09-03 19:19:14,883 INFO o.a.j.t.JMeterThread: Stopping because end time detected by thread: Call Receivers (24 users) 3-21
2025-09-03 19:19:14,883 INFO o.a.j.t.JMeterThread: Thread finished: Call Receivers (24 users) 3-21
2025-09-03 19:19:15,449 INFO o.a.j.t.JMeterThread: Stopping because end time detected by thread: Call Receivers (24 users) 3-22
2025-09-03 19:19:15,449 INFO o.a.j.t.JMeterThread: Stopping because end time detected by thread: Call Receivers (24 users) 3-24
2025-09-03 19:19:15,449 INFO o.a.j.t.JMeterThread: Thread finished: Call Receivers (24 users) 3-22
2025-09-03 19:19:15,449 INFO o.a.j.t.JMeterThread: Thread finished: Call Receivers (24 users) 3-24
2025-09-03 19:19:15,558 INFO o.a.j.t.JMeterThread: Stopping because end time detected by thread: Call Receivers (24 users) 3-16
2025-09-03 19:19:15,558 INFO o.a.j.t.JMeterThread: Thread finished: Call Receivers (24 users) 3-16
2025-09-03 19:19:15,833 INFO o.a.j.t.JMeterThread: Stopping because end time detected by thread: Call Receivers (24 users) 3-14
2025-09-03 19:19:15,833 INFO o.a.j.t.JMeterThread: Thread finished: Call Receivers (24 users) 3-14
2025-09-03 19:19:15,840 INFO o.a.j.t.JMeterThread: Thread is done: Heavy Callers (24 users) 1-7
2025-09-03 19:19:15,840 INFO o.a.j.t.JMeterThread: Thread finished: Heavy Callers (24 users) 1-7
2025-09-03 19:19:15,935 INFO o.a.j.t.JMeterThread: Stopping because end time detected by thread: Call Receivers (24 users) 3-18
2025-09-03 19:19:15,936 INFO o.a.j.t.JMeterThread: Thread finished: Call Receivers (24 users) 3-18
2025-09-03 19:19:16,075 INFO o.a.j.t.JMeterThread: Stopping because end time detected by thread: Call Receivers (24 users) 3-12
2025-09-03 19:19:16,076 INFO o.a.j.t.JMeterThread: Thread finished: Call Receivers (24 users) 3-12
2025-09-03 19:19:16,627 INFO o.a.j.t.JMeterThread: Stopping because end time detected by thread: Call Receivers (24 users) 3-3
2025-09-03 19:19:16,628 INFO o.a.j.t.JMeterThread: Thread finished: Call Receivers (24 users) 3-3
2025-09-03 19:19:16,999 INFO o.a.j.t.JMeterThread: Thread is done: Heavy Callers (24 users) 1-2
2025-09-03 19:19:16,999 INFO o.a.j.t.JMeterThread: Thread finished: Heavy Callers (24 users) 1-2
2025-09-03 19:19:17,924 INFO o.a.j.t.JMeterThread: Stopping because end time detected by thread: Call Receivers (24 users) 3-9
2025-09-03 19:19:17,924 INFO o.a.j.t.JMeterThread: Thread finished: Call Receivers (24 users) 3-9
2025-09-03 19:19:18,225 INFO o.a.j.t.JMeterThread: Thread is done: Heavy Callers (24 users) 1-6
2025-09-03 19:19:18,225 INFO o.a.j.t.JMeterThread: Thread finished: Heavy Callers (24 users) 1-6
2025-09-03 19:19:18,310 INFO o.a.j.t.JMeterThread: Thread is done: Heavy Callers (24 users) 1-13
2025-09-03 19:19:18,311 INFO o.a.j.t.JMeterThread: Thread finished: Heavy Callers (24 users) 1-13
2025-09-03 19:19:18,357 INFO o.a.j.t.JMeterThread: Thread is done: Regular Callers (72 users) 2-7
2025-09-03 19:19:18,358 INFO o.a.j.t.JMeterThread: Thread finished: Regular Callers (72 users) 2-7
2025-09-03 19:19:18,404 INFO o.a.j.t.JMeterThread: Stopping because end time detected by thread: Call Receivers (24 users) 3-11
2025-09-03 19:19:18,405 INFO o.a.j.t.JMeterThread: Thread finished: Call Receivers (24 users) 3-11
2025-09-03 19:19:18,463 INFO o.a.j.t.JMeterThread: Stopping because end time detected by thread: Call Receivers (24 users) 3-6
2025-09-03 19:19:18,464 INFO o.a.j.t.JMeterThread: Thread finished: Call Receivers (24 users) 3-6
2025-09-03 19:19:18,755 INFO o.a.j.t.JMeterThread: Stopping because end time detected by thread: Call Receivers (24 users) 3-8
2025-09-03 19:19:18,756 INFO o.a.j.t.JMeterThread: Thread finished: Call Receivers (24 users) 3-8
2025-09-03 19:19:19,080 ERROR e.l.j.w.SingleReadWebSocketSampler: Unexpected frame type received in sampler 'Regular Caller - Read Response': Ping frame with no application data
2025-09-03 19:19:19,080 INFO o.a.j.t.JMeterThread: Thread is done: Regular Callers (72 users) 2-1
2025-09-03 19:19:19,080 INFO o.a.j.t.JMeterThread: Thread finished: Regular Callers (72 users) 2-1
2025-09-03 19:19:19,168 INFO o.a.j.t.JMeterThread: Thread is done: Heavy Callers (24 users) 1-21
2025-09-03 19:19:19,168 INFO o.a.j.t.JMeterThread: Thread finished: Heavy Callers (24 users) 1-21
2025-09-03 19:19:19,267 INFO o.a.j.t.JMeterThread: Stopping because end time detected by thread: Call Receivers (24 users) 3-20
2025-09-03 19:19:19,268 INFO o.a.j.t.JMeterThread: Thread finished: Call Receivers (24 users) 3-20
2025-09-03 19:19:19,377 INFO o.a.j.t.JMeterThread: Thread is done: Heavy Callers (24 users) 1-12
2025-09-03 19:19:19,377 INFO o.a.j.t.JMeterThread: Thread finished: Heavy Callers (24 users) 1-12
2025-09-03 19:19:19,742 ERROR e.l.j.w.SingleReadWebSocketSampler: Unexpected frame type received in sampler 'Regular Caller - Read Response': Ping frame with no application data
2025-09-03 19:19:19,742 INFO o.a.j.t.JMeterThread: Thread is done: Regular Callers (72 users) 2-17
2025-09-03 19:19:19,742 INFO o.a.j.t.JMeterThread: Thread finished: Regular Callers (72 users) 2-17
2025-09-03 19:19:20,228 INFO o.a.j.t.JMeterThread: Thread is done: Heavy Callers (24 users) 1-8
2025-09-03 19:19:20,228 INFO o.a.j.t.JMeterThread: Thread finished: Heavy Callers (24 users) 1-8
2025-09-03 19:19:20,269 INFO o.a.j.t.JMeterThread: Thread is done: Heavy Callers (24 users) 1-9
2025-09-03 19:19:20,269 INFO o.a.j.t.JMeterThread: Thread finished: Heavy Callers (24 users) 1-9
2025-09-03 19:19:20,363 ERROR e.l.j.w.SingleReadWebSocketSampler: Unexpected frame type received in sampler 'Regular Caller - Read Response': Ping frame with no application data
2025-09-03 19:19:20,363 INFO o.a.j.t.JMeterThread: Thread is done: Regular Callers (72 users) 2-4
2025-09-03 19:19:20,364 INFO o.a.j.t.JMeterThread: Thread finished: Regular Callers (72 users) 2-4
2025-09-03 19:19:20,475 INFO o.a.j.t.JMeterThread: Thread is done: Regular Callers (72 users) 2-29
2025-09-03 19:19:20,475 INFO o.a.j.t.JMeterThread: Thread finished: Regular Callers (72 users) 2-29
2025-09-03 19:19:21,155 INFO o.a.j.t.JMeterThread: Thread is done: Heavy Callers (24 users) 1-17
2025-09-03 19:19:21,155 INFO o.a.j.t.JMeterThread: Thread finished: Heavy Callers (24 users) 1-17
2025-09-03 19:19:21,226 INFO o.a.j.t.JMeterThread: Thread is done: Heavy Callers (24 users) 1-10
2025-09-03 19:19:21,227 INFO o.a.j.t.JMeterThread: Thread finished: Heavy Callers (24 users) 1-10
2025-09-03 19:19:21,897 ERROR e.l.j.w.SingleReadWebSocketSampler: Unexpected frame type received in sampler 'Regular Caller - Read Response': Ping frame with no application data
2025-09-03 19:19:21,897 INFO o.a.j.t.JMeterThread: Thread is done: Regular Callers (72 users) 2-13
2025-09-03 19:19:21,897 INFO o.a.j.t.JMeterThread: Thread finished: Regular Callers (72 users) 2-13
2025-09-03 19:19:22,052 INFO o.a.j.t.JMeterThread: Thread is done: Heavy Callers (24 users) 1-15
2025-09-03 19:19:22,052 INFO o.a.j.t.JMeterThread: Thread finished: Heavy Callers (24 users) 1-15
2025-09-03 19:19:22,091 INFO o.a.j.t.JMeterThread: Thread is done: Heavy Callers (24 users) 1-4
2025-09-03 19:19:22,091 INFO o.a.j.t.JMeterThread: Thread finished: Heavy Callers (24 users) 1-4
2025-09-03 19:19:22,405 ERROR e.l.j.w.SingleReadWebSocketSampler: Unexpected frame type received in sampler 'Regular Caller - Read Response': Ping frame with no application data
2025-09-03 19:19:22,406 INFO o.a.j.t.JMeterThread: Thread is done: Regular Callers (72 users) 2-3
2025-09-03 19:19:22,406 INFO o.a.j.t.JMeterThread: Thread finished: Regular Callers (72 users) 2-3
2025-09-03 19:19:22,458 INFO o.a.j.t.JMeterThread: Thread is done: Heavy Callers (24 users) 1-1
2025-09-03 19:19:22,458 INFO o.a.j.t.JMeterThread: Thread finished: Heavy Callers (24 users) 1-1
2025-09-03 19:19:22,778 ERROR e.l.j.w.SingleReadWebSocketSampler: Unexpected frame type received in sampler 'Regular Caller - Read Response': Ping frame with no application data
2025-09-03 19:19:22,778 INFO o.a.j.t.JMeterThread: Thread is done: Regular Callers (72 users) 2-28
2025-09-03 19:19:22,778 INFO o.a.j.t.JMeterThread: Thread finished: Regular Callers (72 users) 2-28
2025-09-03 19:19:22,974 INFO o.a.j.t.JMeterThread: Thread is done: Regular Callers (72 users) 2-9
2025-09-03 19:19:22,974 INFO o.a.j.t.JMeterThread: Thread finished: Regular Callers (72 users) 2-9
2025-09-03 19:19:23,187 INFO o.a.j.t.JMeterThread: Thread is done: Regular Callers (72 users) 2-6
2025-09-03 19:19:23,187 INFO o.a.j.t.JMeterThread: Thread finished: Regular Callers (72 users) 2-6
2025-09-03 19:19:23,801 INFO o.a.j.t.JMeterThread: Thread is done: Regular Callers (72 users) 2-24
2025-09-03 19:19:23,801 INFO o.a.j.t.JMeterThread: Thread finished: Regular Callers (72 users) 2-24
2025-09-03 19:19:24,249 INFO o.a.j.t.JMeterThread: Thread is done: Regular Callers (72 users) 2-2
2025-09-03 19:19:24,249 INFO o.a.j.t.JMeterThread: Thread finished: Regular Callers (72 users) 2-2
2025-09-03 19:19:24,599 INFO o.a.j.t.JMeterThread: Thread is done: Heavy Callers (24 users) 1-20
2025-09-03 19:19:24,599 INFO o.a.j.t.JMeterThread: Thread finished: Heavy Callers (24 users) 1-20
2025-09-03 19:19:24,620 ERROR e.l.j.w.SingleReadWebSocketSampler: Unexpected frame type received in sampler 'Heavy Caller - Read Response': Ping frame with no application data
2025-09-03 19:19:24,620 INFO o.a.j.t.JMeterThread: Thread is done: Heavy Callers (24 users) 1-14
2025-09-03 19:19:24,620 INFO o.a.j.t.JMeterThread: Thread finished: Heavy Callers (24 users) 1-14
2025-09-03 19:19:24,891 INFO o.a.j.t.JMeterThread: Thread is done: Heavy Callers (24 users) 1-23
2025-09-03 19:19:24,891 INFO o.a.j.t.JMeterThread: Thread finished: Heavy Callers (24 users) 1-23
2025-09-03 19:19:24,924 ERROR e.l.j.w.SingleReadWebSocketSampler: Unexpected frame type received in sampler 'Heavy Caller - Read Response': Ping frame with no application data
2025-09-03 19:19:24,924 INFO o.a.j.t.JMeterThread: Thread is done: Heavy Callers (24 users) 1-11
2025-09-03 19:19:24,924 INFO o.a.j.t.JMeterThread: Thread finished: Heavy Callers (24 users) 1-11
2025-09-03 19:19:25,438 INFO o.a.j.t.JMeterThread: Thread is done: Regular Callers (72 users) 2-20
2025-09-03 19:19:25,438 INFO o.a.j.t.JMeterThread: Thread finished: Regular Callers (72 users) 2-20
2025-09-03 19:19:25,609 INFO o.a.j.t.JMeterThread: Thread is done: Heavy Callers (24 users) 1-16
2025-09-03 19:19:25,609 INFO o.a.j.t.JMeterThread: Thread finished: Heavy Callers (24 users) 1-16
2025-09-03 19:19:25,973 INFO o.a.j.t.JMeterThread: Thread is done: Regular Callers (72 users) 2-26
2025-09-03 19:19:25,973 INFO o.a.j.t.JMeterThread: Thread finished: Regular Callers (72 users) 2-26
2025-09-03 19:19:26,035 INFO o.a.j.t.JMeterThread: Thread is done: Regular Callers (72 users) 2-45
2025-09-03 19:19:26,035 INFO o.a.j.t.JMeterThread: Thread finished: Regular Callers (72 users) 2-45
2025-09-03 19:19:26,203 INFO o.a.j.t.JMeterThread: Thread is done: Regular Callers (72 users) 2-5
2025-09-03 19:19:26,203 INFO o.a.j.t.JMeterThread: Thread finished: Regular Callers (72 users) 2-5
2025-09-03 19:19:26,395 INFO o.a.j.t.JMeterThread: Thread is done: Regular Callers (72 users) 2-59
2025-09-03 19:19:26,395 INFO o.a.j.t.JMeterThread: Thread finished: Regular Callers (72 users) 2-59
2025-09-03 19:19:26,499 INFO o.a.j.t.JMeterThread: Thread is done: Heavy Callers (24 users) 1-19
2025-09-03 19:19:26,499 INFO o.a.j.t.JMeterThread: Thread finished: Heavy Callers (24 users) 1-19
2025-09-03 19:19:26,626 ERROR e.l.j.w.SingleReadWebSocketSampler: Unexpected frame type received in sampler 'Regular Caller - Read Response': Ping frame with no application data
2025-09-03 19:19:26,626 INFO o.a.j.t.JMeterThread: Thread is done: Regular Callers (72 users) 2-39
2025-09-03 19:19:26,626 INFO o.a.j.t.JMeterThread: Thread finished: Regular Callers (72 users) 2-39
2025-09-03 19:19:26,746 INFO o.a.j.t.JMeterThread: Thread is done: Regular Callers (72 users) 2-8
2025-09-03 19:19:26,746 INFO o.a.j.t.JMeterThread: Thread finished: Regular Callers (72 users) 2-8
2025-09-03 19:19:26,908 INFO o.a.j.t.JMeterThread: Thread is done: Regular Callers (72 users) 2-14
2025-09-03 19:19:26,908 INFO o.a.j.t.JMeterThread: Thread finished: Regular Callers (72 users) 2-14
2025-09-03 19:19:27,186 ERROR e.l.j.w.SingleReadWebSocketSampler: Unexpected frame type received in sampler 'Regular Caller - Read Response': Ping frame with no application data
2025-09-03 19:19:27,186 INFO o.a.j.t.JMeterThread: Thread is done: Regular Callers (72 users) 2-32
2025-09-03 19:19:27,186 INFO o.a.j.t.JMeterThread: Thread finished: Regular Callers (72 users) 2-32
2025-09-03 19:19:27,233 INFO o.a.j.t.JMeterThread: Thread is done: Regular Callers (72 users) 2-10
2025-09-03 19:19:27,233 INFO o.a.j.t.JMeterThread: Thread finished: Regular Callers (72 users) 2-10
2025-09-03 19:19:27,368 INFO o.a.j.t.JMeterThread: Thread is done: Heavy Callers (24 users) 1-22
2025-09-03 19:19:27,368 INFO o.a.j.t.JMeterThread: Thread finished: Heavy Callers (24 users) 1-22
2025-09-03 19:19:27,437 ERROR e.l.j.w.SingleReadWebSocketSampler: Unexpected frame type received in sampler 'Regular Caller - Read Response': Ping frame with no application data
2025-09-03 19:19:27,439 INFO o.a.j.t.JMeterThread: Thread is done: Regular Callers (72 users) 2-16
2025-09-03 19:19:27,439 INFO o.a.j.t.JMeterThread: Thread finished: Regular Callers (72 users) 2-16
2025-09-03 19:19:27,833 INFO o.a.j.t.JMeterThread: Thread is done: Regular Callers (72 users) 2-30
2025-09-03 19:19:27,834 INFO o.a.j.t.JMeterThread: Thread finished: Regular Callers (72 users) 2-30
2025-09-03 19:19:27,844 ERROR e.l.j.w.SingleReadWebSocketSampler: Unexpected frame type received in sampler 'Regular Caller - Read Response': Ping frame with no application data
2025-09-03 19:19:27,844 INFO o.a.j.t.JMeterThread: Thread is done: Regular Callers (72 users) 2-48
2025-09-03 19:19:27,845 INFO o.a.j.t.JMeterThread: Thread finished: Regular Callers (72 users) 2-48
2025-09-03 19:19:27,876 ERROR e.l.j.w.SingleReadWebSocketSampler: Unexpected frame type received in sampler 'Regular Caller - Read Response': Ping frame with no application data
2025-09-03 19:19:27,877 INFO o.a.j.t.JMeterThread: Thread is done: Regular Callers (72 users) 2-31
2025-09-03 19:19:27,877 INFO o.a.j.t.JMeterThread: Thread finished: Regular Callers (72 users) 2-31
2025-09-03 19:19:27,934 ERROR e.l.j.w.SingleReadWebSocketSampler: Unexpected frame type received in sampler 'Regular Caller - Read Response': Ping frame with no application data
2025-09-03 19:19:27,935 INFO o.a.j.t.JMeterThread: Thread is done: Regular Callers (72 users) 2-15
2025-09-03 19:19:27,935 INFO o.a.j.t.JMeterThread: Thread finished: Regular Callers (72 users) 2-15
2025-09-03 19:19:28,039 INFO o.a.j.t.JMeterThread: Thread is done: Regular Callers (72 users) 2-53
2025-09-03 19:19:28,039 INFO o.a.j.t.JMeterThread: Thread finished: Regular Callers (72 users) 2-53
2025-09-03 19:19:28,051 ERROR e.l.j.w.SingleReadWebSocketSampler: Unexpected frame type received in sampler 'Regular Caller - Read Response': Ping frame with no application data
2025-09-03 19:19:28,052 INFO o.a.j.t.JMeterThread: Thread is done: Regular Callers (72 users) 2-35
2025-09-03 19:19:28,052 INFO o.a.j.t.JMeterThread: Thread finished: Regular Callers (72 users) 2-35
2025-09-03 19:19:28,057 ERROR e.l.j.w.SingleReadWebSocketSampler: Unexpected frame type received in sampler 'Regular Caller - Read Response': Ping frame with no application data
2025-09-03 19:19:28,057 INFO o.a.j.t.JMeterThread: Thread is done: Regular Callers (72 users) 2-54
2025-09-03 19:19:28,057 INFO o.a.j.t.JMeterThread: Thread finished: Regular Callers (72 users) 2-54
2025-09-03 19:19:28,091 INFO o.a.j.t.JMeterThread: Thread is done: Regular Callers (72 users) 2-38
2025-09-03 19:19:28,091 INFO o.a.j.t.JMeterThread: Thread finished: Regular Callers (72 users) 2-38
2025-09-03 19:19:28,145 ERROR e.l.j.w.SingleReadWebSocketSampler: Unexpected frame type received in sampler 'Regular Caller - Read Response': Ping frame with no application data
2025-09-03 19:19:28,145 INFO o.a.j.t.JMeterThread: Thread is done: Regular Callers (72 users) 2-37
2025-09-03 19:19:28,145 INFO o.a.j.t.JMeterThread: Thread finished: Regular Callers (72 users) 2-37
2025-09-03 19:19:28,162 ERROR e.l.j.w.SingleReadWebSocketSampler: Unexpected frame type received in sampler 'Regular Caller - Read Response': Ping frame with no application data
2025-09-03 19:19:28,163 INFO o.a.j.t.JMeterThread: Thread is done: Regular Callers (72 users) 2-21
2025-09-03 19:19:28,163 INFO o.a.j.t.JMeterThread: Thread finished: Regular Callers (72 users) 2-21
2025-09-03 19:19:28,237 INFO o.a.j.t.JMeterThread: Thread is done: Regular Callers (72 users) 2-18
2025-09-03 19:19:28,237 INFO o.a.j.t.JMeterThread: Thread finished: Regular Callers (72 users) 2-18
2025-09-03 19:19:28,475 INFO o.a.j.t.JMeterThread: Thread is done: Heavy Callers (24 users) 1-24
2025-09-03 19:19:28,475 INFO o.a.j.t.JMeterThread: Thread finished: Heavy Callers (24 users) 1-24
2025-09-03 19:19:28,589 INFO o.a.j.t.JMeterThread: Thread is done: Regular Callers (72 users) 2-27
2025-09-03 19:19:28,589 INFO o.a.j.t.JMeterThread: Thread finished: Regular Callers (72 users) 2-27
2025-09-03 19:19:28,591 ERROR e.l.j.w.SingleReadWebSocketSampler: Unexpected frame type received in sampler 'Regular Caller - Read Response': Ping frame with no application data
2025-09-03 19:19:28,591 INFO o.a.j.t.JMeterThread: Thread is done: Regular Callers (72 users) 2-46
2025-09-03 19:19:28,592 INFO o.a.j.t.JMeterThread: Thread finished: Regular Callers (72 users) 2-46
2025-09-03 19:19:28,682 ERROR e.l.j.w.SingleReadWebSocketSampler: Unexpected frame type received in sampler 'Regular Caller - Read Response': Ping frame with no application data
2025-09-03 19:19:28,683 INFO o.a.j.t.JMeterThread: Thread is done: Regular Callers (72 users) 2-19
2025-09-03 19:19:28,683 INFO o.a.j.t.JMeterThread: Thread finished: Regular Callers (72 users) 2-19
2025-09-03 19:19:28,920 ERROR e.l.j.w.SingleReadWebSocketSampler: Unexpected frame type received in sampler 'Regular Caller - Read Response': Ping frame with no application data
2025-09-03 19:19:28,920 INFO o.a.j.t.JMeterThread: Thread is done: Regular Callers (72 users) 2-43
2025-09-03 19:19:28,921 INFO o.a.j.t.JMeterThread: Thread finished: Regular Callers (72 users) 2-43
2025-09-03 19:19:29,036 INFO o.a.j.t.JMeterThread: Thread is done: Regular Callers (72 users) 2-44
2025-09-03 19:19:29,036 INFO o.a.j.t.JMeterThread: Thread finished: Regular Callers (72 users) 2-44
2025-09-03 19:19:29,051 INFO o.a.j.t.JMeterThread: Thread is done: Regular Callers (72 users) 2-25
2025-09-03 19:19:29,051 INFO o.a.j.t.JMeterThread: Thread finished: Regular Callers (72 users) 2-25
2025-09-03 19:19:29,212 INFO o.a.j.t.JMeterThread: Thread is done: Regular Callers (72 users) 2-56
2025-09-03 19:19:29,212 INFO o.a.j.t.JMeterThread: Thread finished: Regular Callers (72 users) 2-56
2025-09-03 19:19:29,612 ERROR e.l.j.w.SingleReadWebSocketSampler: Unexpected frame type received in sampler 'Regular Caller - Read Response': Ping frame with no application data
2025-09-03 19:19:29,612 INFO o.a.j.t.JMeterThread: Thread is done: Regular Callers (72 users) 2-50
2025-09-03 19:19:29,612 INFO o.a.j.t.JMeterThread: Thread finished: Regular Callers (72 users) 2-50
2025-09-03 19:19:29,732 ERROR e.l.j.w.SingleReadWebSocketSampler: Unexpected frame type received in sampler 'Regular Caller - Read Response': Ping frame with no application data
2025-09-03 19:19:29,732 INFO o.a.j.t.JMeterThread: Thread is done: Regular Callers (72 users) 2-22
2025-09-03 19:19:29,732 INFO o.a.j.t.JMeterThread: Thread finished: Regular Callers (72 users) 2-22
2025-09-03 19:19:29,809 INFO o.a.j.t.JMeterThread: Thread is done: Regular Callers (72 users) 2-68
2025-09-03 19:19:29,809 INFO o.a.j.t.JMeterThread: Thread finished: Regular Callers (72 users) 2-68
2025-09-03 19:19:30,236 INFO o.a.j.r.Summariser: summary +    519 in 00:00:30 =   17.2/s Avg:   867 Min:     0 Max:  6002 Err:   125 (24.08%) Active: 28 Started: 120 Finished: 92
2025-09-03 19:19:30,238 INFO o.a.j.r.Summariser: summary =   2176 in 00:01:47 =   20.4/s Avg:   847 Min:     0 Max:  6003 Err:   416 (19.12%)
2025-09-03 19:19:30,238 INFO o.a.j.t.JMeterThread: Thread is done: Regular Callers (72 users) 2-51
2025-09-03 19:19:30,238 INFO o.a.j.t.JMeterThread: Thread finished: Regular Callers (72 users) 2-51
2025-09-03 19:19:30,369 INFO o.a.j.t.JMeterThread: Thread is done: Regular Callers (72 users) 2-63
2025-09-03 19:19:30,369 INFO o.a.j.t.JMeterThread: Thread finished: Regular Callers (72 users) 2-63
2025-09-03 19:19:30,435 INFO o.a.j.t.JMeterThread: Thread is done: Regular Callers (72 users) 2-36
2025-09-03 19:19:30,435 INFO o.a.j.t.JMeterThread: Thread finished: Regular Callers (72 users) 2-36
2025-09-03 19:19:30,560 INFO o.a.j.t.JMeterThread: Thread is done: Regular Callers (72 users) 2-11
2025-09-03 19:19:30,560 INFO o.a.j.t.JMeterThread: Thread finished: Regular Callers (72 users) 2-11
2025-09-03 19:19:30,746 ERROR e.l.j.w.SingleReadWebSocketSampler: Unexpected frame type received in sampler 'Regular Caller - Read Response': Ping frame with no application data
2025-09-03 19:19:30,746 INFO o.a.j.t.JMeterThread: Thread is done: Regular Callers (72 users) 2-34
2025-09-03 19:19:30,746 INFO o.a.j.t.JMeterThread: Thread finished: Regular Callers (72 users) 2-34
2025-09-03 19:19:31,388 INFO o.a.j.t.JMeterThread: Thread is done: Regular Callers (72 users) 2-61
2025-09-03 19:19:31,388 INFO o.a.j.t.JMeterThread: Thread finished: Regular Callers (72 users) 2-61
2025-09-03 19:19:31,459 INFO o.a.j.t.JMeterThread: Thread is done: Regular Callers (72 users) 2-55
2025-09-03 19:19:31,459 INFO o.a.j.t.JMeterThread: Thread finished: Regular Callers (72 users) 2-55
2025-09-03 19:19:31,526 ERROR e.l.j.w.SingleReadWebSocketSampler: Unexpected frame type received in sampler 'Regular Caller - Read Response': Ping frame with no application data
2025-09-03 19:19:31,526 INFO o.a.j.t.JMeterThread: Thread is done: Regular Callers (72 users) 2-62
2025-09-03 19:19:31,526 INFO o.a.j.t.JMeterThread: Thread finished: Regular Callers (72 users) 2-62
2025-09-03 19:19:31,608 INFO o.a.j.t.JMeterThread: Thread is done: Regular Callers (72 users) 2-49
2025-09-03 19:19:31,608 INFO o.a.j.t.JMeterThread: Thread finished: Regular Callers (72 users) 2-49
2025-09-03 19:19:32,002 ERROR e.l.j.w.SingleReadWebSocketSampler: Unexpected frame type received in sampler 'Regular Caller - Read Response': Ping frame with no application data
2025-09-03 19:19:32,002 INFO o.a.j.t.JMeterThread: Thread is done: Regular Callers (72 users) 2-58
2025-09-03 19:19:32,002 INFO o.a.j.t.JMeterThread: Thread finished: Regular Callers (72 users) 2-58
2025-09-03 19:19:32,536 INFO o.a.j.t.JMeterThread: Thread is done: Regular Callers (72 users) 2-40
2025-09-03 19:19:32,536 INFO o.a.j.t.JMeterThread: Thread finished: Regular Callers (72 users) 2-40
2025-09-03 19:19:33,616 ERROR e.l.j.w.SingleReadWebSocketSampler: Unexpected frame type received in sampler 'Regular Caller - Read Response': Ping frame with no application data
2025-09-03 19:19:33,616 INFO o.a.j.t.JMeterThread: Thread is done: Regular Callers (72 users) 2-69
2025-09-03 19:19:33,616 INFO o.a.j.t.JMeterThread: Thread finished: Regular Callers (72 users) 2-69
2025-09-03 19:19:33,936 ERROR e.l.j.w.SingleReadWebSocketSampler: Unexpected frame type received in sampler 'Regular Caller - Read Response': Ping frame with no application data
2025-09-03 19:19:33,936 INFO o.a.j.t.JMeterThread: Thread is done: Regular Callers (72 users) 2-23
2025-09-03 19:19:33,936 INFO o.a.j.t.JMeterThread: Thread finished: Regular Callers (72 users) 2-23
2025-09-03 19:19:34,010 INFO o.a.j.t.JMeterThread: Thread is done: Regular Callers (72 users) 2-41
2025-09-03 19:19:34,010 INFO o.a.j.t.JMeterThread: Thread finished: Regular Callers (72 users) 2-41
2025-09-03 19:19:34,518 INFO o.a.j.t.JMeterThread: Thread is done: Regular Callers (72 users) 2-57
2025-09-03 19:19:34,518 INFO o.a.j.t.JMeterThread: Thread finished: Regular Callers (72 users) 2-57
2025-09-03 19:19:34,554 INFO o.a.j.t.JMeterThread: Thread is done: Regular Callers (72 users) 2-52
2025-09-03 19:19:34,554 INFO o.a.j.t.JMeterThread: Thread finished: Regular Callers (72 users) 2-52
2025-09-03 19:19:34,789 ERROR e.l.j.w.SingleReadWebSocketSampler: Unexpected frame type received in sampler 'Regular Caller - Read Response': Ping frame with no application data
2025-09-03 19:19:34,789 INFO o.a.j.t.JMeterThread: Thread is done: Regular Callers (72 users) 2-12
2025-09-03 19:19:34,789 INFO o.a.j.t.JMeterThread: Thread finished: Regular Callers (72 users) 2-12
2025-09-03 19:19:34,797 ERROR e.l.j.w.SingleReadWebSocketSampler: Unexpected frame type received in sampler 'Regular Caller - Read Response': Ping frame with no application data
2025-09-03 19:19:34,797 INFO o.a.j.t.JMeterThread: Thread is done: Regular Callers (72 users) 2-67
2025-09-03 19:19:34,797 INFO o.a.j.t.JMeterThread: Thread finished: Regular Callers (72 users) 2-67
2025-09-03 19:19:34,956 INFO o.a.j.t.JMeterThread: Thread is done: Regular Callers (72 users) 2-42
2025-09-03 19:19:34,956 INFO o.a.j.t.JMeterThread: Thread finished: Regular Callers (72 users) 2-42
2025-09-03 19:19:34,981 INFO o.a.j.t.JMeterThread: Thread is done: Regular Callers (72 users) 2-33
2025-09-03 19:19:34,981 INFO o.a.j.t.JMeterThread: Thread finished: Regular Callers (72 users) 2-33
2025-09-03 19:19:35,336 ERROR e.l.j.w.SingleReadWebSocketSampler: Unexpected frame type received in sampler 'Regular Caller - Read Response': Ping frame with no application data
2025-09-03 19:19:35,336 INFO o.a.j.t.JMeterThread: Thread is done: Regular Callers (72 users) 2-65
2025-09-03 19:19:35,336 INFO o.a.j.t.JMeterThread: Thread finished: Regular Callers (72 users) 2-65
2025-09-03 19:19:35,755 INFO o.a.j.t.JMeterThread: Thread is done: Regular Callers (72 users) 2-71
2025-09-03 19:19:35,755 INFO o.a.j.t.JMeterThread: Thread finished: Regular Callers (72 users) 2-71
2025-09-03 19:19:37,243 ERROR e.l.j.w.SingleReadWebSocketSampler: Unexpected frame type received in sampler 'Regular Caller - Read Response': Ping frame with no application data
2025-09-03 19:19:37,243 INFO o.a.j.t.JMeterThread: Thread is done: Regular Callers (72 users) 2-47
2025-09-03 19:19:37,243 INFO o.a.j.t.JMeterThread: Thread finished: Regular Callers (72 users) 2-47
2025-09-03 19:19:38,102 INFO o.a.j.t.JMeterThread: Thread is done: Regular Callers (72 users) 2-72
2025-09-03 19:19:38,102 INFO o.a.j.t.JMeterThread: Thread finished: Regular Callers (72 users) 2-72
2025-09-03 19:19:38,106 INFO o.a.j.t.JMeterThread: Thread is done: Regular Callers (72 users) 2-64
2025-09-03 19:19:38,106 INFO o.a.j.t.JMeterThread: Thread finished: Regular Callers (72 users) 2-64
2025-09-03 19:19:38,132 INFO o.a.j.t.JMeterThread: Thread is done: Regular Callers (72 users) 2-66
2025-09-03 19:19:38,132 INFO o.a.j.t.JMeterThread: Thread finished: Regular Callers (72 users) 2-66
2025-09-03 19:19:39,281 ERROR e.l.j.w.SingleReadWebSocketSampler: Unexpected frame type received in sampler 'Regular Caller - Read Response': Ping frame with no application data
2025-09-03 19:19:39,281 INFO o.a.j.t.JMeterThread: Thread is done: Regular Callers (72 users) 2-70
2025-09-03 19:19:39,281 INFO o.a.j.t.JMeterThread: Thread finished: Regular Callers (72 users) 2-70
2025-09-03 19:19:39,625 ERROR e.l.j.w.SingleReadWebSocketSampler: Unexpected frame type received in sampler 'Regular Caller - Read Response': Ping frame with no application data
2025-09-03 19:19:39,625 INFO o.a.j.t.JMeterThread: Thread is done: Regular Callers (72 users) 2-60
2025-09-03 19:19:39,625 INFO o.a.j.t.JMeterThread: Thread finished: Regular Callers (72 users) 2-60
2025-09-03 19:19:39,625 INFO o.a.j.e.StandardJMeterEngine: Notifying test listeners of end of test
2025-09-03 19:19:39,626 INFO o.a.j.s.FileServer: Close: stress_test_users_120.csv
2025-09-03 19:19:39,633 INFO o.a.j.r.Summariser: summary +     32 in 00:00:09 =    3.4/s Avg:     0 Min:     0 Max:     2 Err:    11 (34.38%) Active: 0 Started: 120 Finished: 120
2025-09-03 19:19:39,635 INFO o.a.j.r.Summariser: summary =   2208 in 00:01:56 =   19.0/s Avg:   834 Min:     0 Max:  6003 Err:   427 (19.34%)
2025-09-03 19:19:39,635 INFO o.a.j.JMeter: Generating Dashboard
2025-09-03 19:19:39,636 INFO o.a.j.r.d.ReportGenerator: Flushing result collector before report Generation
2025-09-03 19:19:39,663 INFO o.a.j.r.p.NormalizerSampleConsumer: Using format, 'ms', to parse timeStamp field
2025-09-03 19:19:40,078 INFO o.a.j.r.p.AbstractSampleConsumer: class org.apache.jmeter.report.processor.AggregateConsumer#stopProducing(): beginDate produced 0 samples
2025-09-03 19:19:40,078 INFO o.a.j.r.p.AbstractSampleConsumer: class org.apache.jmeter.report.processor.AggregateConsumer#stopProducing(): endDate produced 0 samples
2025-09-03 19:19:40,090 INFO o.a.j.r.p.AbstractSampleConsumer: class org.apache.jmeter.report.processor.ApdexSummaryConsumer#stopProducing(): apdexSummary produced 0 samples
2025-09-03 19:19:40,091 INFO o.a.j.r.p.AbstractSampleConsumer: class org.apache.jmeter.report.processor.RequestsSummaryConsumer#stopProducing(): requestsSummary produced 0 samples
2025-09-03 19:19:40,107 INFO o.a.j.r.p.AbstractSampleConsumer: class org.apache.jmeter.report.processor.StatisticsSummaryConsumer#stopProducing(): statisticsSummary produced 0 samples
2025-09-03 19:19:40,116 INFO o.a.j.r.p.AbstractSampleConsumer: class org.apache.jmeter.report.processor.Top5ErrorsBySamplerConsumer#stopProducing(): top5ErrorsBySampler produced 0 samples
2025-09-03 19:19:40,116 INFO o.a.j.r.p.AbstractSampleConsumer: class org.apache.jmeter.report.processor.ErrorsSummaryConsumer#stopProducing(): errorsSummary produced 0 samples
2025-09-03 19:19:40,116 INFO o.a.j.r.p.AbstractSampleConsumer: class org.apache.jmeter.report.processor.graph.impl.HitsPerSecondGraphConsumer#stopProducing(): hitsPerSecond produced 0 samples
2025-09-03 19:19:40,194 INFO o.a.j.r.p.AbstractSampleConsumer: class org.apache.jmeter.report.processor.graph.impl.LatencyVSRequestGraphConsumer#stopProducing(): latencyVsRequest produced 0 samples
2025-09-03 19:19:40,196 INFO o.a.j.r.p.AbstractSampleConsumer: class org.apache.jmeter.report.processor.graph.impl.SyntheticResponseTimeDistributionGraphConsumer#stopProducing(): syntheticResponseTimeDistribution produced 0 samples
2025-09-03 19:19:40,196 INFO o.a.j.r.p.AbstractSampleConsumer: class org.apache.jmeter.report.processor.graph.impl.BytesThroughputGraphConsumer#stopProducing(): bytesThroughputOverTime produced 0 samples
2025-09-03 19:19:40,196 INFO o.a.j.r.p.AbstractSampleConsumer: class org.apache.jmeter.report.processor.graph.impl.CodesPerSecondGraphConsumer#stopProducing(): codesPerSecond produced 0 samples
2025-09-03 19:19:40,253 INFO o.a.j.r.p.AbstractSampleConsumer: class org.apache.jmeter.report.processor.graph.impl.ResponseTimeVSRequestGraphConsumer#stopProducing(): responseTimeVsRequest produced 0 samples
2025-09-03 19:19:40,256 INFO o.a.j.r.p.AbstractSampleConsumer: class org.apache.jmeter.report.processor.FilterConsumer#stopProducing(): startIntervalControlerFilter produced 15456 samples
2025-09-03 19:19:40,256 INFO o.a.j.r.p.AbstractSampleConsumer: class org.apache.jmeter.report.processor.graph.impl.TotalTPSGraphConsumer#stopProducing(): totalTPS produced 0 samples
2025-09-03 19:19:40,256 INFO o.a.j.r.p.AbstractSampleConsumer: class org.apache.jmeter.report.processor.graph.impl.ActiveThreadsGraphConsumer#stopProducing(): activeThreadsOverTime produced 0 samples
2025-09-03 19:19:40,256 INFO o.a.j.r.p.AbstractSampleConsumer: class org.apache.jmeter.report.processor.graph.impl.TimeVSThreadGraphConsumer#stopProducing(): timeVsThreads produced 0 samples
2025-09-03 19:19:40,259 INFO o.a.j.r.p.AbstractSampleConsumer: class org.apache.jmeter.report.processor.graph.impl.ResponseTimeDistributionGraphConsumer#stopProducing(): responseTimeDistribution produced 0 samples
2025-09-03 19:19:40,260 INFO o.a.j.r.p.AbstractSampleConsumer: class org.apache.jmeter.report.processor.graph.impl.TransactionsPerSecondGraphConsumer#stopProducing(): transactionsPerSecond produced 0 samples
2025-09-03 19:19:40,260 INFO o.a.j.r.p.AbstractSampleConsumer: class org.apache.jmeter.report.processor.graph.impl.ResponseTimePercentilesGraphConsumer#stopProducing(): responseTimePercentiles produced 0 samples
2025-09-03 19:19:40,265 INFO o.a.j.r.p.AbstractSampleConsumer: class org.apache.jmeter.report.processor.graph.impl.ResponseTimePercentilesOverTimeGraphConsumer#stopProducing(): responseTimePercentilesOverTime produced 0 samples
2025-09-03 19:19:40,266 INFO o.a.j.r.p.AbstractSampleConsumer: class org.apache.jmeter.report.processor.graph.impl.ResponseTimeOverTimeGraphConsumer#stopProducing(): responseTimesOverTime produced 0 samples
2025-09-03 19:19:40,267 INFO o.a.j.r.p.AbstractSampleConsumer: class org.apache.jmeter.report.processor.graph.impl.ConnectTimeOverTimeGraphConsumer#stopProducing(): connectTimeOverTime produced 0 samples
2025-09-03 19:19:40,267 INFO o.a.j.r.p.AbstractSampleConsumer: class org.apache.jmeter.report.processor.graph.impl.LatencyOverTimeGraphConsumer#stopProducing(): latenciesOverTime produced 0 samples
2025-09-03 19:19:40,267 INFO o.a.j.r.p.AbstractSampleConsumer: class org.apache.jmeter.report.processor.FilterConsumer#stopProducing(): nameFilter produced 33120 samples
2025-09-03 19:19:40,267 INFO o.a.j.r.p.AbstractSampleConsumer: class org.apache.jmeter.report.processor.FilterConsumer#stopProducing(): dateRangeFilter produced 6624 samples
2025-09-03 19:19:40,267 INFO o.a.j.r.p.AbstractSampleConsumer: class org.apache.jmeter.report.processor.NormalizerSampleConsumer#stopProducing(): normalizer produced 2208 samples
2025-09-03 19:19:40,269 INFO o.a.j.r.p.CsvFileSampleSource: produce(): 2208 samples produced in 557ms on channel 0
2025-09-03 19:19:40,269 INFO o.a.j.r.d.ReportGenerator: Exporting data using exporter:'json' of className:'org.apache.jmeter.report.dashboard.JsonExporter'
2025-09-03 19:19:40,498 INFO o.a.j.r.d.JsonExporter: Found data for consumer statisticsSummaryin context
2025-09-03 19:19:40,499 INFO o.a.j.r.d.JsonExporter: Creating statistics for overall
2025-09-03 19:19:40,500 INFO o.a.j.r.d.JsonExporter: Creating statistics for other transactions
2025-09-03 19:19:40,500 INFO o.a.j.r.d.JsonExporter: Checking output folder
2025-09-03 19:19:40,501 INFO o.a.j.r.d.JsonExporter: Writing statistics JSON to D:\JMETER_TESTING\BUZZ_APP_STRESS_TEST\results\call_storm_report_20250309_191740\statistics.json
2025-09-03 19:19:40,569 INFO o.a.j.r.d.ReportGenerator: Exporting data using exporter:'html' of className:'org.apache.jmeter.report.dashboard.HtmlTemplateExporter'
2025-09-03 19:19:40,573 INFO o.a.j.r.d.HtmlTemplateExporter: Will generate dashboard in folder: D:\JMETER_TESTING\BUZZ_APP_STRESS_TEST\results\call_storm_report_20250309_191740
2025-09-03 19:19:40,894 INFO o.a.j.r.d.HtmlTemplateExporter: Report will be generated in: D:\JMETER_TESTING\BUZZ_APP_STRESS_TEST\results\call_storm_report_20250309_191740, creating folder structure
2025-09-03 19:19:40,898 INFO o.a.j.r.d.TemplateVisitor: Copying folder from 'C:\Program Files\apache-jmeter-5.6.3\bin\report-template' to 'D:\JMETER_TESTING\BUZZ_APP_STRESS_TEST\results\call_storm_report_20250309_191740', got message: D:\JMETER_TESTING\BUZZ_APP_STRESS_TEST\results\call_storm_report_20250309_191740, found non empty folder with following content [D:\JMETER_TESTING\BUZZ_APP_STRESS_TEST\results\call_storm_report_20250309_191740\statistics.json], will be ignored
2025-09-03 19:19:41,367 INFO o.a.j.JMeter: Dashboard generated
